#
# There is insufficient memory for the Java Runtime Environment to continue.
# Native memory allocation (malloc) failed to allocate 474176 bytes for Chunk::new
# Possible reasons:
#   The system is out of physical RAM or swap space
#   The process is running with CompressedOops enabled, and the Java Heap may be blocking the growth of the native heap
# Possible solutions:
#   Reduce memory load on the system
#   Increase physical memory or swap space
#   Check if swap backing store is full
#   Decrease Java heap size (-Xmx/-Xms)
#   Decrease number of Java threads
#   Decrease Java thread stack sizes (-Xss)
#   Set larger code cache with -XX:ReservedCodeCacheSize=
#   JVM is running with Unscaled Compressed Oops mode in which the Java heap is
#     placed in the first 4GB address space. The Java Heap base address is the
#     maximum limit for the native heap growth. Please use -XX:HeapBaseMinAddress
#     to set the Java Heap base and to place the Java Heap above 4GB virtual address.
# This output file may be truncated or incomplete.
#
#  Out of Memory Error (arena.cpp:189), pid=17544, tid=11296
#
# JRE version: OpenJDK Runtime Environment Temurin-17.0.5+8 (17.0.5+8) (build 17.0.5+8)
# Java VM: OpenJDK 64-Bit Server VM Temurin-17.0.5+8 (17.0.5+8, mixed mode, tiered, compressed oops, compressed class ptrs, parallel gc, windows-amd64)
# No core dump will be written. Minidumps are not enabled by default on client versions of Windows
#

---------------  S U M M A R Y ------------

Command Line: --add-modules=ALL-SYSTEM --add-opens=java.base/java.util=ALL-UNNAMED --add-opens=java.base/java.lang=ALL-UNNAMED --add-opens=java.base/sun.nio.fs=ALL-UNNAMED -Declipse.application=org.eclipse.jdt.ls.core.id1 -Dosgi.bundles.defaultStartLevel=4 -Declipse.product=org.eclipse.jdt.ls.core.product -Djava.import.generatesMetadataFilesAtProjectRoot=false -Dfile.encoding=utf8 -XX:+UseParallelGC -XX:GCTimeRatio=4 -XX:AdaptiveSizePolicyWeight=90 -Dsun.zip.disableMemoryMapping=true -Xmx1G -Xms100m -Xlog:disable -javaagent:c:\Users\HP\.vscode\extensions\redhat.java-1.13.0-win32-x64\lombok\lombok-1.18.24.jar c:\Users\HP\.vscode\extensions\redhat.java-1.13.0-win32-x64\server\plugins\org.eclipse.equinox.launcher_1.6.400.v20210924-0641.jar -configuration c:\Users\HP\AppData\Roaming\Code\User\globalStorage\redhat.java\1.13.0\config_ss_win -data c:\Users\HP\AppData\Roaming\Code\User\workspaceStorage\608b3c274ff3b896718daa56abc7d508\redhat.java\ss_ws

Host: Intel(R) Core(TM) i3-1005G1 CPU @ 1.20GHz, 4 cores, 3G,  Windows 10 , 64 bit Build 19041 (10.0.19041.2364)
Time: Thu Jan 19 23:37:04 2023 India Standard Time elapsed time: 6.400866 seconds (0d 0h 0m 6s)

---------------  T H R E A D  ---------------

Current thread (0x0000021fff4c3a80):  JavaThread "C2 CompilerThread0" daemon [_thread_in_native, id=11296, stack(0x00000098a5600000,0x00000098a5700000)]


Current CompileTask:
C2:   6401 2205       4       org.objectweb.asm.ClassReader::readMethod (1066 bytes)

Stack: [0x00000098a5600000,0x00000098a5700000]
Native frames: (J=compiled Java code, j=interpreted, Vv=VM code, C=native code)
V  [jvm.dll+0x676b3a]
V  [jvm.dll+0x831444]
V  [jvm.dll+0x832bee]
V  [jvm.dll+0x833253]
V  [jvm.dll+0x244ce5]
V  [jvm.dll+0xabbac]
V  [jvm.dll+0xac17c]
V  [jvm.dll+0x2abd2f]
V  [jvm.dll+0x57d517]
V  [jvm.dll+0x21fd72]
V  [jvm.dll+0x21920f]
V  [jvm.dll+0x216e6b]
V  [jvm.dll+0x1a343d]
V  [jvm.dll+0x22698a]
V  [jvm.dll+0x224ac5]
V  [jvm.dll+0x7e727b]
V  [jvm.dll+0x7e17ea]
V  [jvm.dll+0x6759e5]
C  [ucrtbase.dll+0x21bb2]
C  [KERNEL32.DLL+0x17614]
C  [ntdll.dll+0x526a1]


---------------  P R O C E S S  ---------------

Threads class SMR info:
_java_thread_list=0x0000021f8304ee20, length=20, elements={
0x0000021feb6696c0, 0x0000021feb7246d0, 0x0000021feb727000, 0x0000021fff4b2270,
0x0000021fff4b2e20, 0x0000021fff4b6080, 0x0000021fff4b7310, 0x0000021fff4c3a80,
0x0000021fff4c4cc0, 0x0000021fff4ce620, 0x0000021f8194c420, 0x0000021f81c0a9a0,
0x0000021f8232a030, 0x0000021f830008c0, 0x0000021f821279e0, 0x0000021f823bf200,
0x0000021f824a20c0, 0x0000021f8307d850, 0x0000021f832206f0, 0x0000021f83221090
}

Java Threads: ( => current thread )
  0x0000021feb6696c0 JavaThread "main" [_thread_blocked, id=16472, stack(0x00000098a4d00000,0x00000098a4e00000)]
  0x0000021feb7246d0 JavaThread "Reference Handler" daemon [_thread_blocked, id=14928, stack(0x00000098a5000000,0x00000098a5100000)]
  0x0000021feb727000 JavaThread "Finalizer" daemon [_thread_blocked, id=564, stack(0x00000098a5100000,0x00000098a5200000)]
  0x0000021fff4b2270 JavaThread "Signal Dispatcher" daemon [_thread_blocked, id=12364, stack(0x00000098a5200000,0x00000098a5300000)]
  0x0000021fff4b2e20 JavaThread "Attach Listener" daemon [_thread_blocked, id=20008, stack(0x00000098a5300000,0x00000098a5400000)]
  0x0000021fff4b6080 JavaThread "Service Thread" daemon [_thread_blocked, id=9648, stack(0x00000098a5400000,0x00000098a5500000)]
  0x0000021fff4b7310 JavaThread "Monitor Deflation Thread" daemon [_thread_blocked, id=20892, stack(0x00000098a5500000,0x00000098a5600000)]
=>0x0000021fff4c3a80 JavaThread "C2 CompilerThread0" daemon [_thread_in_native, id=11296, stack(0x00000098a5600000,0x00000098a5700000)]
  0x0000021fff4c4cc0 JavaThread "C1 CompilerThread0" daemon [_thread_in_native, id=16608, stack(0x00000098a5700000,0x00000098a5800000)]
  0x0000021fff4ce620 JavaThread "Sweeper thread" daemon [_thread_blocked, id=3908, stack(0x00000098a5800000,0x00000098a5900000)]
  0x0000021f8194c420 JavaThread "Common-Cleaner" daemon [_thread_blocked, id=10656, stack(0x00000098a5900000,0x00000098a5a00000)]
  0x0000021f81c0a9a0 JavaThread "Notification Thread" daemon [_thread_blocked, id=17684, stack(0x00000098a5a00000,0x00000098a5b00000)]
  0x0000021f8232a030 JavaThread "Active Thread: Equinox Container: 9e7760cd-745d-48fb-9a34-6555a7640708" [_thread_blocked, id=20776, stack(0x00000098a5f00000,0x00000098a6000000)]
  0x0000021f830008c0 JavaThread "Framework Event Dispatcher: Equinox Container: 9e7760cd-745d-48fb-9a34-6555a7640708" daemon [_thread_blocked, id=7724, stack(0x00000098a6000000,0x00000098a6100000)]
  0x0000021f821279e0 JavaThread "Start Level: Equinox Container: 9e7760cd-745d-48fb-9a34-6555a7640708" daemon [_thread_in_Java, id=22136, stack(0x00000098a6100000,0x00000098a6200000)]
  0x0000021f823bf200 JavaThread "SCR Component Actor" daemon [_thread_blocked, id=10464, stack(0x00000098a6200000,0x00000098a6300000)]
  0x0000021f824a20c0 JavaThread "SCR Component Registry" daemon [_thread_blocked, id=20912, stack(0x00000098a6300000,0x00000098a6400000)]
  0x0000021f8307d850 JavaThread "Worker-JM" [_thread_blocked, id=21628, stack(0x00000098a6400000,0x00000098a6500000)]
  0x0000021f832206f0 JavaThread "Worker-0" [_thread_blocked, id=19504, stack(0x00000098a6500000,0x00000098a6600000)]
  0x0000021f83221090 JavaThread "Worker-1: Processing Java changes since last activation" [_thread_in_Java, id=1904, stack(0x00000098a6600000,0x00000098a6700000)]

Other Threads:
  0x0000021fff47cc40 VMThread "VM Thread" [stack: 0x00000098a4f00000,0x00000098a5000000] [id=10340]
  0x0000021f81bfcd10 WatcherThread [stack: 0x00000098a5b00000,0x00000098a5c00000] [id=21412]
  0x0000021feb67f900 GCTaskThread "GC Thread#0" [stack: 0x00000098a4e00000,0x00000098a4f00000] [id=17156]
  0x0000021f8230dcb0 GCTaskThread "GC Thread#1" [stack: 0x00000098a5c00000,0x00000098a5d00000] [id=15220]
  0x0000021f8230e370 GCTaskThread "GC Thread#2" [stack: 0x00000098a5d00000,0x00000098a5e00000] [id=21624]
  0x0000021f8230e620 GCTaskThread "GC Thread#3" [stack: 0x00000098a5e00000,0x00000098a5f00000] [id=21420]

Threads with active compile tasks:
C2 CompilerThread0     6473 2205       4       org.objectweb.asm.ClassReader::readMethod (1066 bytes)

VM state: not at safepoint (normal execution)

VM Mutex/Monitor currently owned by a thread: None

Heap address: 0x00000000c0000000, size: 1024 MB, Compressed Oops mode: 32-bit

CDS archive(s) not mapped
Compressed class space mapped at: 0x0000000100000000-0x0000000140000000, reserved size: 1073741824
Narrow klass base: 0x0000000000000000, Narrow klass shift: 3, Narrow klass range: 0x140000000

GC Precious Log:
 CPUs: 4 total, 4 available
 Memory: 3877M
 Large Page Support: Disabled
 NUMA Support: Disabled
 Compressed Oops: Enabled (32-bit)
 Alignments: Space 512K, Generation 512K, Heap 2M
 Heap Min Capacity: 100M
 Heap Initial Capacity: 100M
 Heap Max Capacity: 1G
 Pre-touch: Disabled
 Parallel Workers: 4

Heap:
 PSYoungGen      total 25600K, used 18205K [0x00000000eab00000, 0x00000000ec880000, 0x0000000100000000)
  eden space 25088K, 71% used [0x00000000eab00000,0x00000000ebc87600,0x00000000ec380000)
  from space 512K, 50% used [0x00000000ec400000,0x00000000ec440000,0x00000000ec480000)
  to   space 2048K, 0% used [0x00000000ec680000,0x00000000ec680000,0x00000000ec880000)
 ParOldGen       total 68608K, used 7266K [0x00000000c0000000, 0x00000000c4300000, 0x00000000eab00000)
  object space 68608K, 10% used [0x00000000c0000000,0x00000000c07189b8,0x00000000c4300000)
 Metaspace       used 26090K, committed 26432K, reserved 1073152K
  class space    used 2518K, committed 2688K, reserved 1048576K

Card table byte_map: [0x0000021feb010000,0x0000021feb220000] _byte_map_base: 0x0000021feaa10000

Marking Bits: (ParMarkBitMap*) 0x00007ffd74210dd0
 Begin Bits: [0x0000021ffd2f0000, 0x0000021ffe2f0000)
 End Bits:   [0x0000021ffe2f0000, 0x0000021fff2f0000)

Polling page: 0x0000021fe95c0000

Metaspace:

Usage:
  Non-class:     23.02 MB used.
      Class:      2.46 MB used.
       Both:     25.48 MB used.

Virtual space:
  Non-class space:       24.00 MB reserved,      23.19 MB ( 97%) committed,  3 nodes.
      Class space:        1.00 GB reserved,       2.62 MB ( <1%) committed,  1 nodes.
             Both:        1.02 GB reserved,      25.81 MB (  2%) committed. 

Chunk freelists:
   Non-Class:  816.00 KB
       Class:  1.40 MB
        Both:  2.20 MB

MaxMetaspaceSize: unlimited
CompressedClassSpaceSize: 1.00 GB
Initial GC threshold: 21.00 MB
Current GC threshold: 35.00 MB
CDS: off
MetaspaceReclaimPolicy: balanced
 - commit_granule_bytes: 65536.
 - commit_granule_words: 8192.
 - virtual_space_node_default_size: 1048576.
 - enlarge_chunks_in_place: 1.
 - new_chunks_are_fully_committed: 0.
 - uncommit_free_chunks: 1.
 - use_allocation_guard: 0.
 - handle_deallocations: 1.


Internal statistics:

num_allocs_failed_limit: 3.
num_arena_births: 168.
num_arena_deaths: 14.
num_vsnodes_births: 4.
num_vsnodes_deaths: 0.
num_space_committed: 414.
num_space_uncommitted: 0.
num_chunks_returned_to_freelist: 17.
num_chunks_taken_from_freelist: 805.
num_chunk_merges: 7.
num_chunk_splits: 562.
num_chunks_enlarged: 430.
num_purges: 2.
num_inconsistent_stats: 0.

CodeHeap 'non-profiled nmethods': size=120000Kb used=861Kb max_used=861Kb free=119138Kb
 bounds [0x0000021ff5dc0000, 0x0000021ff6030000, 0x0000021ffd2f0000]
CodeHeap 'profiled nmethods': size=120000Kb used=4581Kb max_used=4581Kb free=115419Kb
 bounds [0x0000021fee890000, 0x0000021feed10000, 0x0000021ff5dc0000]
CodeHeap 'non-nmethods': size=5760Kb used=1237Kb max_used=1250Kb free=4522Kb
 bounds [0x0000021fee2f0000, 0x0000021fee560000, 0x0000021fee890000]
 total_blobs=2787 nmethods=2253 adapters=448
 compilation: enabled
              stopped_count=0, restarted_count=0
 full_count=0

Compilation events (20 events):
Event: 6.359 Thread 0x0000021fff4c4cc0 2200       3       org.objectweb.asm.ClassReader::readLong (29 bytes)
Event: 6.359 Thread 0x0000021fff4c4cc0 nmethod 2200 0x0000021feecdf990 code [0x0000021feecdfb40, 0x0000021feecdfcf8]
Event: 6.360 Thread 0x0000021fff4c4cc0 2201       3       java.util.regex.Matcher::match (154 bytes)
Event: 6.360 Thread 0x0000021fff4c3a80 2205       4       org.objectweb.asm.ClassReader::readMethod (1066 bytes)
Event: 6.360 Thread 0x0000021fff4c4cc0 nmethod 2201 0x0000021feecdfe10 code [0x0000021feece0000, 0x0000021feece05c8]
Event: 6.360 Thread 0x0000021fff4c4cc0 2204       3       org.objectweb.asm.MethodVisitor::visitLineNumber (17 bytes)
Event: 6.360 Thread 0x0000021fff4c4cc0 nmethod 2204 0x0000021feece0810 code [0x0000021feece09c0, 0x0000021feece0bc8]
Event: 6.360 Thread 0x0000021fff4c4cc0 2203       3       org.objectweb.asm.ClassReader::createLabel (21 bytes)
Event: 6.361 Thread 0x0000021fff4c4cc0 nmethod 2203 0x0000021feece0c90 code [0x0000021feece0e60, 0x0000021feece1298]
Event: 6.361 Thread 0x0000021fff4c4cc0 2202       3       java.util.regex.Pattern$BranchConn::match (11 bytes)
Event: 6.361 Thread 0x0000021fff4c4cc0 nmethod 2202 0x0000021feece1490 code [0x0000021feece1640, 0x0000021feece1808]
Event: 6.366 Thread 0x0000021fff4c4cc0 2207       3       org.objectweb.asm.SymbolTable::put (150 bytes)
Event: 6.366 Thread 0x0000021fff4c4cc0 nmethod 2207 0x0000021feece1910 code [0x0000021feece1ae0, 0x0000021feece21f8]
Event: 6.370 Thread 0x0000021fff4c4cc0 2208 %     3       org.objectweb.asm.ClassReader::<init> @ 110 (371 bytes)
Event: 6.371 Thread 0x0000021fff4c4cc0 nmethod 2208% 0x0000021feece2510 code [0x0000021feece2800, 0x0000021feece3b58]
Event: 6.371 Thread 0x0000021fff4c4cc0 2209       3       org.objectweb.asm.SymbolTable::hash (14 bytes)
Event: 6.372 Thread 0x0000021fff4c4cc0 nmethod 2209 0x0000021feece4110 code [0x0000021feece42a0, 0x0000021feece4398]
Event: 6.391 Thread 0x0000021fff4c4cc0 2211       3       org.objectweb.asm.ClassReader::<init> (371 bytes)
Event: 6.393 Thread 0x0000021fff4c4cc0 nmethod 2211 0x0000021feece4410 code [0x0000021feece46e0, 0x0000021feece5898]
Event: 6.393 Thread 0x0000021fff4c4cc0 2212 %     3       org.objectweb.asm.SymbolTable::<init> @ 98 (536 bytes)

GC Heap History (12 events):
Event: 2.575 GC heap before
{Heap before GC invocations=1 (full 0):
 PSYoungGen      total 29696K, used 25600K [0x00000000eab00000, 0x00000000ecc00000, 0x0000000100000000)
  eden space 25600K, 100% used [0x00000000eab00000,0x00000000ec400000,0x00000000ec400000)
  from space 4096K, 0% used [0x00000000ec800000,0x00000000ec800000,0x00000000ecc00000)
  to   space 4096K, 0% used [0x00000000ec400000,0x00000000ec400000,0x00000000ec800000)
 ParOldGen       total 68608K, used 0K [0x00000000c0000000, 0x00000000c4300000, 0x00000000eab00000)
  object space 68608K, 0% used [0x00000000c0000000,0x00000000c0000000,0x00000000c4300000)
 Metaspace       used 10976K, committed 11200K, reserved 1064960K
  class space    used 1089K, committed 1216K, reserved 1048576K
}
Event: 2.590 GC heap after
{Heap after GC invocations=1 (full 0):
 PSYoungGen      total 29696K, used 3720K [0x00000000eab00000, 0x00000000ecc00000, 0x0000000100000000)
  eden space 25600K, 0% used [0x00000000eab00000,0x00000000eab00000,0x00000000ec400000)
  from space 4096K, 90% used [0x00000000ec400000,0x00000000ec7a2208,0x00000000ec800000)
  to   space 4096K, 0% used [0x00000000ec800000,0x00000000ec800000,0x00000000ecc00000)
 ParOldGen       total 68608K, used 16K [0x00000000c0000000, 0x00000000c4300000, 0x00000000eab00000)
  object space 68608K, 0% used [0x00000000c0000000,0x00000000c0004000,0x00000000c4300000)
 Metaspace       used 10976K, committed 11200K, reserved 1064960K
  class space    used 1089K, committed 1216K, reserved 1048576K
}
Event: 4.660 GC heap before
{Heap before GC invocations=2 (full 0):
 PSYoungGen      total 29696K, used 29320K [0x00000000eab00000, 0x00000000ecc00000, 0x0000000100000000)
  eden space 25600K, 100% used [0x00000000eab00000,0x00000000ec400000,0x00000000ec400000)
  from space 4096K, 90% used [0x00000000ec400000,0x00000000ec7a2208,0x00000000ec800000)
  to   space 4096K, 0% used [0x00000000ec800000,0x00000000ec800000,0x00000000ecc00000)
 ParOldGen       total 68608K, used 16K [0x00000000c0000000, 0x00000000c4300000, 0x00000000eab00000)
  object space 68608K, 0% used [0x00000000c0000000,0x00000000c0004000,0x00000000c4300000)
 Metaspace       used 15259K, committed 15616K, reserved 1064960K
  class space    used 1549K, committed 1728K, reserved 1048576K
}
Event: 4.666 GC heap after
{Heap after GC invocations=2 (full 0):
 PSYoungGen      total 29696K, used 4071K [0x00000000eab00000, 0x00000000ecc00000, 0x0000000100000000)
  eden space 25600K, 0% used [0x00000000eab00000,0x00000000eab00000,0x00000000ec400000)
  from space 4096K, 99% used [0x00000000ec800000,0x00000000ecbf9ed8,0x00000000ecc00000)
  to   space 4096K, 0% used [0x00000000ec400000,0x00000000ec400000,0x00000000ec800000)
 ParOldGen       total 68608K, used 1303K [0x00000000c0000000, 0x00000000c4300000, 0x00000000eab00000)
  object space 68608K, 1% used [0x00000000c0000000,0x00000000c0145e68,0x00000000c4300000)
 Metaspace       used 15259K, committed 15616K, reserved 1064960K
  class space    used 1549K, committed 1728K, reserved 1048576K
}
Event: 5.924 GC heap before
{Heap before GC invocations=3 (full 0):
 PSYoungGen      total 29696K, used 29671K [0x00000000eab00000, 0x00000000ecc00000, 0x0000000100000000)
  eden space 25600K, 100% used [0x00000000eab00000,0x00000000ec400000,0x00000000ec400000)
  from space 4096K, 99% used [0x00000000ec800000,0x00000000ecbf9ed8,0x00000000ecc00000)
  to   space 4096K, 0% used [0x00000000ec400000,0x00000000ec400000,0x00000000ec800000)
 ParOldGen       total 68608K, used 1303K [0x00000000c0000000, 0x00000000c4300000, 0x00000000eab00000)
  object space 68608K, 1% used [0x00000000c0000000,0x00000000c0145e68,0x00000000c4300000)
 Metaspace       used 20386K, committed 20736K, reserved 1073152K
  class space    used 2084K, committed 2240K, reserved 1048576K
}
Event: 5.930 GC heap after
{Heap after GC invocations=3 (full 0):
 PSYoungGen      total 29696K, used 4073K [0x00000000eab00000, 0x00000000ecc00000, 0x0000000100000000)
  eden space 25600K, 0% used [0x00000000eab00000,0x00000000eab00000,0x00000000ec400000)
  from space 4096K, 99% used [0x00000000ec400000,0x00000000ec7fa4c8,0x00000000ec800000)
  to   space 4096K, 0% used [0x00000000ec800000,0x00000000ec800000,0x00000000ecc00000)
 ParOldGen       total 68608K, used 3185K [0x00000000c0000000, 0x00000000c4300000, 0x00000000eab00000)
  object space 68608K, 4% used [0x00000000c0000000,0x00000000c031c480,0x00000000c4300000)
 Metaspace       used 20386K, committed 20736K, reserved 1073152K
  class space    used 2084K, committed 2240K, reserved 1048576K
}
Event: 5.995 GC heap before
{Heap before GC invocations=4 (full 0):
 PSYoungGen      total 29696K, used 8578K [0x00000000eab00000, 0x00000000ecc00000, 0x0000000100000000)
  eden space 25600K, 17% used [0x00000000eab00000,0x00000000eaf66590,0x00000000ec400000)
  from space 4096K, 99% used [0x00000000ec400000,0x00000000ec7fa4c8,0x00000000ec800000)
  to   space 4096K, 0% used [0x00000000ec800000,0x00000000ec800000,0x00000000ecc00000)
 ParOldGen       total 68608K, used 3185K [0x00000000c0000000, 0x00000000c4300000, 0x00000000eab00000)
  object space 68608K, 4% used [0x00000000c0000000,0x00000000c031c480,0x00000000c4300000)
 Metaspace       used 21130K, committed 21504K, reserved 1073152K
  class space    used 2153K, committed 2304K, reserved 1048576K
}
Event: 5.999 GC heap after
{Heap after GC invocations=4 (full 0):
 PSYoungGen      total 29696K, used 4086K [0x00000000eab00000, 0x00000000ecc00000, 0x0000000100000000)
  eden space 25600K, 0% used [0x00000000eab00000,0x00000000eab00000,0x00000000ec400000)
  from space 4096K, 99% used [0x00000000ec800000,0x00000000ecbfd8d8,0x00000000ecc00000)
  to   space 4096K, 0% used [0x00000000ec400000,0x00000000ec400000,0x00000000ec800000)
 ParOldGen       total 68608K, used 3305K [0x00000000c0000000, 0x00000000c4300000, 0x00000000eab00000)
  object space 68608K, 4% used [0x00000000c0000000,0x00000000c033a490,0x00000000c4300000)
 Metaspace       used 21130K, committed 21504K, reserved 1073152K
  class space    used 2153K, committed 2304K, reserved 1048576K
}
Event: 5.999 GC heap before
{Heap before GC invocations=5 (full 1):
 PSYoungGen      total 29696K, used 4086K [0x00000000eab00000, 0x00000000ecc00000, 0x0000000100000000)
  eden space 25600K, 0% used [0x00000000eab00000,0x00000000eab00000,0x00000000ec400000)
  from space 4096K, 99% used [0x00000000ec800000,0x00000000ecbfd8d8,0x00000000ecc00000)
  to   space 4096K, 0% used [0x00000000ec400000,0x00000000ec400000,0x00000000ec800000)
 ParOldGen       total 68608K, used 3305K [0x00000000c0000000, 0x00000000c4300000, 0x00000000eab00000)
  object space 68608K, 4% used [0x00000000c0000000,0x00000000c033a490,0x00000000c4300000)
 Metaspace       used 21130K, committed 21504K, reserved 1073152K
  class space    used 2153K, committed 2304K, reserved 1048576K
}
Event: 6.030 GC heap after
{Heap after GC invocations=5 (full 1):
 PSYoungGen      total 29696K, used 0K [0x00000000eab00000, 0x00000000ecc00000, 0x0000000100000000)
  eden space 25600K, 0% used [0x00000000eab00000,0x00000000eab00000,0x00000000ec400000)
  from space 4096K, 0% used [0x00000000ec800000,0x00000000ec800000,0x00000000ecc00000)
  to   space 4096K, 0% used [0x00000000ec400000,0x00000000ec400000,0x00000000ec800000)
 ParOldGen       total 68608K, used 7258K [0x00000000c0000000, 0x00000000c4300000, 0x00000000eab00000)
  object space 68608K, 10% used [0x00000000c0000000,0x00000000c07169b8,0x00000000c4300000)
 Metaspace       used 21117K, committed 21504K, reserved 1073152K
  class space    used 2150K, committed 2304K, reserved 1048576K
}
Event: 6.346 GC heap before
{Heap before GC invocations=6 (full 1):
 PSYoungGen      total 29696K, used 25600K [0x00000000eab00000, 0x00000000ecc00000, 0x0000000100000000)
  eden space 25600K, 100% used [0x00000000eab00000,0x00000000ec400000,0x00000000ec400000)
  from space 4096K, 0% used [0x00000000ec800000,0x00000000ec800000,0x00000000ecc00000)
  to   space 4096K, 0% used [0x00000000ec400000,0x00000000ec400000,0x00000000ec800000)
 ParOldGen       total 68608K, used 7258K [0x00000000c0000000, 0x00000000c4300000, 0x00000000eab00000)
  object space 68608K, 10% used [0x00000000c0000000,0x00000000c07169b8,0x00000000c4300000)
 Metaspace       used 24764K, committed 25216K, reserved 1073152K
  class space    used 2431K, committed 2624K, reserved 1048576K
}
Event: 6.347 GC heap after
{Heap after GC invocations=6 (full 1):
 PSYoungGen      total 25600K, used 256K [0x00000000eab00000, 0x00000000ec880000, 0x0000000100000000)
  eden space 25088K, 0% used [0x00000000eab00000,0x00000000eab00000,0x00000000ec380000)
  from space 512K, 50% used [0x00000000ec400000,0x00000000ec440000,0x00000000ec480000)
  to   space 2048K, 0% used [0x00000000ec680000,0x00000000ec680000,0x00000000ec880000)
 ParOldGen       total 68608K, used 7266K [0x00000000c0000000, 0x00000000c4300000, 0x00000000eab00000)
  object space 68608K, 10% used [0x00000000c0000000,0x00000000c07189b8,0x00000000c4300000)
 Metaspace       used 24764K, committed 25216K, reserved 1073152K
  class space    used 2431K, committed 2624K, reserved 1048576K
}

Dll operation events (11 events):
Event: 0.030 Loaded shared library c:\Users\HP\.vscode\extensions\redhat.java-1.13.0-win32-x64\jre\17.0.5-win32-x86_64\bin\java.dll
Event: 0.373 Loaded shared library c:\Users\HP\.vscode\extensions\redhat.java-1.13.0-win32-x64\jre\17.0.5-win32-x86_64\bin\zip.dll
Event: 0.385 Loaded shared library C:\Users\HP\.vscode\extensions\redhat.java-1.13.0-win32-x64\jre\17.0.5-win32-x86_64\bin\instrument.dll
Event: 0.413 Loaded shared library C:\Users\HP\.vscode\extensions\redhat.java-1.13.0-win32-x64\jre\17.0.5-win32-x86_64\bin\net.dll
Event: 0.428 Loaded shared library C:\Users\HP\.vscode\extensions\redhat.java-1.13.0-win32-x64\jre\17.0.5-win32-x86_64\bin\nio.dll
Event: 0.458 Loaded shared library C:\Users\HP\.vscode\extensions\redhat.java-1.13.0-win32-x64\jre\17.0.5-win32-x86_64\bin\zip.dll
Event: 0.591 Loaded shared library C:\Users\HP\.vscode\extensions\redhat.java-1.13.0-win32-x64\jre\17.0.5-win32-x86_64\bin\jimage.dll
Event: 0.960 Loaded shared library c:\Users\HP\.vscode\extensions\redhat.java-1.13.0-win32-x64\jre\17.0.5-win32-x86_64\bin\verify.dll
Event: 4.376 Loaded shared library C:\Users\HP\AppData\Roaming\Code\User\globalStorage\redhat.java\1.13.0\config_ss_win\org.eclipse.equinox.launcher\org.eclipse.equinox.launcher.win32.win32.x86_64_1.2.600.v20220720-1916\eclipse_11700.dll
Event: 5.753 Loaded shared library C:\Users\HP\.vscode\extensions\redhat.java-1.13.0-win32-x64\jre\17.0.5-win32-x86_64\bin\management.dll
Event: 5.766 Loaded shared library C:\Users\HP\.vscode\extensions\redhat.java-1.13.0-win32-x64\jre\17.0.5-win32-x86_64\bin\management_ext.dll

Deoptimization events (20 events):
Event: 5.335 Thread 0x0000021f821279e0 Uncommon trap: trap_request=0xffffff45 fr.pc=0x0000021ff5dd7630 relative=0x0000000000000390
Event: 5.335 Thread 0x0000021f821279e0 Uncommon trap: reason=unstable_if action=reinterpret pc=0x0000021ff5dd7630 method=java.lang.StringLatin1.canEncode(I)Z @ 4 c2
Event: 5.335 Thread 0x0000021f821279e0 DEOPT PACKING pc=0x0000021ff5dd7630 sp=0x00000098a61f4250
Event: 5.335 Thread 0x0000021f821279e0 DEOPT UNPACKING pc=0x0000021fee3458a3 sp=0x00000098a61f4178 mode 2
Event: 5.336 Thread 0x0000021f821279e0 Uncommon trap: trap_request=0xffffff45 fr.pc=0x0000021ff5dfa094 relative=0x0000000000000374
Event: 5.336 Thread 0x0000021f821279e0 Uncommon trap: reason=unstable_if action=reinterpret pc=0x0000021ff5dfa094 method=java.lang.AbstractStringBuilder.isLatin1()Z @ 10 c2
Event: 5.336 Thread 0x0000021f821279e0 DEOPT PACKING pc=0x0000021ff5dfa094 sp=0x00000098a61f4270
Event: 5.336 Thread 0x0000021f821279e0 DEOPT UNPACKING pc=0x0000021fee3458a3 sp=0x00000098a61f41f0 mode 2
Event: 5.336 Thread 0x0000021f821279e0 Uncommon trap: trap_request=0xffffff45 fr.pc=0x0000021ff5e6735c relative=0x000000000000005c
Event: 5.336 Thread 0x0000021f821279e0 Uncommon trap: reason=unstable_if action=reinterpret pc=0x0000021ff5e6735c method=java.lang.AbstractStringBuilder.isLatin1()Z @ 10 c2
Event: 5.336 Thread 0x0000021f821279e0 DEOPT PACKING pc=0x0000021ff5e6735c sp=0x00000098a61f4250
Event: 5.336 Thread 0x0000021f821279e0 DEOPT UNPACKING pc=0x0000021fee3458a3 sp=0x00000098a61f41e0 mode 2
Event: 5.345 Thread 0x0000021f821279e0 Uncommon trap: trap_request=0xffffff45 fr.pc=0x0000021ff5de68c8 relative=0x0000000000000048
Event: 5.345 Thread 0x0000021f821279e0 Uncommon trap: reason=unstable_if action=reinterpret pc=0x0000021ff5de68c8 method=java.lang.CharacterData.of(I)Ljava/lang/CharacterData; @ 4 c2
Event: 5.345 Thread 0x0000021f821279e0 DEOPT PACKING pc=0x0000021ff5de68c8 sp=0x00000098a61f3a20
Event: 5.345 Thread 0x0000021f821279e0 DEOPT UNPACKING pc=0x0000021fee3458a3 sp=0x00000098a61f39b8 mode 2
Event: 5.772 Thread 0x0000021f821279e0 Uncommon trap: trap_request=0xffffff45 fr.pc=0x0000021ff5e45a80 relative=0x00000000000009c0
Event: 5.772 Thread 0x0000021f821279e0 Uncommon trap: reason=unstable_if action=reinterpret pc=0x0000021ff5e45a80 method=java.util.HashMap.putVal(ILjava/lang/Object;Ljava/lang/Object;ZZ)Ljava/lang/Object; @ 236 c2
Event: 5.772 Thread 0x0000021f821279e0 DEOPT PACKING pc=0x0000021ff5e45a80 sp=0x00000098a61f4690
Event: 5.772 Thread 0x0000021f821279e0 DEOPT UNPACKING pc=0x0000021fee3458a3 sp=0x00000098a61f4618 mode 2

Classes unloaded (7 events):
Event: 6.007 Thread 0x0000021fff47cc40 Unloading class 0x000000010021a400 'java/lang/invoke/LambdaForm$MH+0x000000010021a400'
Event: 6.007 Thread 0x0000021fff47cc40 Unloading class 0x000000010021a000 'java/lang/invoke/LambdaForm$MH+0x000000010021a000'
Event: 6.007 Thread 0x0000021fff47cc40 Unloading class 0x0000000100219c00 'java/lang/invoke/LambdaForm$MH+0x0000000100219c00'
Event: 6.007 Thread 0x0000021fff47cc40 Unloading class 0x0000000100219800 'java/lang/invoke/LambdaForm$MH+0x0000000100219800'
Event: 6.007 Thread 0x0000021fff47cc40 Unloading class 0x0000000100219000 'java/lang/invoke/LambdaForm$BMH+0x0000000100219000'
Event: 6.007 Thread 0x0000021fff47cc40 Unloading class 0x0000000100218c00 'java/lang/invoke/LambdaForm$DMH+0x0000000100218c00'
Event: 6.007 Thread 0x0000021fff47cc40 Unloading class 0x0000000100216000 'java/lang/invoke/LambdaForm$DMH+0x0000000100216000'

Classes redefined (0 events):
No events

Internal exceptions (20 events):
Event: 5.115 Thread 0x0000021f821279e0 Exception <a 'java/lang/NullPointerException'{0x00000000eb3b1478}> (0x00000000eb3b1478) 
thrown [s\src\hotspot\share\interpreter\linkResolver.cpp, line 1350]
Event: 5.115 Thread 0x0000021f821279e0 Exception <a 'java/lang/NullPointerException'{0x00000000eb3b1ca0}> (0x00000000eb3b1ca0) 
thrown [s\src\hotspot\share\interpreter\linkResolver.cpp, line 1350]
Event: 5.165 Thread 0x0000021f821279e0 Exception <a 'java/lang/NoSuchMethodError'{0x00000000eb4ca240}: 'java.lang.Object java.lang.invoke.Invokers$Holder.invokeExact_MT(java.lang.Object, java.lang.Object, java.lang.Object, java.lang.Object, java.lang.Object, java.lang.Object)'> (0x00000000eb4ca240) 
thrown [s\src\hotspot\share\interpreter\linkResolver.cpp, line 759]
Event: 5.402 Thread 0x0000021f821279e0 Exception <a 'java/lang/NoSuchMethodError'{0x00000000eba23b98}: 'void java.lang.invoke.DirectMethodHandle$Holder.invokeInterface(java.lang.Object, java.lang.Object, java.lang.Object)'> (0x00000000eba23b98) 
thrown [s\src\hotspot\share\interpreter\linkResolver.cpp, line 759]
Event: 5.615 Thread 0x0000021f821279e0 Exception <a 'java/lang/NoSuchMethodError'{0x00000000ebe201f0}: 'java.lang.Object java.lang.invoke.DirectMethodHandle$Holder.invokeStatic(java.lang.Object, java.lang.Object, int)'> (0x00000000ebe201f0) 
thrown [s\src\hotspot\share\interpreter\linkResolver.cpp, line 759]
Event: 5.616 Thread 0x0000021f821279e0 Exception <a 'java/lang/NoSuchMethodError'{0x00000000ebe25048}: 'void java.lang.invoke.DirectMethodHandle$Holder.invokeStatic(java.lang.Object, java.lang.Object, int, java.lang.Object)'> (0x00000000ebe25048) 
thrown [s\src\hotspot\share\interpreter\linkResolver.cpp, line 759]
Event: 5.617 Thread 0x0000021f821279e0 Exception <a 'java/lang/NoSuchMethodError'{0x00000000ebe2ca20}: 'void java.lang.invoke.DelegatingMethodHandle$Holder.delegate(java.lang.Object, java.lang.Object, int, java.lang.Object)'> (0x00000000ebe2ca20) 
thrown [s\src\hotspot\share\interpreter\linkResolver.cpp, line 759]
Event: 5.619 Thread 0x0000021f821279e0 Exception <a 'java/lang/NoSuchMethodError'{0x00000000ebe310b0}: 'int java.lang.invoke.DirectMethodHandle$Holder.invokeSpecial(java.lang.Object, java.lang.Object, java.lang.Object)'> (0x00000000ebe310b0) 
thrown [s\src\hotspot\share\interpreter\linkResolver.cpp, line 759]
Event: 5.623 Thread 0x0000021f821279e0 Exception <a 'java/lang/NoSuchMethodError'{0x00000000ebe41900}: 'int java.lang.invoke.DirectMethodHandle$Holder.invokeStatic(java.lang.Object, java.lang.Object, int)'> (0x00000000ebe41900) 
thrown [s\src\hotspot\share\interpreter\linkResolver.cpp, line 759]
Event: 5.624 Thread 0x0000021f821279e0 Exception <a 'java/lang/NoSuchMethodError'{0x00000000ebe45bd0}: 'int java.lang.invoke.DirectMethodHandle$Holder.invokeSpecial(java.lang.Object, java.lang.Object, java.lang.Object, int)'> (0x00000000ebe45bd0) 
thrown [s\src\hotspot\share\interpreter\linkResolver.cpp, line 759]
Event: 5.629 Thread 0x0000021f821279e0 Exception <a 'java/lang/NoSuchMethodError'{0x00000000ebe60650}: 'java.lang.Object java.lang.invoke.DirectMethodHandle$Holder.invokeStatic(java.lang.Object, java.lang.Object, java.lang.Object, java.lang.Object, int)'> (0x00000000ebe60650) 
thrown [s\src\hotspot\share\interpreter\linkResolver.cpp, line 759]
Event: 5.632 Thread 0x0000021f821279e0 Exception <a 'java/lang/NoSuchMethodError'{0x00000000ebe6ccb8}: 'java.lang.Object java.lang.invoke.DelegatingMethodHandle$Holder.reinvoke_L(java.lang.Object, java.lang.Object, java.lang.Object, java.lang.Object, int, int)'> (0x00000000ebe6ccb8) 
thrown [s\src\hotspot\share\interpreter\linkResolver.cpp, line 759]
Event: 5.636 Thread 0x0000021f821279e0 Exception <a 'java/lang/NoSuchMethodError'{0x00000000ebe849f8}: 'java.lang.Object java.lang.invoke.Invokers$Holder.invokeExact_MT(java.lang.Object, java.lang.Object, java.lang.Object, java.lang.Object)'> (0x00000000ebe849f8) 
thrown [s\src\hotspot\share\interpreter\linkResolver.cpp, line 759]
Event: 5.737 Thread 0x0000021f821279e0 Exception <a 'java/io/FileNotFoundException'{0x00000000ebf7d7d0}> (0x00000000ebf7d7d0) 
thrown [s\src\hotspot\share\prims\jni.cpp, line 516]
Event: 5.741 Thread 0x0000021f821279e0 Exception <a 'java/io/FileNotFoundException'{0x00000000ebf94800}> (0x00000000ebf94800) 
thrown [s\src\hotspot\share\prims\jni.cpp, line 516]
Event: 5.944 Thread 0x0000021f821279e0 Exception <a 'java/lang/IncompatibleClassChangeError'{0x00000000eabd8a18}: Found class java.lang.Object, but interface was expected> (0x00000000eabd8a18) 
thrown [s\src\hotspot\share\interpreter\linkResolver.cpp, line 826]
Event: 6.152 Thread 0x0000021f821279e0 Exception <a 'java/io/FileNotFoundException'{0x00000000eb7949b8}> (0x00000000eb7949b8) 
thrown [s\src\hotspot\share\prims\jni.cpp, line 516]
Event: 6.153 Thread 0x0000021f821279e0 Exception <a 'java/io/FileNotFoundException'{0x00000000eb7957b8}> (0x00000000eb7957b8) 
thrown [s\src\hotspot\share\prims\jni.cpp, line 516]
Event: 6.153 Thread 0x0000021f821279e0 Exception <a 'java/io/FileNotFoundException'{0x00000000eb7965c8}> (0x00000000eb7965c8) 
thrown [s\src\hotspot\share\prims\jni.cpp, line 516]
Event: 6.288 Thread 0x0000021f821279e0 Exception <a 'java/lang/NoSuchMethodError'{0x00000000ec02ed30}: 'int java.lang.invoke.DirectMethodHandle$Holder.invokeStaticInit(java.lang.Object, java.lang.Object, java.lang.Object)'> (0x00000000ec02ed30) 
thrown [s\src\hotspot\share\interpreter\linkResolver.cpp, line 759]

VM Operations (20 events):
Event: 4.532 Executing VM operation: HandshakeAllThreads
Event: 4.532 Executing VM operation: HandshakeAllThreads done
Event: 4.660 Executing VM operation: ParallelGCFailedAllocation
Event: 4.667 Executing VM operation: ParallelGCFailedAllocation done
Event: 5.311 Executing VM operation: HandshakeAllThreads
Event: 5.311 Executing VM operation: HandshakeAllThreads done
Event: 5.347 Executing VM operation: HandshakeAllThreads
Event: 5.347 Executing VM operation: HandshakeAllThreads done
Event: 5.351 Executing VM operation: HandshakeAllThreads
Event: 5.351 Executing VM operation: HandshakeAllThreads done
Event: 5.615 Executing VM operation: HandshakeAllThreads
Event: 5.615 Executing VM operation: HandshakeAllThreads done
Event: 5.923 Executing VM operation: ParallelGCFailedAllocation
Event: 5.930 Executing VM operation: ParallelGCFailedAllocation done
Event: 5.964 Executing VM operation: HandshakeAllThreads
Event: 5.964 Executing VM operation: HandshakeAllThreads done
Event: 5.995 Executing VM operation: CollectForMetadataAllocation
Event: 6.030 Executing VM operation: CollectForMetadataAllocation done
Event: 6.346 Executing VM operation: ParallelGCFailedAllocation
Event: 6.347 Executing VM operation: ParallelGCFailedAllocation done

Events (20 events):
Event: 5.982 loading class java/util/zip/DeflaterOutputStream done
Event: 5.982 loading class java/util/zip/GZIPOutputStream done
Event: 6.036 loading class java/io/StringReader
Event: 6.036 loading class java/io/StringReader done
Event: 6.041 loading class java/util/zip/GZIPInputStream
Event: 6.041 loading class java/util/zip/GZIPInputStream done
Event: 6.047 loading class java/net/SocketTimeoutException
Event: 6.047 loading class java/io/InterruptedIOException
Event: 6.047 loading class java/io/InterruptedIOException done
Event: 6.047 loading class java/net/SocketTimeoutException done
Event: 6.047 loading class java/net/SocketException
Event: 6.047 loading class java/net/SocketException done
Event: 6.047 loading class java/net/UnknownHostException
Event: 6.047 loading class java/net/UnknownHostException done
Event: 6.047 loading class java/net/ProtocolException
Event: 6.047 loading class java/net/ProtocolException done
Event: 6.084 loading class java/io/FileWriter
Event: 6.084 loading class java/io/FileWriter done
Event: 6.084 loading class java/lang/NegativeArraySizeException
Event: 6.084 loading class java/lang/NegativeArraySizeException done


Dynamic libraries:
0x00007ff6db280000 - 0x00007ff6db28e000 	c:\Users\HP\.vscode\extensions\redhat.java-1.13.0-win32-x64\jre\17.0.5-win32-x86_64\bin\java.exe
0x00007ffdce3d0000 - 0x00007ffdce5c8000 	C:\windows\SYSTEM32\ntdll.dll
0x00007ffd93910000 - 0x00007ffd93927000 	C:\Program Files\Avast Software\Avast\aswhook.dll
0x00007ffdce2d0000 - 0x00007ffdce38f000 	C:\windows\System32\KERNEL32.DLL
0x00007ffdcbbc0000 - 0x00007ffdcbe92000 	C:\windows\System32\KERNELBASE.dll
0x00007ffdcbac0000 - 0x00007ffdcbbc0000 	C:\windows\System32\ucrtbase.dll
0x00007ffdb3e40000 - 0x00007ffdb3e57000 	c:\Users\HP\.vscode\extensions\redhat.java-1.13.0-win32-x64\jre\17.0.5-win32-x86_64\bin\jli.dll
0x00007ffdcc4f0000 - 0x00007ffdcc691000 	C:\windows\System32\USER32.dll
0x00007ffdcc0b0000 - 0x00007ffdcc0d2000 	C:\windows\System32\win32u.dll
0x00007ffdcc750000 - 0x00007ffdcc77b000 	C:\windows\System32\GDI32.dll
0x00007ffdcc2b0000 - 0x00007ffdcc3bf000 	C:\windows\System32\gdi32full.dll
0x00007ffdcbed0000 - 0x00007ffdcbf6d000 	C:\windows\System32\msvcp_win.dll
0x00007ffdaf890000 - 0x00007ffdafb2a000 	C:\windows\WinSxS\amd64_microsoft.windows.common-controls_6595b64144ccf1df_6.0.19041.1110_none_60b5254171f9507e\COMCTL32.dll
0x00007ffdce070000 - 0x00007ffdce10e000 	C:\windows\System32\msvcrt.dll
0x00007ffdb2700000 - 0x00007ffdb2719000 	c:\Users\HP\.vscode\extensions\redhat.java-1.13.0-win32-x64\jre\17.0.5-win32-x86_64\bin\VCRUNTIME140.dll
0x00007ffdcd570000 - 0x00007ffdcd5a2000 	C:\windows\System32\IMM32.DLL
0x00007ffdc3bb0000 - 0x00007ffdc3bbc000 	c:\Users\HP\.vscode\extensions\redhat.java-1.13.0-win32-x64\jre\17.0.5-win32-x86_64\bin\vcruntime140_1.dll
0x00007ffda7020000 - 0x00007ffda70b1000 	c:\Users\HP\.vscode\extensions\redhat.java-1.13.0-win32-x64\jre\17.0.5-win32-x86_64\bin\msvcp140.dll
0x00007ffd73690000 - 0x00007ffd742d4000 	c:\Users\HP\.vscode\extensions\redhat.java-1.13.0-win32-x64\jre\17.0.5-win32-x86_64\bin\server\jvm.dll
0x00007ffdcc6a0000 - 0x00007ffdcc74e000 	C:\windows\System32\ADVAPI32.dll
0x00007ffdcc780000 - 0x00007ffdcc81c000 	C:\windows\System32\sechost.dll
0x00007ffdccee0000 - 0x00007ffdcd005000 	C:\windows\System32\RPCRT4.dll
0x00007ffdad890000 - 0x00007ffdad899000 	C:\windows\SYSTEM32\WSOCK32.dll
0x00007ffdcde50000 - 0x00007ffdcdebb000 	C:\windows\System32\WS2_32.dll
0x00007ffda2070000 - 0x00007ffda2097000 	C:\windows\SYSTEM32\WINMM.dll
0x00007ffdc1cd0000 - 0x00007ffdc1cda000 	C:\windows\SYSTEM32\VERSION.dll
0x00007ffdca340000 - 0x00007ffdca352000 	C:\windows\SYSTEM32\kernel.appcore.dll
0x00007ffdc1a20000 - 0x00007ffdc1a2a000 	c:\Users\HP\.vscode\extensions\redhat.java-1.13.0-win32-x64\jre\17.0.5-win32-x86_64\bin\jimage.dll
0x00007ffdc5e40000 - 0x00007ffdc6024000 	C:\windows\SYSTEM32\DBGHELP.DLL
0x00007ffdafde0000 - 0x00007ffdafe15000 	C:\windows\SYSTEM32\dbgcore.DLL
0x00007ffdcc020000 - 0x00007ffdcc0a2000 	C:\windows\System32\bcryptPrimitives.dll
0x00007ffdc0df0000 - 0x00007ffdc0dfe000 	c:\Users\HP\.vscode\extensions\redhat.java-1.13.0-win32-x64\jre\17.0.5-win32-x86_64\bin\instrument.dll
0x00007ffdb23d0000 - 0x00007ffdb23f5000 	c:\Users\HP\.vscode\extensions\redhat.java-1.13.0-win32-x64\jre\17.0.5-win32-x86_64\bin\java.dll
0x00007ffdb1f30000 - 0x00007ffdb1f48000 	c:\Users\HP\.vscode\extensions\redhat.java-1.13.0-win32-x64\jre\17.0.5-win32-x86_64\bin\zip.dll
0x00007ffdcd670000 - 0x00007ffdcddb4000 	C:\windows\System32\SHELL32.dll
0x00007ffdc9b30000 - 0x00007ffdca2c2000 	C:\windows\SYSTEM32\windows.storage.dll
0x00007ffdcd120000 - 0x00007ffdcd475000 	C:\windows\System32\combase.dll
0x00007ffdcb440000 - 0x00007ffdcb470000 	C:\windows\SYSTEM32\Wldp.dll
0x00007ffdcd010000 - 0x00007ffdcd0bd000 	C:\windows\System32\SHCORE.dll
0x00007ffdcd5b0000 - 0x00007ffdcd605000 	C:\windows\System32\shlwapi.dll
0x00007ffdcba00000 - 0x00007ffdcba1f000 	C:\windows\SYSTEM32\profapi.dll
0x00007ffdb1540000 - 0x00007ffdb1559000 	C:\Users\HP\.vscode\extensions\redhat.java-1.13.0-win32-x64\jre\17.0.5-win32-x86_64\bin\net.dll
0x00007ffdb8240000 - 0x00007ffdb834c000 	C:\windows\SYSTEM32\WINHTTP.dll
0x00007ffdcb1a0000 - 0x00007ffdcb20a000 	C:\windows\system32\mswsock.dll
0x00007ffdaf020000 - 0x00007ffdaf035000 	C:\Users\HP\.vscode\extensions\redhat.java-1.13.0-win32-x64\jre\17.0.5-win32-x86_64\bin\nio.dll
0x00007ffdb3f60000 - 0x00007ffdb3f70000 	c:\Users\HP\.vscode\extensions\redhat.java-1.13.0-win32-x64\jre\17.0.5-win32-x86_64\bin\verify.dll
0x00007ffda8ab0000 - 0x00007ffda8aee000 	C:\Users\HP\AppData\Roaming\Code\User\globalStorage\redhat.java\1.13.0\config_ss_win\org.eclipse.equinox.launcher\org.eclipse.equinox.launcher.win32.win32.x86_64_1.2.600.v20220720-1916\eclipse_11700.dll
0x00007ffdcdec0000 - 0x00007ffdcdfea000 	C:\windows\System32\ole32.dll
0x00007ffdb2920000 - 0x00007ffdb2929000 	C:\Users\HP\.vscode\extensions\redhat.java-1.13.0-win32-x64\jre\17.0.5-win32-x86_64\bin\management.dll
0x00007ffdb2820000 - 0x00007ffdb282b000 	C:\Users\HP\.vscode\extensions\redhat.java-1.13.0-win32-x64\jre\17.0.5-win32-x86_64\bin\management_ext.dll
0x00007ffdcc820000 - 0x00007ffdcc828000 	C:\windows\System32\PSAPI.DLL

dbghelp: loaded successfully - version: 4.0.5 - missing functions: none
symbol engine: initialized successfully - sym options: 0x614 - pdb path: .;c:\Users\HP\.vscode\extensions\redhat.java-1.13.0-win32-x64\jre\17.0.5-win32-x86_64\bin;C:\windows\SYSTEM32;C:\Program Files\Avast Software\Avast;C:\windows\WinSxS\amd64_microsoft.windows.common-controls_6595b64144ccf1df_6.0.19041.1110_none_60b5254171f9507e;c:\Users\HP\.vscode\extensions\redhat.java-1.13.0-win32-x64\jre\17.0.5-win32-x86_64\bin\server;C:\Users\HP\AppData\Roaming\Code\User\globalStorage\redhat.java\1.13.0\config_ss_win\org.eclipse.equinox.launcher\org.eclipse.equinox.launcher.win32.win32.x86_64_1.2.600.v20220720-1916

VM Arguments:
jvm_args: --add-modules=ALL-SYSTEM --add-opens=java.base/java.util=ALL-UNNAMED --add-opens=java.base/java.lang=ALL-UNNAMED --add-opens=java.base/sun.nio.fs=ALL-UNNAMED -Declipse.application=org.eclipse.jdt.ls.core.id1 -Dosgi.bundles.defaultStartLevel=4 -Declipse.product=org.eclipse.jdt.ls.core.product -Djava.import.generatesMetadataFilesAtProjectRoot=false -Dfile.encoding=utf8 -XX:+UseParallelGC -XX:GCTimeRatio=4 -XX:AdaptiveSizePolicyWeight=90 -Dsun.zip.disableMemoryMapping=true -Xmx1G -Xms100m -Xlog:disable -javaagent:c:\Users\HP\.vscode\extensions\redhat.java-1.13.0-win32-x64\lombok\lombok-1.18.24.jar 
java_command: c:\Users\HP\.vscode\extensions\redhat.java-1.13.0-win32-x64\server\plugins\org.eclipse.equinox.launcher_1.6.400.v20210924-0641.jar -configuration c:\Users\HP\AppData\Roaming\Code\User\globalStorage\redhat.java\1.13.0\config_ss_win -data c:\Users\HP\AppData\Roaming\Code\User\workspaceStorage\608b3c274ff3b896718daa56abc7d508\redhat.java\ss_ws
java_class_path (initial): c:\Users\HP\.vscode\extensions\redhat.java-1.13.0-win32-x64\server\plugins\org.eclipse.equinox.launcher_1.6.400.v20210924-0641.jar
Launcher Type: SUN_STANDARD

[Global flags]
    uintx AdaptiveSizePolicyWeight                 = 90                                        {product} {command line}
     intx CICompilerCount                          = 3                                         {product} {ergonomic}
    uintx GCTimeRatio                              = 4                                         {product} {command line}
   size_t InitialHeapSize                          = 104857600                                 {product} {command line}
   size_t MaxHeapSize                              = 1073741824                                {product} {command line}
   size_t MaxNewSize                               = 357564416                                 {product} {ergonomic}
   size_t MinHeapDeltaBytes                        = 524288                                    {product} {ergonomic}
   size_t MinHeapSize                              = 104857600                                 {product} {command line}
   size_t NewSize                                  = 34603008                                  {product} {ergonomic}
    uintx NonNMethodCodeHeapSize                   = 5832780                                {pd product} {ergonomic}
    uintx NonProfiledCodeHeapSize                  = 122912730                              {pd product} {ergonomic}
   size_t OldSize                                  = 70254592                                  {product} {ergonomic}
    uintx ProfiledCodeHeapSize                     = 122912730                              {pd product} {ergonomic}
    uintx ReservedCodeCacheSize                    = 251658240                              {pd product} {ergonomic}
     bool SegmentedCodeCache                       = true                                      {product} {ergonomic}
   size_t SoftMaxHeapSize                          = 1073741824                             {manageable} {ergonomic}
     bool UseCompressedClassPointers               = true                           {product lp64_product} {ergonomic}
     bool UseCompressedOops                        = true                           {product lp64_product} {ergonomic}
     bool UseLargePagesIndividualAllocation        = false                                  {pd product} {ergonomic}
     bool UseParallelGC                            = true                                      {product} {command line}

Logging:
Log output configuration:
 #0: stdout all=off uptime,level,tags
 #1: stderr all=off uptime,level,tags

Environment Variables:
JAVA_HOME=C:\Program Files\Java\jdk-15.0.2
PATH=C:\Program Files\Python310\Scripts\;C:\Program Files\Python310\;C:\Program Files\Common Files\Oracle\Java\javapath;C:\Program Files (x86)\Common Files\Oracle\Java\javapath;C:\windows\system32;C:\windows;C:\windows\System32\Wbem;C:\windows\System32\WindowsPowerShell\v1.0\;C:\windows\System32\OpenSSH\;C:\MinGW\bin;C:\Program Files (x86)\Rational\common;C:\Program Files\Microsoft SQL Server\140\Tools\Binn\;C:\Program Files\Java\jdk-18.0.2;C:\Program Files\MySQL\MySQL Shell 8.0\bin\;C:\Users\HP\AppData\Local\Microsoft\WindowsApps;C:\Program Files\JetBrains\IntelliJ IDEA Community Edition 2022.2\bin;;C:\Program Files\CodeBlocks\MinGW\bin;C:\Users\HP\AppData\Local\Programs\Microsoft VS Code\bin;C:\Miktex\miktex\bin\x64\
USERNAME=HP
OS=Windows_NT
PROCESSOR_IDENTIFIER=Intel64 Family 6 Model 126 Stepping 5, GenuineIntel
TMP=C:\Users\HP\AppData\Local\Temp
TEMP=C:\Users\HP\AppData\Local\Temp



---------------  S Y S T E M  ---------------

OS:
 Windows 10 , 64 bit Build 19041 (10.0.19041.2364)
OS uptime: 1 days 11:43 hours

CPU: total 4 (initial active 4) (2 cores per cpu, 2 threads per core) family 6 model 126 stepping 5 microcode 0xa6, cx8, cmov, fxsr, ht, mmx, 3dnowpref, sse, sse2, sse3, ssse3, sse4.1, sse4.2, popcnt, lzcnt, tsc, tscinvbit, avx, avx2, aes, erms, clmul, bmi1, bmi2, adx, avx512f, avx512dq, avx512cd, avx512bw, avx512vl, sha, fma, vzeroupper, avx512_vpopcntdq, avx512_vpclmulqdq, avx512_vaes, avx512_vnni, clflush, clflushopt, avx512_vbmi2, avx512_vbmi

Memory: 4k page, system-wide physical 3877M (271M free)
TotalPageFile size 15653M (AvailPageFile size 0M)
current process WorkingSet (physical memory assigned to process): 115M, peak: 115M
current process commit charge ("private bytes"): 210M, peak: 210M

vm_info: OpenJDK 64-Bit Server VM (17.0.5+8) for windows-amd64 JRE (17.0.5+8), built on Oct 19 2022 04:48:13 by "temurin" with MS VC++ 16.7 (VS2019)

END.
