#
# There is insufficient memory for the Java Runtime Environment to continue.
# Native memory allocation (mmap) failed to map 8388608 bytes for G1 virtual space
# Possible reasons:
#   The system is out of physical RAM or swap space
#   The process is running with CompressedOops enabled, and the Java Heap may be blocking the growth of the native heap
# Possible solutions:
#   Reduce memory load on the system
#   Increase physical memory or swap space
#   Check if swap backing store is full
#   Decrease Java heap size (-Xmx/-Xms)
#   Decrease number of Java threads
#   Decrease Java thread stack sizes (-Xss)
#   Set larger code cache with -XX:ReservedCodeCacheSize=
#   JVM is running with Unscaled Compressed Oops mode in which the Java heap is
#     placed in the first 4GB address space. The Java Heap base address is the
#     maximum limit for the native heap growth. Please use -XX:HeapBaseMinAddress
#     to set the Java Heap base and to place the Java Heap above 4GB virtual address.
# This output file may be truncated or incomplete.
#
#  Out of Memory Error (os_windows.cpp:3530), pid=11872, tid=16488
#
# JRE version:  (18.0.2+9) (build )
# Java VM: Java HotSpot(TM) 64-Bit Server VM (18.0.2+9-61, mixed mode, sharing, tiered, compressed oops, compressed class ptrs, g1 gc, windows-amd64)
# No core dump will be written. Minidumps are not enabled by default on client versions of Windows
#

---------------  S U M M A R Y ------------

Command Line: -Dapplication.home=C:\Program Files\Java\jdk-18.0.2 --add-modules=ALL-DEFAULT -Xms8m -Djdk.module.main=jdk.compiler jdk.compiler/com.sun.tools.javac.Main FibonacciNumber.java

Host: Intel(R) Core(TM) i3-1005G1 CPU @ 1.20GHz, 4 cores, 3G,  Windows 10 , 64 bit Build 19041 (10.0.19041.1889)
Time: Fri Sep 16 22:09:38 2022 India Standard Time elapsed time: 0.017108 seconds (0d 0h 0m 0s)

---------------  T H R E A D  ---------------

Current thread (0x0000013480cdfa90):  JavaThread "Unknown thread" [_thread_in_vm, id=16488, stack(0x0000002697000000,0x0000002697100000)]

Stack: [0x0000002697000000,0x0000002697100000]
Native frames: (J=compiled Java code, j=interpreted, Vv=VM code, C=native code)
V  [jvm.dll+0x6993ca]
V  [jvm.dll+0x7f481d]
V  [jvm.dll+0x7f612e]
V  [jvm.dll+0x7f67e3]
V  [jvm.dll+0x25cdaf]
V  [jvm.dll+0x696319]
V  [jvm.dll+0x68ae4a]
V  [jvm.dll+0x3223eb]
V  [jvm.dll+0x329dc6]
V  [jvm.dll+0x37eade]
V  [jvm.dll+0x37ed0f]
V  [jvm.dll+0x2fa16a]
V  [jvm.dll+0x2fb1cd]
V  [jvm.dll+0x7c3450]
V  [jvm.dll+0x38be61]
V  [jvm.dll+0x7a2073]
V  [jvm.dll+0x40dc3f]
V  [jvm.dll+0x40f611]
C  [jli.dll+0x526b]
C  [ucrtbase.dll+0x21bb2]
C  [KERNEL32.DLL+0x17034]
C  [ntdll.dll+0x52651]


---------------  P R O C E S S  ---------------

Threads class SMR info:
_java_thread_list=0x00007ffb67f9e550, length=0, elements={
}

Java Threads: ( => current thread )

Other Threads:
  0x0000013480d1e7b0 WorkerThread "GC Thread#0" [stack: 0x0000002697100000,0x0000002697200000] [id=11776]
  0x0000013480d28f50 ConcurrentGCThread "G1 Main Marker" [stack: 0x0000002697200000,0x0000002697300000] [id=7872]
  0x0000013480d29ff0 WorkerThread "G1 Conc#0" [stack: 0x0000002697300000,0x0000002697400000] [id=9360]

[error occurred during error reporting (printing all threads), id 0xc0000005, EXCEPTION_ACCESS_VIOLATION (0xc0000005) at pc=0x00007ffb677ca707]

VM state: not at safepoint (not fully initialized)

VM Mutex/Monitor currently owned by a thread:  ([mutex/lock_event])
[0x0000013480cdaa80] Heap_lock - owner thread: 0x0000013480cdfa90

Heap address: 0x00000000c3600000, size: 970 MB, Compressed Oops mode: 32-bit

CDS archive(s) mapped at: [0x0000000000000000-0x0000000000000000-0x0000000000000000), size 0, SharedBaseAddress: 0x0000000800000000, ArchiveRelocationMode: 0.
Narrow klass base: 0x0000000000000000, Narrow klass shift: 0, Narrow klass range: 0x0

GC Precious Log:
 CardTable entry size: 512
 Card Set container configuration: InlinePtr #cards 5 size 8 Array Of Cards #cards 12 size 40 Howl #buckets 4 coarsen threshold 1843 Howl Bitmap #cards 512 size 80 coarsen threshold 460 Card regions per heap region 1 cards per card region 2048

Heap:
 garbage-first heap   total 0K, used 0K [0x00000000c3600000, 0x0000000100000000)
  region size 1024K, 0 young (0K), 0 survivors (0K)

[error occurred during error reporting (printing heap information), id 0xc0000005, EXCEPTION_ACCESS_VIOLATION (0xc0000005) at pc=0x00007ffb67bb1859]

GC Heap History (0 events):
No events

Deoptimization events (0 events):
No events

Classes loaded (0 events):
No events

Classes unloaded (0 events):
No events

Classes redefined (0 events):
No events

Internal exceptions (0 events):
No events

VM Operations (0 events):
No events

Events (1 events):
Event: 0.010 Loaded shared library C:\Program Files\Java\jdk-18.0.2\bin\java.dll


Dynamic libraries:
0x00007ff657f40000 - 0x00007ff657f48000 	C:\Program Files\Java\jdk-18.0.2\bin\javac.exe
0x00007ffbbe090000 - 0x00007ffbbe288000 	C:\windows\SYSTEM32\ntdll.dll
0x00007ffbbd590000 - 0x00007ffbbd64d000 	C:\windows\System32\KERNEL32.DLL
0x00007ffbbbad0000 - 0x00007ffbbbd9e000 	C:\windows\System32\KERNELBASE.dll
0x00007ffbbb9a0000 - 0x00007ffbbbaa0000 	C:\windows\System32\ucrtbase.dll
0x00007ffb9df50000 - 0x00007ffb9df6a000 	C:\Program Files\Java\jdk-18.0.2\bin\VCRUNTIME140.dll
0x00007ffb9df30000 - 0x00007ffb9df48000 	C:\Program Files\Java\jdk-18.0.2\bin\jli.dll
0x00007ffbbd430000 - 0x00007ffbbd4de000 	C:\windows\System32\ADVAPI32.dll
0x00007ffbbd6b0000 - 0x00007ffbbd74e000 	C:\windows\System32\msvcrt.dll
0x00007ffbbcf30000 - 0x00007ffbbcfcc000 	C:\windows\System32\sechost.dll
0x00007ffbbd0c0000 - 0x00007ffbbd1e5000 	C:\windows\System32\RPCRT4.dll
0x00007ffbbc7e0000 - 0x00007ffbbc980000 	C:\windows\System32\USER32.dll
0x00007ffbbbaa0000 - 0x00007ffbbbac2000 	C:\windows\System32\win32u.dll
0x00007ffbbc1a0000 - 0x00007ffbbc1ca000 	C:\windows\System32\GDI32.dll
0x00007ffbbb890000 - 0x00007ffbbb99b000 	C:\windows\System32\gdi32full.dll
0x00007ffba07b0000 - 0x00007ffba0a4a000 	C:\windows\WinSxS\amd64_microsoft.windows.common-controls_6595b64144ccf1df_6.0.19041.1110_none_60b5254171f9507e\COMCTL32.dll
0x00007ffbbbda0000 - 0x00007ffbbbe3d000 	C:\windows\System32\msvcp_win.dll
0x00007ffbb1a60000 - 0x00007ffbb1a6a000 	C:\windows\SYSTEM32\VERSION.dll
0x00007ffbbd340000 - 0x00007ffbbd370000 	C:\windows\System32\IMM32.DLL
0x00007ffbb3a70000 - 0x00007ffbb3a7c000 	C:\Program Files\Java\jdk-18.0.2\bin\vcruntime140_1.dll
0x00007ffb8ecd0000 - 0x00007ffb8ed5d000 	C:\Program Files\Java\jdk-18.0.2\bin\msvcp140.dll
0x00007ffb674c0000 - 0x00007ffb680d1000 	C:\Program Files\Java\jdk-18.0.2\bin\server\jvm.dll
0x00007ffbbd330000 - 0x00007ffbbd338000 	C:\windows\System32\PSAPI.DLL
0x00007ffb9df20000 - 0x00007ffb9df29000 	C:\windows\SYSTEM32\WSOCK32.dll
0x00007ffb9d330000 - 0x00007ffb9d357000 	C:\windows\SYSTEM32\WINMM.dll
0x00007ffbbcfd0000 - 0x00007ffbbd03b000 	C:\windows\System32\WS2_32.dll
0x00007ffbba070000 - 0x00007ffbba082000 	C:\windows\SYSTEM32\kernel.appcore.dll
0x00007ffb9df10000 - 0x00007ffb9df1a000 	C:\Program Files\Java\jdk-18.0.2\bin\jimage.dll
0x00007ffbb5a80000 - 0x00007ffbb5c64000 	C:\windows\SYSTEM32\DBGHELP.DLL
0x00007ffb9e9c0000 - 0x00007ffb9e9ec000 	C:\windows\SYSTEM32\dbgcore.DLL
0x00007ffbbbe40000 - 0x00007ffbbbec2000 	C:\windows\System32\bcryptPrimitives.dll
0x00007ffb93c40000 - 0x00007ffb93c65000 	C:\Program Files\Java\jdk-18.0.2\bin\java.dll

dbghelp: loaded successfully - version: 4.0.5 - missing functions: none
symbol engine: initialized successfully - sym options: 0x614 - pdb path: .;C:\Program Files\Java\jdk-18.0.2\bin;C:\windows\SYSTEM32;C:\windows\WinSxS\amd64_microsoft.windows.common-controls_6595b64144ccf1df_6.0.19041.1110_none_60b5254171f9507e;C:\Program Files\Java\jdk-18.0.2\bin\server

VM Arguments:
jvm_args: -Dapplication.home=C:\Program Files\Java\jdk-18.0.2 --add-modules=ALL-DEFAULT -Xms8m -Djdk.module.main=jdk.compiler 
java_command: jdk.compiler/com.sun.tools.javac.Main FibonacciNumber.java
java_class_path (initial): <not set>
Launcher Type: SUN_STANDARD

[Global flags]
     intx CICompilerCount                          = 3                                         {product} {ergonomic}
     uint ConcGCThreads                            = 1                                         {product} {ergonomic}
     uint G1ConcRefinementThreads                  = 4                                         {product} {ergonomic}
   size_t G1HeapRegionSize                         = 1048576                                   {product} {ergonomic}
    uintx GCDrainStackTargetSize                   = 64                                        {product} {ergonomic}
   size_t InitialHeapSize                          = 8388608                                   {product} {command line}
   size_t MarkStackSize                            = 4194304                                   {product} {ergonomic}
   size_t MaxHeapSize                              = 1017118720                                {product} {ergonomic}
   size_t MinHeapDeltaBytes                        = 1048576                                   {product} {ergonomic}
   size_t MinHeapSize                              = 8388608                                   {product} {command line}
    uintx NonNMethodCodeHeapSize                   = 5832780                                {pd product} {ergonomic}
    uintx NonProfiledCodeHeapSize                  = 122912730                              {pd product} {ergonomic}
    uintx ProfiledCodeHeapSize                     = 122912730                              {pd product} {ergonomic}
    uintx ReservedCodeCacheSize                    = 251658240                              {pd product} {ergonomic}
     bool SegmentedCodeCache                       = true                                      {product} {ergonomic}
   size_t SoftMaxHeapSize                          = 1017118720                             {manageable} {ergonomic}
     bool UseCompressedClassPointers               = true                           {product lp64_product} {ergonomic}
     bool UseCompressedOops                        = true                           {product lp64_product} {ergonomic}
     bool UseG1GC                                  = true                                      {product} {ergonomic}
     bool UseLargePagesIndividualAllocation        = false                                  {pd product} {ergonomic}

Logging:
Log output configuration:
 #0: stdout all=warning uptime,level,tags foldmultilines=false
 #1: stderr all=off uptime,level,tags foldmultilines=false

Environment Variables:
JAVA_HOME=C:\Program Files\Java\jdk-15.0.2
PATH=C:\Program Files\Python310\Scripts\;C:\Program Files\Python310\;C:\Program Files\Common Files\Oracle\Java\javapath;C:\Program Files (x86)\Common Files\Oracle\Java\javapath;C:\windows\system32;C:\windows;C:\windows\System32\Wbem;C:\windows\System32\WindowsPowerShell\v1.0\;C:\windows\System32\OpenSSH\;C:\MinGW\bin;C:\Program Files (x86)\Rational\common;C:\Program Files\Microsoft SQL Server\140\Tools\Binn\;C:\Program Files\Java\jdk-18.0.2;C:\Program Files\MySQL\MySQL Shell 8.0\bin\;C:\Users\HP\AppData\Local\Microsoft\WindowsApps;C:\Program Files\JetBrains\IntelliJ IDEA Community Edition 2022.2\bin;;C:\Program Files\CodeBlocks\MinGW\bin;C:\Users\HP\AppData\Local\Programs\Microsoft VS Code\bin;C:\Miktex\miktex\bin\x64\
USERNAME=HP
LANG=en_US.UTF-8
OS=Windows_NT
PROCESSOR_IDENTIFIER=Intel64 Family 6 Model 126 Stepping 5, GenuineIntel



---------------  S Y S T E M  ---------------

OS:
 Windows 10 , 64 bit Build 19041 (10.0.19041.1889)
OS uptime: 5 days 8:50 hours

CPU: total 4 (initial active 4) (2 cores per cpu, 2 threads per core) family 6 model 126 stepping 5 microcode 0xa6, cx8, cmov, fxsr, ht, mmx, 3dnowpref, sse, sse2, sse3, ssse3, sse4.1, sse4.2, popcnt, lzcnt, tsc, tscinvbit, avx, avx2, aes, erms, clmul, bmi1, bmi2, adx, avx512f, avx512dq, avx512cd, avx512bw, avx512vl, sha, fma, vzeroupper, avx512_vpopcntdq, avx512_vpclmulqdq, avx512_vaes, avx512_vnni, clflush, clflushopt, avx512_vbmi2, avx512_vbmi

Memory: 4k page, system-wide physical 3877M (459M free)
TotalPageFile size 15653M (AvailPageFile size 4M)
current process WorkingSet (physical memory assigned to process): 10M, peak: 10M
current process commit charge ("private bytes"): 51M, peak: 59M

vm_info: Java HotSpot(TM) 64-Bit Server VM (18.0.2+9-61) for windows-amd64 JRE (18.0.2+9-61), built on Jun  7 2022 13:09:01 by "mach5one" with MS VC++ 16.8 / 16.9 (VS2019)

END.
