#
# There is insufficient memory for the Java Runtime Environment to continue.
# Native memory allocation (malloc) failed to allocate 1565296 bytes for Chunk::new
# Possible reasons:
#   The system is out of physical RAM or swap space
#   The process is running with CompressedOops enabled, and the Java Heap may be blocking the growth of the native heap
# Possible solutions:
#   Reduce memory load on the system
#   Increase physical memory or swap space
#   Check if swap backing store is full
#   Decrease Java heap size (-Xmx/-Xms)
#   Decrease number of Java threads
#   Decrease Java thread stack sizes (-Xss)
#   Set larger code cache with -XX:ReservedCodeCacheSize=
#   JVM is running with Unscaled Compressed Oops mode in which the Java heap is
#     placed in the first 4GB address space. The Java Heap base address is the
#     maximum limit for the native heap growth. Please use -XX:HeapBaseMinAddress
#     to set the Java Heap base and to place the Java Heap above 4GB virtual address.
# This output file may be truncated or incomplete.
#
#  Out of Memory Error (arena.cpp:189), pid=18444, tid=16860
#
# JRE version: OpenJDK Runtime Environment Temurin-17.0.5+8 (17.0.5+8) (build 17.0.5+8)
# Java VM: OpenJDK 64-Bit Server VM Temurin-17.0.5+8 (17.0.5+8, mixed mode, tiered, compressed oops, compressed class ptrs, parallel gc, windows-amd64)
# No core dump will be written. Minidumps are not enabled by default on client versions of Windows
#

---------------  S U M M A R Y ------------

Command Line: --add-modules=ALL-SYSTEM --add-opens=java.base/java.util=ALL-UNNAMED --add-opens=java.base/java.lang=ALL-UNNAMED --add-opens=java.base/sun.nio.fs=ALL-UNNAMED -Declipse.application=org.eclipse.jdt.ls.core.id1 -Dosgi.bundles.defaultStartLevel=4 -Declipse.product=org.eclipse.jdt.ls.core.product -Djava.import.generatesMetadataFilesAtProjectRoot=false -Dfile.encoding=utf8 -XX:+UseParallelGC -XX:GCTimeRatio=4 -XX:AdaptiveSizePolicyWeight=90 -Dsun.zip.disableMemoryMapping=true -Xmx1G -Xms100m -Xlog:disable -javaagent:c:\Users\HP\.vscode\extensions\redhat.java-1.13.0-win32-x64\lombok\lombok-1.18.24.jar c:\Users\HP\.vscode\extensions\redhat.java-1.13.0-win32-x64\server\plugins\org.eclipse.equinox.launcher_1.6.400.v20210924-0641.jar -configuration c:\Users\HP\AppData\Roaming\Code\User\globalStorage\redhat.java\1.13.0\config_ss_win -data c:\Users\HP\AppData\Roaming\Code\User\workspaceStorage\a91d415e16fd75e6d935cf8b1a70f6d3\redhat.java\ss_ws

Host: Intel(R) Core(TM) i3-1005G1 CPU @ 1.20GHz, 4 cores, 3G,  Windows 10 , 64 bit Build 19041 (10.0.19041.2364)
Time: Sun Jan  1 19:43:34 2023 India Standard Time elapsed time: 14.890777 seconds (0d 0h 0m 14s)

---------------  T H R E A D  ---------------

Current thread (0x0000029e71338020):  JavaThread "C2 CompilerThread0" daemon [_thread_in_native, id=16860, stack(0x000000ff10400000,0x000000ff10500000)]


Current CompileTask:
C2:  14891 3805 %     4       org.objectweb.asm.ClassReader::readCode @ 92 (5109 bytes)

Stack: [0x000000ff10400000,0x000000ff10500000]
Native frames: (J=compiled Java code, j=interpreted, Vv=VM code, C=native code)
V  [jvm.dll+0x676b3a]
V  [jvm.dll+0x831444]
V  [jvm.dll+0x832bee]
V  [jvm.dll+0x833253]
V  [jvm.dll+0x244ce5]
V  [jvm.dll+0xabbac]
V  [jvm.dll+0xac17c]
V  [jvm.dll+0x362d02]
V  [jvm.dll+0x32d591]
V  [jvm.dll+0x32ca3a]
V  [jvm.dll+0x217b51]
V  [jvm.dll+0x216f71]
V  [jvm.dll+0x1a343d]
V  [jvm.dll+0x22698a]
V  [jvm.dll+0x224ac5]
V  [jvm.dll+0x7e727b]
V  [jvm.dll+0x7e17ea]
V  [jvm.dll+0x6759e5]
C  [ucrtbase.dll+0x21bb2]
C  [KERNEL32.DLL+0x17614]
C  [ntdll.dll+0x526a1]


---------------  P R O C E S S  ---------------

Threads class SMR info:
_java_thread_list=0x0000029e74d8eae0, length=23, elements={
0x0000029e5b589760, 0x0000029e5b33d660, 0x0000029e5b6442b0, 0x0000029e71333270,
0x0000029e71333e20, 0x0000029e713368e0, 0x0000029e71337290, 0x0000029e71338020,
0x0000029e5b64bc00, 0x0000029e5b64e8c0, 0x0000029e72dbde70, 0x0000029e72f86240,
0x0000029e73503990, 0x0000029e744009d0, 0x0000029e7354a2d0, 0x0000029e73787700,
0x0000029e74475440, 0x0000029e74559f10, 0x0000029e7455a3e0, 0x0000029e7455a8b0,
0x0000029e7455c0c0, 0x0000029e7455bbf0, 0x0000029e7455b250
}

Java Threads: ( => current thread )
  0x0000029e5b589760 JavaThread "main" [_thread_blocked, id=5760, stack(0x000000ff0fb00000,0x000000ff0fc00000)]
  0x0000029e5b33d660 JavaThread "Reference Handler" daemon [_thread_blocked, id=7448, stack(0x000000ff0fe00000,0x000000ff0ff00000)]
  0x0000029e5b6442b0 JavaThread "Finalizer" daemon [_thread_blocked, id=7576, stack(0x000000ff0ff00000,0x000000ff10000000)]
  0x0000029e71333270 JavaThread "Signal Dispatcher" daemon [_thread_blocked, id=19864, stack(0x000000ff10000000,0x000000ff10100000)]
  0x0000029e71333e20 JavaThread "Attach Listener" daemon [_thread_blocked, id=2212, stack(0x000000ff10100000,0x000000ff10200000)]
  0x0000029e713368e0 JavaThread "Service Thread" daemon [_thread_blocked, id=1496, stack(0x000000ff10200000,0x000000ff10300000)]
  0x0000029e71337290 JavaThread "Monitor Deflation Thread" daemon [_thread_blocked, id=3004, stack(0x000000ff10300000,0x000000ff10400000)]
=>0x0000029e71338020 JavaThread "C2 CompilerThread0" daemon [_thread_in_native, id=16860, stack(0x000000ff10400000,0x000000ff10500000)]
  0x0000029e5b64bc00 JavaThread "C1 CompilerThread0" daemon [_thread_blocked, id=12812, stack(0x000000ff10500000,0x000000ff10600000)]
  0x0000029e5b64e8c0 JavaThread "Sweeper thread" daemon [_thread_blocked, id=18856, stack(0x000000ff10600000,0x000000ff10700000)]
  0x0000029e72dbde70 JavaThread "Common-Cleaner" daemon [_thread_blocked, id=5188, stack(0x000000ff10700000,0x000000ff10800000)]
  0x0000029e72f86240 JavaThread "Notification Thread" daemon [_thread_blocked, id=20228, stack(0x000000ff10800000,0x000000ff10900000)]
  0x0000029e73503990 JavaThread "Active Thread: Equinox Container: 81c1b5bd-920f-4a48-8fb2-6049b26b033e" [_thread_blocked, id=15748, stack(0x000000ff10d00000,0x000000ff10e00000)]
  0x0000029e744009d0 JavaThread "Framework Event Dispatcher: Equinox Container: 81c1b5bd-920f-4a48-8fb2-6049b26b033e" daemon [_thread_blocked, id=19948, stack(0x000000ff10e00000,0x000000ff10f00000)]
  0x0000029e7354a2d0 JavaThread "Start Level: Equinox Container: 81c1b5bd-920f-4a48-8fb2-6049b26b033e" daemon [_thread_blocked, id=844, stack(0x000000ff10f00000,0x000000ff11000000)]
  0x0000029e73787700 JavaThread "SCR Component Actor" daemon [_thread_blocked, id=12064, stack(0x000000ff11000000,0x000000ff11100000)]
  0x0000029e74475440 JavaThread "Worker-JM" [_thread_blocked, id=14008, stack(0x000000ff11200000,0x000000ff11300000)]
  0x0000029e74559f10 JavaThread "Worker-0" [_thread_blocked, id=18552, stack(0x000000ff11300000,0x000000ff11400000)]
  0x0000029e7455a3e0 JavaThread "Worker-1" [_thread_blocked, id=5468, stack(0x000000ff11400000,0x000000ff11500000)]
  0x0000029e7455a8b0 JavaThread "Worker-2: Refreshing workspace" [_thread_blocked, id=3284, stack(0x000000ff11500000,0x000000ff11600000)]
  0x0000029e7455c0c0 JavaThread "JNA Cleaner" daemon [_thread_blocked, id=16884, stack(0x000000ff11600000,0x000000ff11700000)]
  0x0000029e7455bbf0 JavaThread "pool-2-thread-1" [_thread_blocked, id=18408, stack(0x000000ff11700000,0x000000ff11800000)]
  0x0000029e7455b250 JavaThread "pool-1-thread-1" [_thread_in_vm, id=9880, stack(0x000000ff11800000,0x000000ff11900000)]

Other Threads:
  0x0000029e712fb790 VMThread "VM Thread" [stack: 0x000000ff0fd00000,0x000000ff0fe00000] [id=5520]
  0x0000029e72f6c0b0 WatcherThread [stack: 0x000000ff10900000,0x000000ff10a00000] [id=8116]
  0x0000029e5b59f9a0 GCTaskThread "GC Thread#0" [stack: 0x000000ff0fc00000,0x000000ff0fd00000] [id=16924]
  0x0000029e732ca040 GCTaskThread "GC Thread#1" [stack: 0x000000ff10a00000,0x000000ff10b00000] [id=2560]
  0x0000029e732cab00 GCTaskThread "GC Thread#2" [stack: 0x000000ff10b00000,0x000000ff10c00000] [id=17332]
  0x0000029e730e2050 GCTaskThread "GC Thread#3" [stack: 0x000000ff10c00000,0x000000ff10d00000] [id=12404]

Threads with active compile tasks:
C2 CompilerThread0    14981 3805 %     4       org.objectweb.asm.ClassReader::readCode @ 92 (5109 bytes)

VM state: not at safepoint (normal execution)

VM Mutex/Monitor currently owned by a thread:  ([mutex/lock_event])
[0x0000029e5b584000] Metaspace_lock - owner thread: 0x0000029e7455b250

Heap address: 0x00000000c0000000, size: 1024 MB, Compressed Oops mode: 32-bit

CDS archive(s) not mapped
Compressed class space mapped at: 0x0000000100000000-0x0000000140000000, reserved size: 1073741824
Narrow klass base: 0x0000000000000000, Narrow klass shift: 3, Narrow klass range: 0x140000000

GC Precious Log:
 CPUs: 4 total, 4 available
 Memory: 3877M
 Large Page Support: Disabled
 NUMA Support: Disabled
 Compressed Oops: Enabled (32-bit)
 Alignments: Space 512K, Generation 512K, Heap 2M
 Heap Min Capacity: 100M
 Heap Initial Capacity: 100M
 Heap Max Capacity: 1G
 Pre-touch: Disabled
 Parallel Workers: 4

Heap:
 PSYoungGen      total 22016K, used 13376K [0x00000000eab00000, 0x00000000ec280000, 0x0000000100000000)
  eden space 21504K, 60% used [0x00000000eab00000,0x00000000eb7a8da0,0x00000000ec000000)
  from space 512K, 80% used [0x00000000ec200000,0x00000000ec267260,0x00000000ec280000)
  to   space 1024K, 0% used [0x00000000ec080000,0x00000000ec080000,0x00000000ec180000)
 ParOldGen       total 68608K, used 25325K [0x00000000c0000000, 0x00000000c4300000, 0x00000000eab00000)
  object space 68608K, 36% used [0x00000000c0000000,0x00000000c18bb428,0x00000000c4300000)
 Metaspace       used 39967K, committed 40576K, reserved 1089536K
  class space    used 4091K, committed 4416K, reserved 1048576K

Card table byte_map: [0x0000029e6ebe0000,0x0000029e6edf0000] _byte_map_base: 0x0000029e6e5e0000

Marking Bits: (ParMarkBitMap*) 0x00007ffa1da90dd0
 Begin Bits: [0x0000029e6ef50000, 0x0000029e6ff50000)
 End Bits:   [0x0000029e6ff50000, 0x0000029e70f50000)

Polling page: 0x0000029e5b650000

Metaspace:

Usage:
  Non-class:     35.03 MB used.
      Class:      4.00 MB used.
       Both:     39.03 MB used.

Virtual space:
  Non-class space:       40.00 MB reserved,      35.31 MB ( 88%) committed,  5 nodes.
      Class space:        1.00 GB reserved,       4.31 MB ( <1%) committed,  1 nodes.
             Both:        1.04 GB reserved,      39.62 MB (  4%) committed. 

Chunk freelists:
   Non-Class:  3.86 MB
       Class:  3.52 MB
        Both:  7.38 MB

MaxMetaspaceSize: unlimited
CompressedClassSpaceSize: 1.00 GB
Initial GC threshold: 21.00 MB
Current GC threshold: 58.38 MB
CDS: off
MetaspaceReclaimPolicy: balanced
 - commit_granule_bytes: 65536.
 - commit_granule_words: 8192.
 - virtual_space_node_default_size: 1048576.
 - enlarge_chunks_in_place: 1.
 - new_chunks_are_fully_committed: 0.
 - uncommit_free_chunks: 1.
 - use_allocation_guard: 0.
 - handle_deallocations: 1.


Internal statistics:

num_allocs_failed_limit: 6.
num_arena_births: 278.
num_arena_deaths: 14.
num_vsnodes_births: 6.
num_vsnodes_deaths: 0.
num_space_committed: 634.
num_space_uncommitted: 0.
num_chunks_returned_to_freelist: 20.
num_chunks_taken_from_freelist: 1486.
num_chunk_merges: 7.
num_chunk_splits: 1026.
num_chunks_enlarged: 750.
num_purges: 2.
num_inconsistent_stats: 0.

CodeHeap 'non-profiled nmethods': size=120000Kb used=1799Kb max_used=1799Kb free=118200Kb
 bounds [0x0000029e674d0000, 0x0000029e67740000, 0x0000029e6ea00000]
CodeHeap 'profiled nmethods': size=120000Kb used=7946Kb max_used=7946Kb free=112053Kb
 bounds [0x0000029e5ffa0000, 0x0000029e60770000, 0x0000029e674d0000]
CodeHeap 'non-nmethods': size=5760Kb used=1286Kb max_used=1322Kb free=4473Kb
 bounds [0x0000029e5fa00000, 0x0000029e5fc70000, 0x0000029e5ffa0000]
 total_blobs=4403 nmethods=3807 adapters=510
 compilation: enabled
              stopped_count=0, restarted_count=0
 full_count=0

Compilation events (20 events):
Event: 14.716 Thread 0x0000029e5b64bc00 3810       3       org.objectweb.asm.MethodVisitor::visitIntInsn (17 bytes)
Event: 14.716 Thread 0x0000029e5b64bc00 nmethod 3810 0x0000029e6075dd90 code [0x0000029e6075df40, 0x0000029e6075e148]
Event: 14.720 Thread 0x0000029e5b64bc00 3811       3       lombok.patcher.MethodLogistics::loadOpcodeFor (145 bytes)
Event: 14.722 Thread 0x0000029e5b64bc00 nmethod 3811 0x0000029e6075e210 code [0x0000029e6075e4c0, 0x0000029e6075f1f8]
Event: 14.724 Thread 0x0000029e5b64bc00 3813       2       org.objectweb.asm.Handler::putExceptionTable (63 bytes)
Event: 14.725 Thread 0x0000029e5b64bc00 nmethod 3813 0x0000029e6075f690 code [0x0000029e6075f880, 0x0000029e6075fb68]
Event: 14.727 Thread 0x0000029e5b64bc00 3814       2       org.objectweb.asm.SymbolTable::hash (19 bytes)
Event: 14.728 Thread 0x0000029e5b64bc00 nmethod 3814 0x0000029e6075fe10 code [0x0000029e6075ffc0, 0x0000029e60760118]
Event: 14.728 Thread 0x0000029e5b64bc00 3815       2       org.objectweb.asm.MethodWriter::visitLdcInsn (215 bytes)
Event: 14.729 Thread 0x0000029e5b64bc00 nmethod 3815 0x0000029e60760290 code [0x0000029e607604a0, 0x0000029e60760968]
Event: 14.731 Thread 0x0000029e5b64bc00 3817       2       org.objectweb.asm.SymbolTable::hash (23 bytes)
Event: 14.731 Thread 0x0000029e5b64bc00 nmethod 3817 0x0000029e60760d10 code [0x0000029e60760ec0, 0x0000029e60761068]
Event: 14.746 Thread 0x0000029e5b64bc00 3819       2       org.objectweb.asm.MethodVisitor::visitCode (15 bytes)
Event: 14.746 Thread 0x0000029e5b64bc00 nmethod 3819 0x0000029e60761210 code [0x0000029e607613a0, 0x0000029e607614c8]
Event: 14.747 Thread 0x0000029e5b64bc00 3820       2       org.objectweb.asm.MethodVisitor::visitMaxs (17 bytes)
Event: 14.747 Thread 0x0000029e5b64bc00 nmethod 3820 0x0000029e60761590 code [0x0000029e60761720, 0x0000029e60761848]
Event: 14.747 Thread 0x0000029e5b64bc00 3821       2       org.objectweb.asm.MethodVisitor::visitEnd (15 bytes)
Event: 14.747 Thread 0x0000029e5b64bc00 nmethod 3821 0x0000029e60761910 code [0x0000029e60761aa0, 0x0000029e60761bc8]
Event: 14.755 Thread 0x0000029e5b64bc00 3822       2       org.objectweb.asm.SymbolTable::addConstantDynamicOrInvokeDynamicReference (34 bytes)
Event: 14.756 Thread 0x0000029e5b64bc00 nmethod 3822 0x0000029e60761c90 code [0x0000029e60761e40, 0x0000029e60762068]

GC Heap History (20 events):
Event: 11.393 GC heap before
{Heap before GC invocations=11 (full 1):
 PSYoungGen      total 25600K, used 25506K [0x00000000eab00000, 0x00000000ec780000, 0x0000000100000000)
  eden space 23040K, 99% used [0x00000000eab00000,0x00000000ec17fff0,0x00000000ec180000)
  from space 2560K, 96% used [0x00000000ec200000,0x00000000ec468a48,0x00000000ec480000)
  to   space 3072K, 0% used [0x00000000ec480000,0x00000000ec480000,0x00000000ec780000)
 ParOldGen       total 68608K, used 10808K [0x00000000c0000000, 0x00000000c4300000, 0x00000000eab00000)
  object space 68608K, 15% used [0x00000000c0000000,0x00000000c0a8e230,0x00000000c4300000)
 Metaspace       used 34720K, committed 35328K, reserved 1081344K
  class space    used 3514K, committed 3776K, reserved 1048576K
}
Event: 11.397 GC heap after
{Heap after GC invocations=11 (full 1):
 PSYoungGen      total 24576K, used 3040K [0x00000000eab00000, 0x00000000eca00000, 0x0000000100000000)
  eden space 21504K, 0% used [0x00000000eab00000,0x00000000eab00000,0x00000000ec000000)
  from space 3072K, 98% used [0x00000000ec480000,0x00000000ec778010,0x00000000ec780000)
  to   space 4608K, 0% used [0x00000000ec000000,0x00000000ec000000,0x00000000ec480000)
 ParOldGen       total 68608K, used 12053K [0x00000000c0000000, 0x00000000c4300000, 0x00000000eab00000)
  object space 68608K, 17% used [0x00000000c0000000,0x00000000c0bc5770,0x00000000c4300000)
 Metaspace       used 34720K, committed 35328K, reserved 1081344K
  class space    used 3514K, committed 3776K, reserved 1048576K
}
Event: 11.488 GC heap before
{Heap before GC invocations=12 (full 1):
 PSYoungGen      total 24576K, used 24544K [0x00000000eab00000, 0x00000000eca00000, 0x0000000100000000)
  eden space 21504K, 100% used [0x00000000eab00000,0x00000000ec000000,0x00000000ec000000)
  from space 3072K, 98% used [0x00000000ec480000,0x00000000ec778010,0x00000000ec780000)
  to   space 4608K, 0% used [0x00000000ec000000,0x00000000ec000000,0x00000000ec480000)
 ParOldGen       total 68608K, used 12053K [0x00000000c0000000, 0x00000000c4300000, 0x00000000eab00000)
  object space 68608K, 17% used [0x00000000c0000000,0x00000000c0bc5770,0x00000000c4300000)
 Metaspace       used 34795K, committed 35392K, reserved 1081344K
  class space    used 3527K, committed 3776K, reserved 1048576K
}
Event: 11.494 GC heap after
{Heap after GC invocations=12 (full 1):
 PSYoungGen      total 24064K, used 2208K [0x00000000eab00000, 0x00000000ec600000, 0x0000000100000000)
  eden space 21504K, 0% used [0x00000000eab00000,0x00000000eab00000,0x00000000ec000000)
  from space 2560K, 86% used [0x00000000ec000000,0x00000000ec228010,0x00000000ec280000)
  to   space 3072K, 0% used [0x00000000ec300000,0x00000000ec300000,0x00000000ec600000)
 ParOldGen       total 68608K, used 15114K [0x00000000c0000000, 0x00000000c4300000, 0x00000000eab00000)
  object space 68608K, 22% used [0x00000000c0000000,0x00000000c0ec28a0,0x00000000c4300000)
 Metaspace       used 34795K, committed 35392K, reserved 1081344K
  class space    used 3527K, committed 3776K, reserved 1048576K
}
Event: 11.557 GC heap before
{Heap before GC invocations=13 (full 1):
 PSYoungGen      total 24064K, used 23712K [0x00000000eab00000, 0x00000000ec600000, 0x0000000100000000)
  eden space 21504K, 100% used [0x00000000eab00000,0x00000000ec000000,0x00000000ec000000)
  from space 2560K, 86% used [0x00000000ec000000,0x00000000ec228010,0x00000000ec280000)
  to   space 3072K, 0% used [0x00000000ec300000,0x00000000ec300000,0x00000000ec600000)
 ParOldGen       total 68608K, used 15114K [0x00000000c0000000, 0x00000000c4300000, 0x00000000eab00000)
  object space 68608K, 22% used [0x00000000c0000000,0x00000000c0ec28a0,0x00000000c4300000)
 Metaspace       used 34795K, committed 35392K, reserved 1081344K
  class space    used 3527K, committed 3776K, reserved 1048576K
}
Event: 11.561 GC heap after
{Heap after GC invocations=13 (full 1):
 PSYoungGen      total 23552K, used 1824K [0x00000000eab00000, 0x00000000ec500000, 0x0000000100000000)
  eden space 21504K, 0% used [0x00000000eab00000,0x00000000eab00000,0x00000000ec000000)
  from space 2048K, 89% used [0x00000000ec300000,0x00000000ec4c8000,0x00000000ec500000)
  to   space 2560K, 0% used [0x00000000ec000000,0x00000000ec000000,0x00000000ec280000)
 ParOldGen       total 68608K, used 17250K [0x00000000c0000000, 0x00000000c4300000, 0x00000000eab00000)
  object space 68608K, 25% used [0x00000000c0000000,0x00000000c10d8988,0x00000000c4300000)
 Metaspace       used 34795K, committed 35392K, reserved 1081344K
  class space    used 3527K, committed 3776K, reserved 1048576K
}
Event: 11.620 GC heap before
{Heap before GC invocations=14 (full 1):
 PSYoungGen      total 23552K, used 23328K [0x00000000eab00000, 0x00000000ec500000, 0x0000000100000000)
  eden space 21504K, 100% used [0x00000000eab00000,0x00000000ec000000,0x00000000ec000000)
  from space 2048K, 89% used [0x00000000ec300000,0x00000000ec4c8000,0x00000000ec500000)
  to   space 2560K, 0% used [0x00000000ec000000,0x00000000ec000000,0x00000000ec280000)
 ParOldGen       total 68608K, used 17250K [0x00000000c0000000, 0x00000000c4300000, 0x00000000eab00000)
  object space 68608K, 25% used [0x00000000c0000000,0x00000000c10d8988,0x00000000c4300000)
 Metaspace       used 34795K, committed 35392K, reserved 1081344K
  class space    used 3527K, committed 3776K, reserved 1048576K
}
Event: 11.624 GC heap after
{Heap after GC invocations=14 (full 1):
 PSYoungGen      total 24064K, used 2144K [0x00000000eab00000, 0x00000000ec500000, 0x0000000100000000)
  eden space 21504K, 0% used [0x00000000eab00000,0x00000000eab00000,0x00000000ec000000)
  from space 2560K, 83% used [0x00000000ec000000,0x00000000ec218010,0x00000000ec280000)
  to   space 2560K, 0% used [0x00000000ec280000,0x00000000ec280000,0x00000000ec500000)
 ParOldGen       total 68608K, used 19042K [0x00000000c0000000, 0x00000000c4300000, 0x00000000eab00000)
  object space 68608K, 27% used [0x00000000c0000000,0x00000000c1298988,0x00000000c4300000)
 Metaspace       used 34795K, committed 35392K, reserved 1081344K
  class space    used 3527K, committed 3776K, reserved 1048576K
}
Event: 11.693 GC heap before
{Heap before GC invocations=15 (full 1):
 PSYoungGen      total 24064K, used 23648K [0x00000000eab00000, 0x00000000ec500000, 0x0000000100000000)
  eden space 21504K, 100% used [0x00000000eab00000,0x00000000ec000000,0x00000000ec000000)
  from space 2560K, 83% used [0x00000000ec000000,0x00000000ec218010,0x00000000ec280000)
  to   space 2560K, 0% used [0x00000000ec280000,0x00000000ec280000,0x00000000ec500000)
 ParOldGen       total 68608K, used 19042K [0x00000000c0000000, 0x00000000c4300000, 0x00000000eab00000)
  object space 68608K, 27% used [0x00000000c0000000,0x00000000c1298988,0x00000000c4300000)
 Metaspace       used 34795K, committed 35392K, reserved 1081344K
  class space    used 3527K, committed 3776K, reserved 1048576K
}
Event: 11.697 GC heap after
{Heap after GC invocations=15 (full 1):
 PSYoungGen      total 23552K, used 1760K [0x00000000eab00000, 0x00000000ec480000, 0x0000000100000000)
  eden space 21504K, 0% used [0x00000000eab00000,0x00000000eab00000,0x00000000ec000000)
  from space 2048K, 85% used [0x00000000ec280000,0x00000000ec438000,0x00000000ec480000)
  to   space 2048K, 0% used [0x00000000ec080000,0x00000000ec080000,0x00000000ec280000)
 ParOldGen       total 68608K, used 21162K [0x00000000c0000000, 0x00000000c4300000, 0x00000000eab00000)
  object space 68608K, 30% used [0x00000000c0000000,0x00000000c14aa998,0x00000000c4300000)
 Metaspace       used 34795K, committed 35392K, reserved 1081344K
  class space    used 3527K, committed 3776K, reserved 1048576K
}
Event: 11.954 GC heap before
{Heap before GC invocations=16 (full 1):
 PSYoungGen      total 23552K, used 12555K [0x00000000eab00000, 0x00000000ec480000, 0x0000000100000000)
  eden space 21504K, 50% used [0x00000000eab00000,0x00000000eb58afa8,0x00000000ec000000)
  from space 2048K, 85% used [0x00000000ec280000,0x00000000ec438000,0x00000000ec480000)
  to   space 2048K, 0% used [0x00000000ec080000,0x00000000ec080000,0x00000000ec280000)
 ParOldGen       total 68608K, used 21162K [0x00000000c0000000, 0x00000000c4300000, 0x00000000eab00000)
  object space 68608K, 30% used [0x00000000c0000000,0x00000000c14aa998,0x00000000c4300000)
 Metaspace       used 35281K, committed 35840K, reserved 1089536K
  class space    used 3573K, committed 3840K, reserved 1048576K
}
Event: 11.960 GC heap after
{Heap after GC invocations=16 (full 1):
 PSYoungGen      total 23552K, used 1764K [0x00000000eab00000, 0x00000000ec400000, 0x0000000100000000)
  eden space 21504K, 0% used [0x00000000eab00000,0x00000000eab00000,0x00000000ec000000)
  from space 2048K, 86% used [0x00000000ec080000,0x00000000ec2393d0,0x00000000ec280000)
  to   space 1536K, 0% used [0x00000000ec280000,0x00000000ec280000,0x00000000ec400000)
 ParOldGen       total 68608K, used 22880K [0x00000000c0000000, 0x00000000c4300000, 0x00000000eab00000)
  object space 68608K, 33% used [0x00000000c0000000,0x00000000c1658218,0x00000000c4300000)
 Metaspace       used 35281K, committed 35840K, reserved 1089536K
  class space    used 3573K, committed 3840K, reserved 1048576K
}
Event: 11.960 GC heap before
{Heap before GC invocations=17 (full 2):
 PSYoungGen      total 23552K, used 1764K [0x00000000eab00000, 0x00000000ec400000, 0x0000000100000000)
  eden space 21504K, 0% used [0x00000000eab00000,0x00000000eab00000,0x00000000ec000000)
  from space 2048K, 86% used [0x00000000ec080000,0x00000000ec2393d0,0x00000000ec280000)
  to   space 1536K, 0% used [0x00000000ec280000,0x00000000ec280000,0x00000000ec400000)
 ParOldGen       total 68608K, used 22880K [0x00000000c0000000, 0x00000000c4300000, 0x00000000eab00000)
  object space 68608K, 33% used [0x00000000c0000000,0x00000000c1658218,0x00000000c4300000)
 Metaspace       used 35281K, committed 35840K, reserved 1089536K
  class space    used 3573K, committed 3840K, reserved 1048576K
}
Event: 12.008 GC heap after
{Heap after GC invocations=17 (full 2):
 PSYoungGen      total 23552K, used 0K [0x00000000eab00000, 0x00000000ec400000, 0x0000000100000000)
  eden space 21504K, 0% used [0x00000000eab00000,0x00000000eab00000,0x00000000ec000000)
  from space 2048K, 0% used [0x00000000ec080000,0x00000000ec080000,0x00000000ec280000)
  to   space 1536K, 0% used [0x00000000ec280000,0x00000000ec280000,0x00000000ec400000)
 ParOldGen       total 68608K, used 23931K [0x00000000c0000000, 0x00000000c4300000, 0x00000000eab00000)
  object space 68608K, 34% used [0x00000000c0000000,0x00000000c175ece0,0x00000000c4300000)
 Metaspace       used 35281K, committed 35840K, reserved 1089536K
  class space    used 3573K, committed 3840K, reserved 1048576K
}
Event: 12.922 GC heap before
{Heap before GC invocations=18 (full 2):
 PSYoungGen      total 23552K, used 21474K [0x00000000eab00000, 0x00000000ec400000, 0x0000000100000000)
  eden space 21504K, 99% used [0x00000000eab00000,0x00000000ebff8898,0x00000000ec000000)
  from space 2048K, 0% used [0x00000000ec080000,0x00000000ec080000,0x00000000ec280000)
  to   space 1536K, 0% used [0x00000000ec280000,0x00000000ec280000,0x00000000ec400000)
 ParOldGen       total 68608K, used 23931K [0x00000000c0000000, 0x00000000c4300000, 0x00000000eab00000)
  object space 68608K, 34% used [0x00000000c0000000,0x00000000c175ece0,0x00000000c4300000)
 Metaspace       used 37277K, committed 37888K, reserved 1089536K
  class space    used 3851K, committed 4096K, reserved 1048576K
}
Event: 12.923 GC heap after
{Heap after GC invocations=18 (full 2):
 PSYoungGen      total 22528K, used 598K [0x00000000eab00000, 0x00000000ec380000, 0x0000000100000000)
  eden space 21504K, 0% used [0x00000000eab00000,0x00000000eab00000,0x00000000ec000000)
  from space 1024K, 58% used [0x00000000ec280000,0x00000000ec315a20,0x00000000ec380000)
  to   space 1536K, 0% used [0x00000000ec080000,0x00000000ec080000,0x00000000ec200000)
 ParOldGen       total 68608K, used 23939K [0x00000000c0000000, 0x00000000c4300000, 0x00000000eab00000)
  object space 68608K, 34% used [0x00000000c0000000,0x00000000c1760ce0,0x00000000c4300000)
 Metaspace       used 37277K, committed 37888K, reserved 1089536K
  class space    used 3851K, committed 4096K, reserved 1048576K
}
Event: 14.545 GC heap before
{Heap before GC invocations=19 (full 2):
 PSYoungGen      total 22528K, used 22102K [0x00000000eab00000, 0x00000000ec380000, 0x0000000100000000)
  eden space 21504K, 100% used [0x00000000eab00000,0x00000000ec000000,0x00000000ec000000)
  from space 1024K, 58% used [0x00000000ec280000,0x00000000ec315a20,0x00000000ec380000)
  to   space 1536K, 0% used [0x00000000ec080000,0x00000000ec080000,0x00000000ec200000)
 ParOldGen       total 68608K, used 23939K [0x00000000c0000000, 0x00000000c4300000, 0x00000000eab00000)
  object space 68608K, 34% used [0x00000000c0000000,0x00000000c1760ce0,0x00000000c4300000)
 Metaspace       used 38922K, committed 39616K, reserved 1089536K
  class space    used 3993K, committed 4352K, reserved 1048576K
}
Event: 14.547 GC heap after
{Heap after GC invocations=19 (full 2):
 PSYoungGen      total 23040K, used 1113K [0x00000000eab00000, 0x00000000ec300000, 0x0000000100000000)
  eden space 21504K, 0% used [0x00000000eab00000,0x00000000eab00000,0x00000000ec000000)
  from space 1536K, 72% used [0x00000000ec080000,0x00000000ec196620,0x00000000ec200000)
  to   space 1024K, 0% used [0x00000000ec200000,0x00000000ec200000,0x00000000ec300000)
 ParOldGen       total 68608K, used 24492K [0x00000000c0000000, 0x00000000c4300000, 0x00000000eab00000)
  object space 68608K, 35% used [0x00000000c0000000,0x00000000c17eb1e8,0x00000000c4300000)
 Metaspace       used 38922K, committed 39616K, reserved 1089536K
  class space    used 3993K, committed 4352K, reserved 1048576K
}
Event: 14.720 GC heap before
{Heap before GC invocations=20 (full 2):
 PSYoungGen      total 23040K, used 22617K [0x00000000eab00000, 0x00000000ec300000, 0x0000000100000000)
  eden space 21504K, 100% used [0x00000000eab00000,0x00000000ec000000,0x00000000ec000000)
  from space 1536K, 72% used [0x00000000ec080000,0x00000000ec196620,0x00000000ec200000)
  to   space 1024K, 0% used [0x00000000ec200000,0x00000000ec200000,0x00000000ec300000)
 ParOldGen       total 68608K, used 24492K [0x00000000c0000000, 0x00000000c4300000, 0x00000000eab00000)
  object space 68608K, 35% used [0x00000000c0000000,0x00000000c17eb1e8,0x00000000c4300000)
 Metaspace       used 38959K, committed 39616K, reserved 1089536K
  class space    used 3993K, committed 4352K, reserved 1048576K
}
Event: 14.721 GC heap after
{Heap after GC invocations=20 (full 2):
 PSYoungGen      total 22016K, used 412K [0x00000000eab00000, 0x00000000ec280000, 0x0000000100000000)
  eden space 21504K, 0% used [0x00000000eab00000,0x00000000eab00000,0x00000000ec000000)
  from space 512K, 80% used [0x00000000ec200000,0x00000000ec267260,0x00000000ec280000)
  to   space 1024K, 0% used [0x00000000ec080000,0x00000000ec080000,0x00000000ec180000)
 ParOldGen       total 68608K, used 25325K [0x00000000c0000000, 0x00000000c4300000, 0x00000000eab00000)
  object space 68608K, 36% used [0x00000000c0000000,0x00000000c18bb428,0x00000000c4300000)
 Metaspace       used 38959K, committed 39616K, reserved 1089536K
  class space    used 3993K, committed 4352K, reserved 1048576K
}

Dll operation events (10 events):
Event: 0.334 Loaded shared library c:\Users\HP\.vscode\extensions\redhat.java-1.13.0-win32-x64\jre\17.0.5-win32-x86_64\bin\java.dll
Event: 0.712 Loaded shared library c:\Users\HP\.vscode\extensions\redhat.java-1.13.0-win32-x64\jre\17.0.5-win32-x86_64\bin\zip.dll
Event: 0.735 Loaded shared library C:\Users\HP\.vscode\extensions\redhat.java-1.13.0-win32-x64\jre\17.0.5-win32-x86_64\bin\instrument.dll
Event: 0.772 Loaded shared library C:\Users\HP\.vscode\extensions\redhat.java-1.13.0-win32-x64\jre\17.0.5-win32-x86_64\bin\net.dll
Event: 0.782 Loaded shared library C:\Users\HP\.vscode\extensions\redhat.java-1.13.0-win32-x64\jre\17.0.5-win32-x86_64\bin\nio.dll
Event: 0.798 Loaded shared library C:\Users\HP\.vscode\extensions\redhat.java-1.13.0-win32-x64\jre\17.0.5-win32-x86_64\bin\zip.dll
Event: 0.828 Loaded shared library C:\Users\HP\.vscode\extensions\redhat.java-1.13.0-win32-x64\jre\17.0.5-win32-x86_64\bin\jimage.dll
Event: 0.995 Loaded shared library c:\Users\HP\.vscode\extensions\redhat.java-1.13.0-win32-x64\jre\17.0.5-win32-x86_64\bin\verify.dll
Event: 3.732 Loaded shared library C:\Users\HP\AppData\Roaming\Code\User\globalStorage\redhat.java\1.13.0\config_ss_win\org.eclipse.equinox.launcher\org.eclipse.equinox.launcher.win32.win32.x86_64_1.2.600.v20220720-1916\eclipse_11700.dll
Event: 9.921 Loaded shared library C:\Users\HP\AppData\Local\Temp\jna-2312\jna15397724754542521372.dll

Deoptimization events (20 events):
Event: 14.608 Thread 0x0000029e7455b250 Uncommon trap: trap_request=0xffffffde fr.pc=0x0000029e675b707c relative=0x000000000000713c
Event: 14.608 Thread 0x0000029e7455b250 Uncommon trap: reason=class_check action=maybe_recompile pc=0x0000029e675b707c method=lombok.patcher.PatchScript$MethodPatcher.visitMethod(ILjava/lang/String;Ljava/lang/String;Ljava/lang/String;[Ljava/lang/String;)Lorg/objectweb/asm/MethodVisitor; @ 101 c
Event: 14.608 Thread 0x0000029e7455b250 DEOPT PACKING pc=0x0000029e675b707c sp=0x000000ff118f81b0
Event: 14.608 Thread 0x0000029e7455b250 DEOPT UNPACKING pc=0x0000029e5fa558a3 sp=0x000000ff118f8118 mode 2
Event: 14.608 Thread 0x0000029e7455b250 Uncommon trap: trap_request=0xffffffde fr.pc=0x0000029e675b707c relative=0x000000000000713c
Event: 14.608 Thread 0x0000029e7455b250 Uncommon trap: reason=class_check action=maybe_recompile pc=0x0000029e675b707c method=lombok.patcher.PatchScript$MethodPatcher.visitMethod(ILjava/lang/String;Ljava/lang/String;Ljava/lang/String;[Ljava/lang/String;)Lorg/objectweb/asm/MethodVisitor; @ 101 c
Event: 14.608 Thread 0x0000029e7455b250 DEOPT PACKING pc=0x0000029e675b707c sp=0x000000ff118f81b0
Event: 14.608 Thread 0x0000029e7455b250 DEOPT UNPACKING pc=0x0000029e5fa558a3 sp=0x000000ff118f8118 mode 2
Event: 14.608 Thread 0x0000029e7455b250 Uncommon trap: trap_request=0xffffffde fr.pc=0x0000029e675b707c relative=0x000000000000713c
Event: 14.608 Thread 0x0000029e7455b250 Uncommon trap: reason=class_check action=maybe_recompile pc=0x0000029e675b707c method=lombok.patcher.PatchScript$MethodPatcher.visitMethod(ILjava/lang/String;Ljava/lang/String;Ljava/lang/String;[Ljava/lang/String;)Lorg/objectweb/asm/MethodVisitor; @ 101 c
Event: 14.608 Thread 0x0000029e7455b250 DEOPT PACKING pc=0x0000029e675b707c sp=0x000000ff118f81b0
Event: 14.608 Thread 0x0000029e7455b250 DEOPT UNPACKING pc=0x0000029e5fa558a3 sp=0x000000ff118f8118 mode 2
Event: 14.697 Thread 0x0000029e7455b250 Uncommon trap: trap_request=0xffffff45 fr.pc=0x0000029e67688be4 relative=0x0000000000000344
Event: 14.698 Thread 0x0000029e7455b250 Uncommon trap: reason=unstable_if action=reinterpret pc=0x0000029e67688be4 method=org.objectweb.asm.MethodWriter.computeMethodInfoSize()I @ 228 c2
Event: 14.698 Thread 0x0000029e7455b250 DEOPT PACKING pc=0x0000029e67688be4 sp=0x000000ff118f83c0
Event: 14.698 Thread 0x0000029e7455b250 DEOPT UNPACKING pc=0x0000029e5fa558a3 sp=0x000000ff118f8360 mode 2
Event: 14.698 Thread 0x0000029e7455b250 Uncommon trap: trap_request=0xffffff45 fr.pc=0x0000029e6768a4a4 relative=0x0000000000000ec4
Event: 14.698 Thread 0x0000029e7455b250 Uncommon trap: reason=unstable_if action=reinterpret pc=0x0000029e6768a4a4 method=org.objectweb.asm.MethodWriter.putMethodInfo(Lorg/objectweb/asm/ByteVector;)V @ 374 c2
Event: 14.698 Thread 0x0000029e7455b250 DEOPT PACKING pc=0x0000029e6768a4a4 sp=0x000000ff118f8380
Event: 14.698 Thread 0x0000029e7455b250 DEOPT UNPACKING pc=0x0000029e5fa558a3 sp=0x000000ff118f8338 mode 2

Classes unloaded (7 events):
Event: 6.294 Thread 0x0000029e712fb790 Unloading class 0x000000010021a400 'java/lang/invoke/LambdaForm$MH+0x000000010021a400'
Event: 6.295 Thread 0x0000029e712fb790 Unloading class 0x000000010021a000 'java/lang/invoke/LambdaForm$MH+0x000000010021a000'
Event: 6.295 Thread 0x0000029e712fb790 Unloading class 0x0000000100219c00 'java/lang/invoke/LambdaForm$MH+0x0000000100219c00'
Event: 6.295 Thread 0x0000029e712fb790 Unloading class 0x0000000100219800 'java/lang/invoke/LambdaForm$MH+0x0000000100219800'
Event: 6.295 Thread 0x0000029e712fb790 Unloading class 0x0000000100219000 'java/lang/invoke/LambdaForm$BMH+0x0000000100219000'
Event: 6.295 Thread 0x0000029e712fb790 Unloading class 0x0000000100218c00 'java/lang/invoke/LambdaForm$DMH+0x0000000100218c00'
Event: 6.295 Thread 0x0000029e712fb790 Unloading class 0x0000000100216000 'java/lang/invoke/LambdaForm$DMH+0x0000000100216000'

Classes redefined (0 events):
No events

Internal exceptions (20 events):
Event: 9.982 Thread 0x0000029e7354a2d0 Exception <a 'java/io/FileNotFoundException'{0x00000000eb47b318}> (0x00000000eb47b318) 
thrown [s\src\hotspot\share\prims\jni.cpp, line 516]
Event: 9.999 Thread 0x0000029e7354a2d0 Exception <a 'java/io/FileNotFoundException'{0x00000000eb4ee630}> (0x00000000eb4ee630) 
thrown [s\src\hotspot\share\prims\jni.cpp, line 516]
Event: 10.017 Thread 0x0000029e7354a2d0 Exception <a 'java/lang/UnsatisfiedLinkError'{0x00000000eb5792b8}: The specified procedure could not be found.
> (0x00000000eb5792b8) 
thrown [s\src\hotspot\share\prims\jni.cpp, line 535]
Event: 10.071 Thread 0x0000029e5b589760 Exception <a 'java/lang/NoSuchMethodError'{0x00000000eb68ac20}: 'java.lang.Object java.lang.invoke.DirectMethodHandle$Holder.invokeStatic(java.lang.Object, java.lang.Object, long, java.lang.Object)'> (0x00000000eb68ac20) 
thrown [s\src\hotspot\share\interpreter\linkResolver.cpp, line 759]
Event: 10.071 Thread 0x0000029e5b589760 Exception <a 'java/lang/NoSuchMethodError'{0x00000000eb68e6b8}: 'java.lang.Object java.lang.invoke.DirectMethodHandle$Holder.invokeStaticInit(java.lang.Object, java.lang.Object, long, java.lang.Object)'> (0x00000000eb68e6b8) 
thrown [s\src\hotspot\share\interpreter\linkResolver.cpp, line 759]
Event: 10.072 Thread 0x0000029e5b589760 Exception <a 'java/lang/NoSuchMethodError'{0x00000000eb69c1b8}: 'java.lang.Object java.lang.invoke.DirectMethodHandle$Holder.newInvokeSpecial(java.lang.Object, java.lang.Object, long)'> (0x00000000eb69c1b8) 
thrown [s\src\hotspot\share\interpreter\linkResolver.cpp, line 759]
Event: 10.074 Thread 0x0000029e5b589760 Exception <a 'java/lang/NoSuchMethodError'{0x00000000eb69fd28}: 'java.lang.Object java.lang.invoke.Invokers$Holder.linkToTargetMethod(java.lang.Object, long, java.lang.Object)'> (0x00000000eb69fd28) 
thrown [s\src\hotspot\share\interpreter\linkResolver.cpp, line 759]
Event: 10.132 Thread 0x0000029e5b589760 Exception <a 'java/lang/NoSuchMethodError'{0x00000000eb839ae8}: 'void java.lang.invoke.DirectMethodHandle$Holder.invokeStatic(java.lang.Object, java.lang.Object, java.lang.Object, java.lang.Object)'> (0x00000000eb839ae8) 
thrown [s\src\hotspot\share\interpreter\linkResolver.cpp, line 759]
Event: 10.371 Thread 0x0000029e5b589760 Exception <a 'java/lang/NoSuchMethodError'{0x00000000ebf8b520}: 'void java.lang.invoke.DirectMethodHandle$Holder.invokeSpecial(java.lang.Object, java.lang.Object, java.lang.Object, java.lang.Object, java.lang.Object, java.lang.Object)'> (0x00000000ebf8b520) 
thrown [s\src\hotspot\share\interpreter\linkResolver.cpp, line 759]
Event: 10.372 Thread 0x0000029e5b589760 Exception <a 'java/lang/NoSuchMethodError'{0x00000000ebf92e40}: 'java.lang.Object java.lang.invoke.DirectMethodHandle$Holder.newInvokeSpecial(java.lang.Object, java.lang.Object, java.lang.Object, java.lang.Object, java.lang.Object)'> (0x00000000ebf92e40) 
thrown [s\src\hotspot\share\interpreter\linkResolver.cpp, line 759]
Event: 10.598 Thread 0x0000029e7455b250 Exception <a 'java/io/FileNotFoundException'{0x00000000eac04aa8}> (0x00000000eac04aa8) 
thrown [s\src\hotspot\share\prims\jni.cpp, line 516]
Event: 10.812 Thread 0x0000029e7455b250 Exception <a 'java/lang/NoSuchMethodError'{0x00000000eb078340}: 'int java.lang.invoke.DirectMethodHandle$Holder.invokeVirtual(java.lang.Object, java.lang.Object)'> (0x00000000eb078340) 
thrown [s\src\hotspot\share\interpreter\linkResolver.cpp, line 759]
Event: 10.931 Thread 0x0000029e74559f10 Exception <a 'java/lang/NoSuchMethodError'{0x00000000eb474808}: 'java.lang.Object java.lang.invoke.Invokers$Holder.invoke_MT(java.lang.Object, java.lang.Object, java.lang.Object)'> (0x00000000eb474808) 
thrown [s\src\hotspot\share\interpreter\linkResolver.cpp, line 759]
Event: 11.235 Thread 0x0000029e74559f10 Exception <a 'java/io/FileNotFoundException'{0x00000000eb7a7068}> (0x00000000eb7a7068) 
thrown [s\src\hotspot\share\prims\jni.cpp, line 516]
Event: 11.236 Thread 0x0000029e74559f10 Exception <a 'java/io/FileNotFoundException'{0x00000000eb7a8908}> (0x00000000eb7a8908) 
thrown [s\src\hotspot\share\prims\jni.cpp, line 516]
Event: 11.237 Thread 0x0000029e74559f10 Exception <a 'java/lang/NoSuchMethodError'{0x00000000eb7b4a78}: 'void java.lang.invoke.DirectMethodHandle$Holder.invokeStaticInit(java.lang.Object, java.lang.Object, java.lang.Object)'> (0x00000000eb7b4a78) 
thrown [s\src\hotspot\share\interpreter\linkResolver.cpp, line 759]
Event: 11.778 Thread 0x0000029e74559f10 Exception <a 'java/lang/NoSuchMethodError'{0x00000000eb2a29f8}: 'java.lang.Object java.lang.invoke.DirectMethodHandle$Holder.newInvokeSpecial(java.lang.Object, java.lang.Object, java.lang.Object, int, java.lang.Object)'> (0x00000000eb2a29f8) 
thrown [s\src\hotspot\share\interpreter\linkResolver.cpp, line 759]
Event: 11.780 Thread 0x0000029e74559f10 Exception <a 'java/lang/NoSuchMethodError'{0x00000000eb2a6ba8}: 'java.lang.Object java.lang.invoke.DirectMethodHandle$Holder.invokeSpecial(java.lang.Object, java.lang.Object, java.lang.Object, java.lang.Object, int, java.lang.Object)'> (0x00000000eb2a6ba8) 
thrown [s\src\hotspot\share\interpreter\linkResolver.cpp, line 759]
Event: 11.909 Thread 0x0000029e7455b250 Exception <a 'java/lang/NoSuchMethodError'{0x00000000eb517f78}: 'java.lang.Object java.lang.invoke.DirectMethodHandle$Holder.invokeInterface(java.lang.Object, java.lang.Object, java.lang.Object)'> (0x00000000eb517f78) 
thrown [s\src\hotspot\share\interpreter\linkResolver.cpp, line 759]
Event: 13.823 Thread 0x0000029e7455b250 Implicit null exception at 0x0000029e675cd447 to 0x0000029e675ce0d0

VM Operations (20 events):
Event: 11.557 Executing VM operation: ParallelGCFailedAllocation
Event: 11.561 Executing VM operation: ParallelGCFailedAllocation done
Event: 11.620 Executing VM operation: ParallelGCFailedAllocation
Event: 11.624 Executing VM operation: ParallelGCFailedAllocation done
Event: 11.693 Executing VM operation: ParallelGCFailedAllocation
Event: 11.697 Executing VM operation: ParallelGCFailedAllocation done
Event: 11.954 Executing VM operation: CollectForMetadataAllocation
Event: 12.013 Executing VM operation: CollectForMetadataAllocation done
Event: 12.283 Executing VM operation: HandshakeAllThreads
Event: 12.283 Executing VM operation: HandshakeAllThreads done
Event: 12.812 Executing VM operation: HandshakeAllThreads
Event: 12.812 Executing VM operation: HandshakeAllThreads done
Event: 12.922 Executing VM operation: ParallelGCFailedAllocation
Event: 12.923 Executing VM operation: ParallelGCFailedAllocation done
Event: 13.927 Executing VM operation: Cleanup
Event: 13.927 Executing VM operation: Cleanup done
Event: 14.545 Executing VM operation: ParallelGCFailedAllocation
Event: 14.547 Executing VM operation: ParallelGCFailedAllocation done
Event: 14.720 Executing VM operation: ParallelGCFailedAllocation
Event: 14.721 Executing VM operation: ParallelGCFailedAllocation done

Events (20 events):
Event: 11.882 loading class jdk/internal/reflect/UnsafeIntegerFieldAccessorImpl
Event: 11.882 loading class jdk/internal/reflect/UnsafeIntegerFieldAccessorImpl done
Event: 12.029 loading class sun/nio/cs/ThreadLocalCoders
Event: 12.029 loading class sun/nio/cs/ThreadLocalCoders done
Event: 12.029 loading class sun/nio/cs/ThreadLocalCoders$1
Event: 12.029 loading class sun/nio/cs/ThreadLocalCoders$Cache
Event: 12.029 loading class sun/nio/cs/ThreadLocalCoders$Cache done
Event: 12.029 loading class sun/nio/cs/ThreadLocalCoders$1 done
Event: 12.029 loading class sun/nio/cs/ThreadLocalCoders$2
Event: 12.029 loading class sun/nio/cs/ThreadLocalCoders$2 done
Event: 12.070 loading class java/lang/ExceptionInInitializerError
Event: 12.070 loading class java/lang/ExceptionInInitializerError done
Event: 12.234 loading class java/util/AbstractList$RandomAccessSpliterator
Event: 12.235 loading class java/util/AbstractList$RandomAccessSpliterator done
Event: 13.055 loading class java/util/Vector$1
Event: 13.056 loading class java/util/Vector$1 done
Event: 13.824 loading class java/util/Collections$UnmodifiableSortedSet
Event: 13.824 loading class java/util/Collections$UnmodifiableSortedSet done
Event: 14.031 loading class java/util/regex/Pattern$Caret
Event: 14.031 loading class java/util/regex/Pattern$Caret done


Dynamic libraries:
0x00007ff6bd920000 - 0x00007ff6bd92e000 	c:\Users\HP\.vscode\extensions\redhat.java-1.13.0-win32-x64\jre\17.0.5-win32-x86_64\bin\java.exe
0x00007ffa6adf0000 - 0x00007ffa6afe8000 	C:\windows\SYSTEM32\ntdll.dll
0x00007ffa303e0000 - 0x00007ffa303f7000 	C:\Program Files\Avast Software\Avast\aswhook.dll
0x00007ffa6a940000 - 0x00007ffa6a9ff000 	C:\windows\System32\KERNEL32.DLL
0x00007ffa686f0000 - 0x00007ffa689c2000 	C:\windows\System32\KERNELBASE.dll
0x00007ffa68d30000 - 0x00007ffa68e30000 	C:\windows\System32\ucrtbase.dll
0x00007ffa5e350000 - 0x00007ffa5e367000 	c:\Users\HP\.vscode\extensions\redhat.java-1.13.0-win32-x64\jre\17.0.5-win32-x86_64\bin\jli.dll
0x00007ffa6aa00000 - 0x00007ffa6aba1000 	C:\windows\System32\USER32.dll
0x00007ffa68a40000 - 0x00007ffa68a62000 	C:\windows\System32\win32u.dll
0x00007ffa6a7d0000 - 0x00007ffa6a7fb000 	C:\windows\System32\GDI32.dll
0x00007ffa68590000 - 0x00007ffa6869f000 	C:\windows\System32\gdi32full.dll
0x00007ffa68b30000 - 0x00007ffa68bcd000 	C:\windows\System32\msvcp_win.dll
0x00007ffa3faa0000 - 0x00007ffa3fd3a000 	C:\windows\WinSxS\amd64_microsoft.windows.common-controls_6595b64144ccf1df_6.0.19041.1110_none_60b5254171f9507e\COMCTL32.dll
0x00007ffa691b0000 - 0x00007ffa6924e000 	C:\windows\System32\msvcrt.dll
0x00007ffa5e330000 - 0x00007ffa5e349000 	c:\Users\HP\.vscode\extensions\redhat.java-1.13.0-win32-x64\jre\17.0.5-win32-x86_64\bin\VCRUNTIME140.dll
0x00007ffa692c0000 - 0x00007ffa692f2000 	C:\windows\System32\IMM32.DLL
0x00007ffa5f870000 - 0x00007ffa5f87c000 	c:\Users\HP\.vscode\extensions\redhat.java-1.13.0-win32-x64\jre\17.0.5-win32-x86_64\bin\vcruntime140_1.dll
0x00007ffa36530000 - 0x00007ffa365c1000 	c:\Users\HP\.vscode\extensions\redhat.java-1.13.0-win32-x64\jre\17.0.5-win32-x86_64\bin\msvcp140.dll
0x00007ffa1cf10000 - 0x00007ffa1db54000 	c:\Users\HP\.vscode\extensions\redhat.java-1.13.0-win32-x64\jre\17.0.5-win32-x86_64\bin\server\jvm.dll
0x00007ffa6ad00000 - 0x00007ffa6adae000 	C:\windows\System32\ADVAPI32.dll
0x00007ffa6abb0000 - 0x00007ffa6ac4c000 	C:\windows\System32\sechost.dll
0x00007ffa68ff0000 - 0x00007ffa69115000 	C:\windows\System32\RPCRT4.dll
0x00007ffa4c2c0000 - 0x00007ffa4c2c9000 	C:\windows\SYSTEM32\WSOCK32.dll
0x00007ffa69860000 - 0x00007ffa698cb000 	C:\windows\System32\WS2_32.dll
0x00007ffa3f4a0000 - 0x00007ffa3f4c7000 	C:\windows\SYSTEM32\WINMM.dll
0x00007ffa5eab0000 - 0x00007ffa5eaba000 	C:\windows\SYSTEM32\VERSION.dll
0x00007ffa66d30000 - 0x00007ffa66d42000 	C:\windows\SYSTEM32\kernel.appcore.dll
0x00007ffa5e7b0000 - 0x00007ffa5e7ba000 	c:\Users\HP\.vscode\extensions\redhat.java-1.13.0-win32-x64\jre\17.0.5-win32-x86_64\bin\jimage.dll
0x00007ffa62850000 - 0x00007ffa62a34000 	C:\windows\SYSTEM32\DBGHELP.DLL
0x00007ffa4fa60000 - 0x00007ffa4fa95000 	C:\windows\SYSTEM32\dbgcore.DLL
0x00007ffa68a70000 - 0x00007ffa68af2000 	C:\windows\System32\bcryptPrimitives.dll
0x00007ffa5e320000 - 0x00007ffa5e32e000 	c:\Users\HP\.vscode\extensions\redhat.java-1.13.0-win32-x64\jre\17.0.5-win32-x86_64\bin\instrument.dll
0x00007ffa4e8c0000 - 0x00007ffa4e8e5000 	c:\Users\HP\.vscode\extensions\redhat.java-1.13.0-win32-x64\jre\17.0.5-win32-x86_64\bin\java.dll
0x00007ffa4f460000 - 0x00007ffa4f478000 	c:\Users\HP\.vscode\extensions\redhat.java-1.13.0-win32-x64\jre\17.0.5-win32-x86_64\bin\zip.dll
0x00007ffa69da0000 - 0x00007ffa6a4e4000 	C:\windows\System32\SHELL32.dll
0x00007ffa66550000 - 0x00007ffa66ce2000 	C:\windows\SYSTEM32\windows.storage.dll
0x00007ffa69300000 - 0x00007ffa69655000 	C:\windows\System32\combase.dll
0x00007ffa67e60000 - 0x00007ffa67e90000 	C:\windows\SYSTEM32\Wldp.dll
0x00007ffa69660000 - 0x00007ffa6970d000 	C:\windows\System32\SHCORE.dll
0x00007ffa69250000 - 0x00007ffa692a5000 	C:\windows\System32\shlwapi.dll
0x00007ffa68420000 - 0x00007ffa6843f000 	C:\windows\SYSTEM32\profapi.dll
0x00007ffa4f1c0000 - 0x00007ffa4f1d9000 	C:\Users\HP\.vscode\extensions\redhat.java-1.13.0-win32-x64\jre\17.0.5-win32-x86_64\bin\net.dll
0x00007ffa54c80000 - 0x00007ffa54d8c000 	C:\windows\SYSTEM32\WINHTTP.dll
0x00007ffa67bc0000 - 0x00007ffa67c2a000 	C:\windows\system32\mswsock.dll
0x00007ffa4f190000 - 0x00007ffa4f1a5000 	C:\Users\HP\.vscode\extensions\redhat.java-1.13.0-win32-x64\jre\17.0.5-win32-x86_64\bin\nio.dll
0x00007ffa5e310000 - 0x00007ffa5e320000 	c:\Users\HP\.vscode\extensions\redhat.java-1.13.0-win32-x64\jre\17.0.5-win32-x86_64\bin\verify.dll
0x00007ffa4b920000 - 0x00007ffa4b95e000 	C:\Users\HP\AppData\Roaming\Code\User\globalStorage\redhat.java\1.13.0\config_ss_win\org.eclipse.equinox.launcher\org.eclipse.equinox.launcher.win32.win32.x86_64_1.2.600.v20220720-1916\eclipse_11700.dll
0x00007ffa6a4f0000 - 0x00007ffa6a61a000 	C:\windows\System32\ole32.dll
0x00007ffa67db0000 - 0x00007ffa67dc8000 	C:\windows\SYSTEM32\CRYPTSP.dll
0x00007ffa674e0000 - 0x00007ffa67514000 	C:\windows\system32\rsaenh.dll
0x00007ffa68b00000 - 0x00007ffa68b27000 	C:\windows\System32\bcrypt.dll
0x00007ffa683a0000 - 0x00007ffa683ce000 	C:\windows\SYSTEM32\USERENV.dll
0x00007ffa67dd0000 - 0x00007ffa67ddc000 	C:\windows\SYSTEM32\CRYPTBASE.dll
0x00007ffa678b0000 - 0x00007ffa678eb000 	C:\windows\SYSTEM32\IPHLPAPI.DLL
0x00007ffa691a0000 - 0x00007ffa691a8000 	C:\windows\System32\NSI.dll
0x00007ffa5aeb0000 - 0x00007ffa5aec7000 	C:\windows\SYSTEM32\dhcpcsvc6.DLL
0x00007ffa5ae90000 - 0x00007ffa5aead000 	C:\windows\SYSTEM32\dhcpcsvc.DLL
0x00007ffa678f0000 - 0x00007ffa679ba000 	C:\windows\SYSTEM32\DNSAPI.dll
0x00007ffa4b8e0000 - 0x00007ffa4b920000 	C:\Users\HP\AppData\Local\Temp\jna-2312\jna15397724754542521372.dll
0x00007ffa69710000 - 0x00007ffa69718000 	C:\windows\System32\PSAPI.DLL

dbghelp: loaded successfully - version: 4.0.5 - missing functions: none
symbol engine: initialized successfully - sym options: 0x614 - pdb path: .;c:\Users\HP\.vscode\extensions\redhat.java-1.13.0-win32-x64\jre\17.0.5-win32-x86_64\bin;C:\windows\SYSTEM32;C:\Program Files\Avast Software\Avast;C:\windows\WinSxS\amd64_microsoft.windows.common-controls_6595b64144ccf1df_6.0.19041.1110_none_60b5254171f9507e;c:\Users\HP\.vscode\extensions\redhat.java-1.13.0-win32-x64\jre\17.0.5-win32-x86_64\bin\server;C:\Users\HP\AppData\Roaming\Code\User\globalStorage\redhat.java\1.13.0\config_ss_win\org.eclipse.equinox.launcher\org.eclipse.equinox.launcher.win32.win32.x86_64_1.2.600.v20220720-1916;C:\Users\HP\AppData\Local\Temp\jna-2312

VM Arguments:
jvm_args: --add-modules=ALL-SYSTEM --add-opens=java.base/java.util=ALL-UNNAMED --add-opens=java.base/java.lang=ALL-UNNAMED --add-opens=java.base/sun.nio.fs=ALL-UNNAMED -Declipse.application=org.eclipse.jdt.ls.core.id1 -Dosgi.bundles.defaultStartLevel=4 -Declipse.product=org.eclipse.jdt.ls.core.product -Djava.import.generatesMetadataFilesAtProjectRoot=false -Dfile.encoding=utf8 -XX:+UseParallelGC -XX:GCTimeRatio=4 -XX:AdaptiveSizePolicyWeight=90 -Dsun.zip.disableMemoryMapping=true -Xmx1G -Xms100m -Xlog:disable -javaagent:c:\Users\HP\.vscode\extensions\redhat.java-1.13.0-win32-x64\lombok\lombok-1.18.24.jar 
java_command: c:\Users\HP\.vscode\extensions\redhat.java-1.13.0-win32-x64\server\plugins\org.eclipse.equinox.launcher_1.6.400.v20210924-0641.jar -configuration c:\Users\HP\AppData\Roaming\Code\User\globalStorage\redhat.java\1.13.0\config_ss_win -data c:\Users\HP\AppData\Roaming\Code\User\workspaceStorage\a91d415e16fd75e6d935cf8b1a70f6d3\redhat.java\ss_ws
java_class_path (initial): c:\Users\HP\.vscode\extensions\redhat.java-1.13.0-win32-x64\server\plugins\org.eclipse.equinox.launcher_1.6.400.v20210924-0641.jar
Launcher Type: SUN_STANDARD

[Global flags]
    uintx AdaptiveSizePolicyWeight                 = 90                                        {product} {command line}
     intx CICompilerCount                          = 3                                         {product} {ergonomic}
    uintx GCTimeRatio                              = 4                                         {product} {command line}
   size_t InitialHeapSize                          = 104857600                                 {product} {command line}
   size_t MaxHeapSize                              = 1073741824                                {product} {command line}
   size_t MaxNewSize                               = 357564416                                 {product} {ergonomic}
   size_t MinHeapDeltaBytes                        = 524288                                    {product} {ergonomic}
   size_t MinHeapSize                              = 104857600                                 {product} {command line}
   size_t NewSize                                  = 34603008                                  {product} {ergonomic}
    uintx NonNMethodCodeHeapSize                   = 5832780                                {pd product} {ergonomic}
    uintx NonProfiledCodeHeapSize                  = 122912730                              {pd product} {ergonomic}
   size_t OldSize                                  = 70254592                                  {product} {ergonomic}
    uintx ProfiledCodeHeapSize                     = 122912730                              {pd product} {ergonomic}
    uintx ReservedCodeCacheSize                    = 251658240                              {pd product} {ergonomic}
     bool SegmentedCodeCache                       = true                                      {product} {ergonomic}
   size_t SoftMaxHeapSize                          = 1073741824                             {manageable} {ergonomic}
     bool UseCompressedClassPointers               = true                           {product lp64_product} {ergonomic}
     bool UseCompressedOops                        = true                           {product lp64_product} {ergonomic}
     bool UseLargePagesIndividualAllocation        = false                                  {pd product} {ergonomic}
     bool UseParallelGC                            = true                                      {product} {command line}

Logging:
Log output configuration:
 #0: stdout all=off uptime,level,tags
 #1: stderr all=off uptime,level,tags

Environment Variables:
JAVA_HOME=C:\Program Files\Java\jdk-15.0.2
PATH=C:\Program Files\Python310\Scripts\;C:\Program Files\Python310\;C:\Program Files\Common Files\Oracle\Java\javapath;C:\Program Files (x86)\Common Files\Oracle\Java\javapath;C:\windows\system32;C:\windows;C:\windows\System32\Wbem;C:\windows\System32\WindowsPowerShell\v1.0\;C:\windows\System32\OpenSSH\;C:\MinGW\bin;C:\Program Files (x86)\Rational\common;C:\Program Files\Microsoft SQL Server\140\Tools\Binn\;C:\Program Files\Java\jdk-18.0.2;C:\Program Files\MySQL\MySQL Shell 8.0\bin\;C:\Users\HP\AppData\Local\Microsoft\WindowsApps;C:\Program Files\JetBrains\IntelliJ IDEA Community Edition 2022.2\bin;;C:\Program Files\CodeBlocks\MinGW\bin;C:\Users\HP\AppData\Local\Programs\Microsoft VS Code\bin;C:\Miktex\miktex\bin\x64\
USERNAME=HP
OS=Windows_NT
PROCESSOR_IDENTIFIER=Intel64 Family 6 Model 126 Stepping 5, GenuineIntel
TMP=C:\Users\HP\AppData\Local\Temp
TEMP=C:\Users\HP\AppData\Local\Temp



---------------  S Y S T E M  ---------------

OS:
 Windows 10 , 64 bit Build 19041 (10.0.19041.2364)
OS uptime: 1 days 8:41 hours

CPU: total 4 (initial active 4) (2 cores per cpu, 2 threads per core) family 6 model 126 stepping 5 microcode 0xa6, cx8, cmov, fxsr, ht, mmx, 3dnowpref, sse, sse2, sse3, ssse3, sse4.1, sse4.2, popcnt, lzcnt, tsc, tscinvbit, avx, avx2, aes, erms, clmul, bmi1, bmi2, adx, avx512f, avx512dq, avx512cd, avx512bw, avx512vl, sha, fma, vzeroupper, avx512_vpopcntdq, avx512_vpclmulqdq, avx512_vaes, avx512_vnni, clflush, clflushopt, avx512_vbmi2, avx512_vbmi

Memory: 4k page, system-wide physical 3877M (259M free)
TotalPageFile size 15653M (AvailPageFile size 102M)
current process WorkingSet (physical memory assigned to process): 168M, peak: 168M
current process commit charge ("private bytes"): 240M, peak: 241M

vm_info: OpenJDK 64-Bit Server VM (17.0.5+8) for windows-amd64 JRE (17.0.5+8), built on Oct 19 2022 04:48:13 by "temurin" with MS VC++ 16.7 (VS2019)

END.
