#
# There is insufficient memory for the Java Runtime Environment to continue.
# Native memory allocation (mmap) failed to map 65536 bytes for Failed to commit metaspace.
# Possible reasons:
#   The system is out of physical RAM or swap space
#   The process is running with CompressedOops enabled, and the Java Heap may be blocking the growth of the native heap
# Possible solutions:
#   Reduce memory load on the system
#   Increase physical memory or swap space
#   Check if swap backing store is full
#   Decrease Java heap size (-Xmx/-Xms)
#   Decrease number of Java threads
#   Decrease Java thread stack sizes (-Xss)
#   Set larger code cache with -XX:ReservedCodeCacheSize=
#   JVM is running with Unscaled Compressed Oops mode in which the Java heap is
#     placed in the first 4GB address space. The Java Heap base address is the
#     maximum limit for the native heap growth. Please use -XX:HeapBaseMinAddress
#     to set the Java Heap base and to place the Java Heap above 4GB virtual address.
# This output file may be truncated or incomplete.
#
#  Out of Memory Error (virtualSpaceNode.cpp:110), pid=1528, tid=19764
#
# JRE version: Java(TM) SE Runtime Environment (18.0.2+9) (build 18.0.2+9-61)
# Java VM: Java HotSpot(TM) 64-Bit Server VM (18.0.2+9-61, mixed mode, sharing, tiered, compressed oops, compressed class ptrs, g1 gc, windows-amd64)
# No core dump will be written. Minidumps are not enabled by default on client versions of Windows
#

---------------  S U M M A R Y ------------

Command Line: -Dapplication.home=C:\Program Files\Java\jdk-18.0.2 --add-modules=ALL-DEFAULT -Xms8m -Djdk.module.main=jdk.compiler jdk.compiler/com.sun.tools.javac.Main OOPS.java

Host: Intel(R) Core(TM) i3-1005G1 CPU @ 1.20GHz, 4 cores, 3G,  Windows 10 , 64 bit Build 19041 (10.0.19041.2364)
Time: Sun Jan  1 19:42:46 2023 India Standard Time elapsed time: 1.136141 seconds (0d 0h 0m 1s)

---------------  T H R E A D  ---------------

Current thread (0x000001caa5b83b50):  JavaThread "main" [_thread_in_vm, id=19764, stack(0x0000000b52000000,0x0000000b52100000)]

Stack: [0x0000000b52000000,0x0000000b52100000]
Native frames: (J=compiled Java code, j=interpreted, Vv=VM code, C=native code)
V  [jvm.dll+0x6993ca]
V  [jvm.dll+0x7f481d]
V  [jvm.dll+0x7f612e]
V  [jvm.dll+0x7f67e3]
V  [jvm.dll+0x25cdaf]
V  [jvm.dll+0x7f052b]
V  [jvm.dll+0x63f546]
V  [jvm.dll+0x1d741e]
V  [jvm.dll+0x641eeb]
V  [jvm.dll+0x641cee]
V  [jvm.dll+0x63ff0e]
V  [jvm.dll+0x252940]
V  [jvm.dll+0x20318d]
V  [jvm.dll+0x1f8bb1]
V  [jvm.dll+0x55dc05]
V  [jvm.dll+0x76e993]
V  [jvm.dll+0x76ea74]
V  [jvm.dll+0x42d7b4]
V  [jvm.dll+0x4334bf]
C  [java.dll+0x1971]

Java frames: (J=compiled Java code, j=interpreted, Vv=VM code)
J 490  java.lang.ClassLoader.defineClass2(Ljava/lang/ClassLoader;Ljava/lang/String;Ljava/nio/ByteBuffer;IILjava/security/ProtectionDomain;Ljava/lang/String;)Ljava/lang/Class; java.base@18.0.2 (0 bytes) @ 0x000001cab4fb7c63 [0x000001cab4fb7ba0+0x00000000000000c3]
J 484 c1 java.lang.ClassLoader.defineClass(Ljava/lang/String;Ljava/nio/ByteBuffer;Ljava/security/ProtectionDomain;)Ljava/lang/Class; java.base@18.0.2 (108 bytes) @ 0x000001caadb08ea4 [0x000001caadb08700+0x00000000000007a4]
J 458 c1 java.security.SecureClassLoader.defineClass(Ljava/lang/String;Ljava/nio/ByteBuffer;Ljava/security/CodeSource;)Ljava/lang/Class; java.base@18.0.2 (12 bytes) @ 0x000001caadafd7fc [0x000001caadafd740+0x00000000000000bc]
J 418 c1 jdk.internal.loader.BuiltinClassLoader.defineClass(Ljava/lang/String;Ljdk/internal/loader/BuiltinClassLoader$LoadedModule;)Ljava/lang/Class; java.base@18.0.2 (162 bytes) @ 0x000001caadae7734 [0x000001caadae6160+0x00000000000015d4]
J 307 c1 jdk.internal.loader.BuiltinClassLoader.loadClassOrNull(Ljava/lang/String;Z)Ljava/lang/Class; java.base@18.0.2 (143 bytes) @ 0x000001caadab780c [0x000001caadab72c0+0x000000000000054c]
J 421 c1 jdk.internal.loader.ClassLoaders$AppClassLoader.loadClass(Ljava/lang/String;Z)Ljava/lang/Class; java.base@18.0.2 (40 bytes) @ 0x000001caadae9444 [0x000001caadae9260+0x00000000000001e4]
J 318 c1 java.lang.ClassLoader.loadClass(Ljava/lang/String;)Ljava/lang/Class; java.base@18.0.2 (7 bytes) @ 0x000001caadabbfcc [0x000001caadabbec0+0x000000000000010c]
v  ~StubRoutines::call_stub
j  com.sun.tools.javac.main.JavaCompiler.<init>(Lcom/sun/tools/javac/util/Context;)V+761 jdk.compiler@18.0.2
j  com.sun.tools.javac.main.JavaCompiler.instance(Lcom/sun/tools/javac/util/Context;)Lcom/sun/tools/javac/main/JavaCompiler;+20 jdk.compiler@18.0.2
j  com.sun.tools.javac.processing.JavacProcessingEnvironment.<init>(Lcom/sun/tools/javac/util/Context;)V+125 jdk.compiler@18.0.2
j  com.sun.tools.javac.processing.JavacProcessingEnvironment.instance(Lcom/sun/tools/javac/util/Context;)Lcom/sun/tools/javac/processing/JavacProcessingEnvironment;+19 jdk.compiler@18.0.2
j  com.sun.tools.javac.api.BasicJavacTask.initPlugins(Ljava/util/Set;)V+148 jdk.compiler@18.0.2
j  com.sun.tools.javac.main.Main.compile([Ljava/lang/String;Lcom/sun/tools/javac/util/Context;)Lcom/sun/tools/javac/main/Main$Result;+475 jdk.compiler@18.0.2
j  com.sun.tools.javac.main.Main.compile([Ljava/lang/String;)Lcom/sun/tools/javac/main/Main$Result;+15 jdk.compiler@18.0.2
j  com.sun.tools.javac.Main.compile([Ljava/lang/String;)I+12 jdk.compiler@18.0.2
j  com.sun.tools.javac.Main.main([Ljava/lang/String;)V+1 jdk.compiler@18.0.2
v  ~StubRoutines::call_stub

---------------  P R O C E S S  ---------------

Threads class SMR info:
_java_thread_list=0x000001cac50612e0, length=12, elements={
0x000001caa5b83b50, 0x000001caa5c48340, 0x000001caa5c48ce0, 0x000001cac0d4d180,
0x000001cac0d4db20, 0x000001cac0d504d0, 0x000001cac0d52e80, 0x000001cac0d53b50,
0x000001cac0d57cb0, 0x000001cac0d65730, 0x000001cac0e1e980, 0x000001cac50b2b60
}

Java Threads: ( => current thread )
=>0x000001caa5b83b50 JavaThread "main" [_thread_in_vm, id=19764, stack(0x0000000b52000000,0x0000000b52100000)]
  0x000001caa5c48340 JavaThread "Reference Handler" daemon [_thread_blocked, id=17164, stack(0x0000000b52700000,0x0000000b52800000)]
  0x000001caa5c48ce0 JavaThread "Finalizer" daemon [_thread_blocked, id=18788, stack(0x0000000b52800000,0x0000000b52900000)]
  0x000001cac0d4d180 JavaThread "Signal Dispatcher" daemon [_thread_blocked, id=7412, stack(0x0000000b52900000,0x0000000b52a00000)]
  0x000001cac0d4db20 JavaThread "Attach Listener" daemon [_thread_blocked, id=16100, stack(0x0000000b52a00000,0x0000000b52b00000)]
  0x000001cac0d504d0 JavaThread "Service Thread" daemon [_thread_blocked, id=19396, stack(0x0000000b52b00000,0x0000000b52c00000)]
  0x000001cac0d52e80 JavaThread "Monitor Deflation Thread" daemon [_thread_blocked, id=14908, stack(0x0000000b52c00000,0x0000000b52d00000)]
  0x000001cac0d53b50 JavaThread "C2 CompilerThread0" daemon [_thread_blocked, id=8072, stack(0x0000000b52d00000,0x0000000b52e00000)]
  0x000001cac0d57cb0 JavaThread "C1 CompilerThread0" daemon [_thread_blocked, id=16000, stack(0x0000000b52e00000,0x0000000b52f00000)]
  0x000001cac0d65730 JavaThread "Sweeper thread" daemon [_thread_blocked, id=16248, stack(0x0000000b52f00000,0x0000000b53000000)]
  0x000001cac0e1e980 JavaThread "Common-Cleaner" daemon [_thread_blocked, id=932, stack(0x0000000b53000000,0x0000000b53100000)]
  0x000001cac50b2b60 JavaThread "Notification Thread" daemon [_thread_blocked, id=2372, stack(0x0000000b53100000,0x0000000b53200000)]

Other Threads:
  0x000001caa5c43490 VMThread "VM Thread" [stack: 0x0000000b52600000,0x0000000b52700000] [id=15584]
  0x000001cac511b920 WatcherThread "VM Periodic Task Thread" [stack: 0x0000000b53200000,0x0000000b53300000] [id=8080]
  0x000001caa5bc7720 WorkerThread "GC Thread#0" [stack: 0x0000000b52100000,0x0000000b52200000] [id=18296]
  0x000001cac52d98e0 WorkerThread "GC Thread#1" [stack: 0x0000000b53300000,0x0000000b53400000] [id=11792]
  0x000001cac51515f0 WorkerThread "GC Thread#2" [stack: 0x0000000b53400000,0x0000000b53500000] [id=17364]
  0x000001cac5309630 WorkerThread "GC Thread#3" [stack: 0x0000000b53500000,0x0000000b53600000] [id=7028]
  0x000001caa5bd0060 ConcurrentGCThread "G1 Main Marker" [stack: 0x0000000b52200000,0x0000000b52300000] [id=19116]
  0x000001caa5bd11f0 WorkerThread "G1 Conc#0" [stack: 0x0000000b52300000,0x0000000b52400000] [id=17520]
  0x000001caa5c1bc70 ConcurrentGCThread "G1 Refine#0" [stack: 0x0000000b52400000,0x0000000b52500000] [id=3252]
  0x000001caa5c1c680 ConcurrentGCThread "G1 Service" [stack: 0x0000000b52500000,0x0000000b52600000] [id=11880]

Threads with active compile tasks:

VM state: not at safepoint (normal execution)

VM Mutex/Monitor currently owned by a thread:  ([mutex/lock_event])
[0x000001caa3971dd0] Metaspace_lock - owner thread: 0x000001caa5b83b50

Heap address: 0x00000000c3600000, size: 970 MB, Compressed Oops mode: 32-bit

CDS archive(s) mapped at: [0x0000000800000000-0x0000000800ba0000-0x0000000800ba0000), size 12189696, SharedBaseAddress: 0x0000000800000000, ArchiveRelocationMode: 0.
Compressed class space mapped at: 0x0000000800c00000-0x0000000840c00000, reserved size: 1073741824
Narrow klass base: 0x0000000800000000, Narrow klass shift: 0, Narrow klass range: 0x100000000

GC Precious Log:
 CardTable entry size: 512
 Card Set container configuration: InlinePtr #cards 5 size 8 Array Of Cards #cards 12 size 40 Howl #buckets 4 coarsen threshold 1843 Howl Bitmap #cards 512 size 80 coarsen threshold 460 Card regions per heap region 1 cards per card region 2048
 CPUs: 4 total, 4 available
 Memory: 3877M
 Large Page Support: Disabled
 NUMA Support: Disabled
 Compressed Oops: Enabled (32-bit)
 Heap Region Size: 1M
 Heap Min Capacity: 8M
 Heap Initial Capacity: 8M
 Heap Max Capacity: 970M
 Pre-touch: Disabled
 Parallel Workers: 4
 Concurrent Workers: 1
 Concurrent Refinement Workers: 4
 Periodic GC: Disabled

Heap:
 garbage-first heap   total 8192K, used 2145K [0x00000000c3600000, 0x0000000100000000)
  region size 1024K, 2 young (2048K), 1 survivors (1024K)
 Metaspace       used 6629K, committed 6720K, reserved 1114112K
  class space    used 778K, committed 832K, reserved 1048576K

Heap Regions: E=young(eden), S=young(survivor), O=old, HS=humongous(starts), HC=humongous(continues), CS=collection set, F=free, OA=open archive, CA=closed archive, TAMS=top-at-mark-start (previous, next)
|   0|0x00000000c3600000, 0x00000000c3700000, 0x00000000c3700000|100%| O|  |TAMS 0x00000000c3600000, 0x00000000c3600000| Untracked 
|   1|0x00000000c3700000, 0x00000000c373a800, 0x00000000c3800000| 22%| O|  |TAMS 0x00000000c3700000, 0x00000000c3700000| Untracked 
|   2|0x00000000c3800000, 0x00000000c3800000, 0x00000000c3900000|  0%| F|  |TAMS 0x00000000c3800000, 0x00000000c3800000| Untracked 
|   3|0x00000000c3900000, 0x00000000c3900000, 0x00000000c3a00000|  0%| F|  |TAMS 0x00000000c3900000, 0x00000000c3900000| Untracked 
|   4|0x00000000c3a00000, 0x00000000c3a00000, 0x00000000c3b00000|  0%| F|  |TAMS 0x00000000c3a00000, 0x00000000c3a00000| Untracked 
|   5|0x00000000c3b00000, 0x00000000c3bddd10, 0x00000000c3c00000| 86%| S|CS|TAMS 0x00000000c3b00000, 0x00000000c3b00000| Complete 
|   6|0x00000000c3c00000, 0x00000000c3c00000, 0x00000000c3d00000|  0%| F|  |TAMS 0x00000000c3c00000, 0x00000000c3c00000| Untracked 
|   7|0x00000000c3d00000, 0x00000000c3d11ad0, 0x00000000c3e00000|  6%| E|  |TAMS 0x00000000c3d00000, 0x00000000c3d00000| Complete 

Card table byte_map: [0x000001cabc6b0000,0x000001cabc8a0000] _byte_map_base: 0x000001cabc095000

Marking Bits (Prev, Next): (CMBitMap*) 0x000001caa5bc7d20, (CMBitMap*) 0x000001caa5bc7d60
 Prev Bits: [0x000001cabca90000, 0x000001cabd9b8000)
 Next Bits: [0x000001cabd9c0000, 0x000001cabe8e8000)

Polling page: 0x000001caa3920000

Metaspace:

Usage:
  Non-class:      5.71 MB used.
      Class:    778.29 KB used.
       Both:      6.47 MB used.

Virtual space:
  Non-class space:       64.00 MB reserved,       5.75 MB (  9%) committed,  1 nodes.
      Class space:        1.00 GB reserved,     832.00 KB ( <1%) committed,  1 nodes.
             Both:        1.06 GB reserved,       6.56 MB ( <1%) committed. 

Chunk freelists:
   Non-Class:  3.30 MB
       Class:  3.06 MB
        Both:  6.36 MB

MaxMetaspaceSize: unlimited
CompressedClassSpaceSize: 1.00 GB
Initial GC threshold: 21.00 MB
Current GC threshold: 21.00 MB
CDS: on
MetaspaceReclaimPolicy: balanced
 - commit_granule_bytes: 65536.
 - commit_granule_words: 8192.
 - virtual_space_node_default_size: 8388608.
 - enlarge_chunks_in_place: 1.
 - new_chunks_are_fully_committed: 0.
 - uncommit_free_chunks: 1.
 - use_allocation_guard: 0.


Internal statistics:

num_allocs_failed_limit: 0.
num_arena_births: 50.
num_arena_deaths: 0.
num_vsnodes_births: 2.
num_vsnodes_deaths: 0.
num_space_committed: 105.
num_space_uncommitted: 0.
num_chunks_returned_to_freelist: 0.
num_chunks_taken_from_freelist: 270.
num_chunk_merges: 0.
num_chunk_splits: 198.
num_chunks_enlarged: 163.
num_inconsistent_stats: 0.

CodeHeap 'non-profiled nmethods': size=120000Kb used=187Kb max_used=187Kb free=119812Kb
 bounds [0x000001cab4f90000, 0x000001cab5200000, 0x000001cabc4c0000]
CodeHeap 'profiled nmethods': size=120000Kb used=839Kb max_used=839Kb free=119160Kb
 bounds [0x000001caada60000, 0x000001caadcd0000, 0x000001cab4f90000]
CodeHeap 'non-nmethods': size=5760Kb used=1142Kb max_used=1156Kb free=4617Kb
 bounds [0x000001caad4c0000, 0x000001caad730000, 0x000001caada60000]
 total_blobs=977 nmethods=576 adapters=314
 compilation: enabled
              stopped_count=0, restarted_count=0
 full_count=0

Compilation events (20 events):
Event: 1.108 Thread 0x000001cac0d57cb0 nmethod 568 0x000001caadb2c510 code [0x000001caadb2c6a0, 0x000001caadb2c818]
Event: 1.108 Thread 0x000001cac0d57cb0  569       3       sun.nio.fs.WindowsPathParser::isInvalidPathChar (22 bytes)
Event: 1.109 Thread 0x000001cac0d53b50 nmethod 567 0x000001cab4fbe710 code [0x000001cab4fbe880, 0x000001cab4fbe938]
Event: 1.109 Thread 0x000001cac0d57cb0 nmethod 569 0x000001caadb2c890 code [0x000001caadb2ca60, 0x000001caadb2cda8]
Event: 1.121 Thread 0x000001cac0d57cb0  572       3       com.sun.tools.javac.util.Convert::chars2utf (159 bytes)
Event: 1.122 Thread 0x000001cac0d57cb0 nmethod 572 0x000001caadb2cf10 code [0x000001caadb2d0e0, 0x000001caadb2d498]
Event: 1.122 Thread 0x000001cac0d57cb0  573       3       com.sun.tools.javac.util.ArrayUtils::ensureCapacity (30 bytes)
Event: 1.122 Thread 0x000001cac0d57cb0 nmethod 573 0x000001caadb2d710 code [0x000001caadb2d8e0, 0x000001caadb2dc68]
Event: 1.122 Thread 0x000001cac0d57cb0  570       3       com.sun.tools.javac.util.Names::fromString (9 bytes)
Event: 1.122 Thread 0x000001cac0d57cb0 nmethod 570 0x000001caadb2de10 code [0x000001caadb2dfc0, 0x000001caadb2e188]
Event: 1.122 Thread 0x000001cac0d57cb0  571       3       com.sun.tools.javac.util.Name$Table::fromString (14 bytes)
Event: 1.123 Thread 0x000001cac0d57cb0 nmethod 571 0x000001caadb2e290 code [0x000001caadb2e460, 0x000001caadb2e7a8]
Event: 1.123 Thread 0x000001cac0d57cb0  574       3       com.sun.tools.javac.util.SharedNameTable$NameImpl::<init> (6 bytes)
Event: 1.123 Thread 0x000001cac0d57cb0 nmethod 574 0x000001caadb2e990 code [0x000001caadb2eb40, 0x000001caadb2ed58]
Event: 1.123 Thread 0x000001cac0d57cb0  575       3       com.sun.tools.javac.util.Name::<init> (10 bytes)
Event: 1.123 Thread 0x000001cac0d57cb0 nmethod 575 0x000001caadb2ee90 code [0x000001caadb2f020, 0x000001caadb2f1d8]
Event: 1.126 Thread 0x000001cac0d57cb0  576       3       java.lang.invoke.MemberName::checkForTypeAlias (172 bytes)
Event: 1.128 Thread 0x000001cac0d57cb0 nmethod 576 0x000001caadb2f290 code [0x000001caadb2f700, 0x000001caadb31598]
Event: 1.128 Thread 0x000001cac0d57cb0  577       1       java.lang.invoke.InfoFromMemberName::getReferenceKind (5 bytes)
Event: 1.128 Thread 0x000001cac0d57cb0 nmethod 577 0x000001cab4fbea10 code [0x000001cab4fbeba0, 0x000001cab4fbec78]

GC Heap History (6 events):
Event: 0.874 GC heap before
{Heap before GC invocations=0 (full 0):
 garbage-first heap   total 8192K, used 2048K [0x00000000c3600000, 0x0000000100000000)
  region size 1024K, 3 young (3072K), 0 survivors (0K)
 Metaspace       used 2646K, committed 2752K, reserved 1114112K
  class space    used 339K, committed 384K, reserved 1048576K
}
Event: 0.879 GC heap after
{Heap after GC invocations=1 (full 0):
 garbage-first heap   total 8192K, used 1296K [0x00000000c3600000, 0x0000000100000000)
  region size 1024K, 1 young (1024K), 1 survivors (1024K)
 Metaspace       used 2646K, committed 2752K, reserved 1114112K
  class space    used 339K, committed 384K, reserved 1048576K
}
Event: 1.025 GC heap before
{Heap before GC invocations=1 (full 0):
 garbage-first heap   total 8192K, used 1296K [0x00000000c3600000, 0x0000000100000000)
  region size 1024K, 2 young (2048K), 1 survivors (1024K)
 Metaspace       used 5053K, committed 5248K, reserved 1114112K
  class space    used 604K, committed 704K, reserved 1048576K
}
Event: 1.028 GC heap after
{Heap after GC invocations=2 (full 0):
 garbage-first heap   total 8192K, used 1728K [0x00000000c3600000, 0x0000000100000000)
  region size 1024K, 1 young (1024K), 1 survivors (1024K)
 Metaspace       used 5053K, committed 5248K, reserved 1114112K
  class space    used 604K, committed 704K, reserved 1048576K
}
Event: 1.121 GC heap before
{Heap before GC invocations=2 (full 0):
 garbage-first heap   total 8192K, used 2752K [0x00000000c3600000, 0x0000000100000000)
  region size 1024K, 2 young (2048K), 1 survivors (1024K)
 Metaspace       used 6471K, committed 6592K, reserved 1114112K
  class space    used 762K, committed 832K, reserved 1048576K
}
Event: 1.122 GC heap after
{Heap after GC invocations=3 (full 0):
 garbage-first heap   total 8192K, used 2145K [0x00000000c3600000, 0x0000000100000000)
  region size 1024K, 1 young (1024K), 1 survivors (1024K)
 Metaspace       used 6471K, committed 6592K, reserved 1114112K
  class space    used 762K, committed 832K, reserved 1048576K
}

Deoptimization events (20 events):
Event: 0.623 Thread 0x000001caa5b83b50 DEOPT PACKING pc=0x000001cab4fa2228 sp=0x0000000b520fe460
Event: 0.623 Thread 0x000001caa5b83b50 DEOPT UNPACKING pc=0x000001caad515c23 sp=0x0000000b520fe3f8 mode 2
Event: 0.623 Thread 0x000001caa5b83b50 Uncommon trap: trap_request=0xffffffc6 fr.pc=0x000001cab4fa2228 relative=0x0000000000000a88
Event: 0.623 Thread 0x000001caa5b83b50 Uncommon trap: reason=bimorphic_or_optimized_type_check action=maybe_recompile pc=0x000001cab4fa2228 method=java.util.HashMap.putVal(ILjava/lang/Object;Ljava/lang/Object;ZZ)Ljava/lang/Object; @ 56 c2
Event: 0.623 Thread 0x000001caa5b83b50 DEOPT PACKING pc=0x000001cab4fa2228 sp=0x0000000b520fe460
Event: 0.623 Thread 0x000001caa5b83b50 DEOPT UNPACKING pc=0x000001caad515c23 sp=0x0000000b520fe3f8 mode 2
Event: 0.623 Thread 0x000001caa5b83b50 Uncommon trap: trap_request=0xffffffc6 fr.pc=0x000001cab4fa2228 relative=0x0000000000000a88
Event: 0.623 Thread 0x000001caa5b83b50 Uncommon trap: reason=bimorphic_or_optimized_type_check action=maybe_recompile pc=0x000001cab4fa2228 method=java.util.HashMap.putVal(ILjava/lang/Object;Ljava/lang/Object;ZZ)Ljava/lang/Object; @ 56 c2
Event: 0.623 Thread 0x000001caa5b83b50 DEOPT PACKING pc=0x000001cab4fa2228 sp=0x0000000b520fe460
Event: 0.623 Thread 0x000001caa5b83b50 DEOPT UNPACKING pc=0x000001caad515c23 sp=0x0000000b520fe3f8 mode 2
Event: 0.623 Thread 0x000001caa5b83b50 Uncommon trap: trap_request=0xffffffc6 fr.pc=0x000001cab4fa2228 relative=0x0000000000000a88
Event: 0.623 Thread 0x000001caa5b83b50 Uncommon trap: reason=bimorphic_or_optimized_type_check action=maybe_recompile pc=0x000001cab4fa2228 method=java.util.HashMap.putVal(ILjava/lang/Object;Ljava/lang/Object;ZZ)Ljava/lang/Object; @ 56 c2
Event: 0.623 Thread 0x000001caa5b83b50 DEOPT PACKING pc=0x000001cab4fa2228 sp=0x0000000b520fe460
Event: 0.623 Thread 0x000001caa5b83b50 DEOPT UNPACKING pc=0x000001caad515c23 sp=0x0000000b520fe3f8 mode 2
Event: 0.854 Thread 0x000001caa5b83b50 DEOPT PACKING pc=0x000001caada8abe7 sp=0x0000000b520fad60
Event: 0.854 Thread 0x000001caa5b83b50 DEOPT UNPACKING pc=0x000001caad516763 sp=0x0000000b520fa180 mode 0
Event: 1.062 Thread 0x000001caa5b83b50 Uncommon trap: trap_request=0xffffff45 fr.pc=0x000001cab4fabbb0 relative=0x00000000000008d0
Event: 1.062 Thread 0x000001caa5b83b50 Uncommon trap: reason=unstable_if action=reinterpret pc=0x000001cab4fabbb0 method=java.util.HashMap.putVal(ILjava/lang/Object;Ljava/lang/Object;ZZ)Ljava/lang/Object; @ 181 c2
Event: 1.062 Thread 0x000001caa5b83b50 DEOPT PACKING pc=0x000001cab4fabbb0 sp=0x0000000b520fe4f0
Event: 1.062 Thread 0x000001caa5b83b50 DEOPT UNPACKING pc=0x000001caad515c23 sp=0x0000000b520fe490 mode 2

Classes loaded (20 events):
Event: 1.105 Loading class java/util/LinkedHashMap$LinkedKeySet
Event: 1.105 Loading class java/util/LinkedHashMap$LinkedKeySet done
Event: 1.105 Loading class java/util/LinkedHashMap$LinkedKeyIterator
Event: 1.105 Loading class java/util/LinkedHashMap$LinkedKeyIterator done
Event: 1.106 Loading class jdk/internal/jrtfs/JrtFileSystem
Event: 1.106 Loading class jdk/internal/jrtfs/JrtFileSystem done
Event: 1.106 Loading class jdk/internal/jrtfs/JrtPath
Event: 1.107 Loading class jdk/internal/jrtfs/JrtPath done
Event: 1.107 Loading class jdk/internal/jrtfs/SystemImage
Event: 1.107 Loading class jdk/internal/jrtfs/SystemImage done
Event: 1.107 Loading class java/security/AllPermissionCollection
Event: 1.108 Loading class java/security/AllPermissionCollection done
Event: 1.108 Loading class jdk/internal/jrtfs/SystemImage$2
Event: 1.108 Loading class jdk/internal/jrtfs/SystemImage$2 done
Event: 1.109 Loading class jdk/internal/jimage/ImageReader$Directory
Event: 1.109 Loading class jdk/internal/jimage/ImageReader$Node
Event: 1.109 Loading class jdk/internal/jimage/ImageReader$Node done
Event: 1.109 Loading class jdk/internal/jimage/ImageReader$Directory done
Event: 1.109 Loading class jdk/internal/jrtfs/SystemImage$1
Event: 1.110 Loading class jdk/internal/jrtfs/SystemImage$1 done

Classes unloaded (0 events):
No events

Classes redefined (0 events):
No events

Internal exceptions (12 events):
Event: 0.613 Thread 0x000001caa5b83b50 Exception <a 'java/lang/NoSuchMethodError'{0x00000000c3ce9b78}: 'void java.lang.invoke.DirectMethodHandle$Holder.invokeSpecial(java.lang.Object, java.lang.Object, java.lang.Object)'> (0x00000000c3ce9b78) 
thrown [s\open\src\hotspot\share\interpreter\linkResolver.cpp, line 759]
Event: 0.797 Thread 0x000001caa5b83b50 Exception <a 'java/lang/NoSuchMethodError'{0x00000000c3b30c58}: 'int java.lang.invoke.DirectMethodHandle$Holder.invokeVirtual(java.lang.Object, java.lang.Object, java.lang.Object)'> (0x00000000c3b30c58) 
thrown [s\open\src\hotspot\share\interpreter\linkResolver.cpp, line 759]
Event: 0.799 Thread 0x000001caa5b83b50 Exception <a 'java/lang/NoSuchMethodError'{0x00000000c3b37278}: 'void java.lang.invoke.DirectMethodHandle$Holder.invokeInterface(java.lang.Object, java.lang.Object, java.lang.Object)'> (0x00000000c3b37278) 
thrown [s\open\src\hotspot\share\interpreter\linkResolver.cpp, line 759]
Event: 0.816 Thread 0x000001caa5b83b50 Exception <a 'java/lang/NoSuchMethodError'{0x00000000c3b66ab8}: 'java.lang.Object java.lang.invoke.DirectMethodHandle$Holder.invokeStaticInit(java.lang.Object)'> (0x00000000c3b66ab8) 
thrown [s\open\src\hotspot\share\interpreter\linkResolver.cpp, line 759]
Event: 0.953 Thread 0x000001caa5b83b50 Exception <a 'java/lang/NoSuchMethodError'{0x00000000c3d75d98}: 'int java.lang.invoke.DirectMethodHandle$Holder.invokeStaticInit(java.lang.Object, java.lang.Object)'> (0x00000000c3d75d98) 
thrown [s\open\src\hotspot\share\interpreter\linkResolver.cpp, line 759]
Event: 1.047 Thread 0x000001caa5b83b50 Exception <a 'java/lang/NoSuchMethodError'{0x00000000c3d32ad0}: 'int java.lang.invoke.DirectMethodHandle$Holder.invokeVirtual(java.lang.Object, java.lang.Object)'> (0x00000000c3d32ad0) 
thrown [s\open\src\hotspot\share\interpreter\linkResolver.cpp, line 759]
Event: 1.055 Thread 0x000001caa5b83b50 Exception <a 'java/lang/NoSuchMethodError'{0x00000000c3d5b8d0}: 'java.lang.Object java.lang.invoke.DirectMethodHandle$Holder.newInvokeSpecial(java.lang.Object, java.lang.Object, java.lang.Object, java.lang.Object, java.lang.Object)'> (0x00000000c3d5b8d0) 
thrown [s\open\src\hotspot\share\interpreter\linkResolver.cpp, line 759]
Event: 1.057 Thread 0x000001caa5b83b50 Exception <a 'java/lang/NoSuchMethodError'{0x00000000c3d6a5f0}: 'java.lang.Object java.lang.invoke.DirectMethodHandle$Holder.newInvokeSpecial(java.lang.Object, java.lang.Object, java.lang.Object, java.lang.Object, java.lang.Object, java.lang.Object)'> (0x00000000c3d6a5f0) 
thrown [s\open\src\hotspot\share\interpreter\linkResolver.cpp, line 759]
Event: 1.081 Thread 0x000001caa5b83b50 Exception <a 'java/lang/NoSuchMethodError'{0x00000000c3db4b28}: 'java.lang.Object java.lang.invoke.DirectMethodHandle$Holder.invokeVirtual(java.lang.Object, java.lang.Object, java.lang.Object)'> (0x00000000c3db4b28) 
thrown [s\open\src\hotspot\share\interpreter\linkResolver.cpp, line 759]
Event: 1.084 Thread 0x000001caa5b83b50 Exception <a 'java/lang/NoSuchMethodError'{0x00000000c3dbfd30}: 'int java.lang.invoke.DirectMethodHandle$Holder.invokeInterface(java.lang.Object, java.lang.Object)'> (0x00000000c3dbfd30) 
thrown [s\open\src\hotspot\share\interpreter\linkResolver.cpp, line 759]
Event: 1.086 Thread 0x000001caa5b83b50 Exception <a 'sun/nio/fs/WindowsException'{0x00000000c3dc6600}> (0x00000000c3dc6600) 
thrown [s\open\src\hotspot\share\prims\jni.cpp, line 516]
Event: 1.086 Thread 0x000001caa5b83b50 Exception <a 'sun/nio/fs/WindowsException'{0x00000000c3dc69a8}> (0x00000000c3dc69a8) 
thrown [s\open\src\hotspot\share\prims\jni.cpp, line 516]

VM Operations (14 events):
Event: 0.243 Executing VM operation: HandshakeAllThreads
Event: 0.243 Executing VM operation: HandshakeAllThreads done
Event: 0.622 Executing VM operation: HandshakeAllThreads
Event: 0.622 Executing VM operation: HandshakeAllThreads done
Event: 0.831 Executing VM operation: HandshakeAllThreads
Event: 0.831 Executing VM operation: HandshakeAllThreads done
Event: 0.873 Executing VM operation: G1CollectForAllocation
Event: 0.879 Executing VM operation: G1CollectForAllocation done
Event: 1.025 Executing VM operation: G1CollectForAllocation
Event: 1.029 Executing VM operation: G1CollectForAllocation done
Event: 1.091 Executing VM operation: HandshakeAllThreads
Event: 1.091 Executing VM operation: HandshakeAllThreads done
Event: 1.121 Executing VM operation: G1CollectForAllocation
Event: 1.122 Executing VM operation: G1CollectForAllocation done

Events (17 events):
Event: 0.024 Loaded shared library C:\Program Files\Java\jdk-18.0.2\bin\java.dll
Event: 0.043 Loaded shared library C:\Program Files\Java\jdk-18.0.2\bin\jsvml.dll
Event: 0.044 Thread 0x000001caa5b83b50 Thread added: 0x000001caa5b83b50
Event: 0.053 Thread 0x000001caa5c48340 Thread added: 0x000001caa5c48340
Event: 0.053 Thread 0x000001caa5c48ce0 Thread added: 0x000001caa5c48ce0
Event: 0.145 Thread 0x000001cac0d4d180 Thread added: 0x000001cac0d4d180
Event: 0.145 Thread 0x000001cac0d4db20 Thread added: 0x000001cac0d4db20
Event: 0.145 Thread 0x000001cac0d504d0 Thread added: 0x000001cac0d504d0
Event: 0.145 Thread 0x000001cac0d52e80 Thread added: 0x000001cac0d52e80
Event: 0.145 Thread 0x000001cac0d53b50 Thread added: 0x000001cac0d53b50
Event: 0.146 Thread 0x000001cac0d57cb0 Thread added: 0x000001cac0d57cb0
Event: 0.146 Thread 0x000001cac0d65730 Thread added: 0x000001cac0d65730
Event: 0.229 Thread 0x000001cac0e1e980 Thread added: 0x000001cac0e1e980
Event: 0.268 Thread 0x000001cac50b2b60 Thread added: 0x000001cac50b2b60
Event: 0.289 Loaded shared library C:\Program Files\Java\jdk-18.0.2\bin\jimage.dll
Event: 0.662 Loaded shared library C:\Program Files\Java\jdk-18.0.2\bin\net.dll
Event: 0.675 Loaded shared library C:\Program Files\Java\jdk-18.0.2\bin\nio.dll


Dynamic libraries:
0x00007ff726cb0000 - 0x00007ff726cb8000 	C:\Program Files\Java\jdk-18.0.2\bin\javac.exe
0x00007ffa6adf0000 - 0x00007ffa6afe8000 	C:\windows\SYSTEM32\ntdll.dll
0x00007ffa303e0000 - 0x00007ffa303f7000 	C:\Program Files\Avast Software\Avast\aswhook.dll
0x00007ffa6a940000 - 0x00007ffa6a9ff000 	C:\windows\System32\KERNEL32.DLL
0x00007ffa686f0000 - 0x00007ffa689c2000 	C:\windows\System32\KERNELBASE.dll
0x00007ffa68d30000 - 0x00007ffa68e30000 	C:\windows\System32\ucrtbase.dll
0x00007ffa475c0000 - 0x00007ffa475d8000 	C:\Program Files\Java\jdk-18.0.2\bin\jli.dll
0x00007ffa6ad00000 - 0x00007ffa6adae000 	C:\windows\System32\ADVAPI32.dll
0x00007ffa691b0000 - 0x00007ffa6924e000 	C:\windows\System32\msvcrt.dll
0x00007ffa6abb0000 - 0x00007ffa6ac4c000 	C:\windows\System32\sechost.dll
0x00007ffa68ff0000 - 0x00007ffa69115000 	C:\windows\System32\RPCRT4.dll
0x00007ffa6aa00000 - 0x00007ffa6aba1000 	C:\windows\System32\USER32.dll
0x00007ffa68a40000 - 0x00007ffa68a62000 	C:\windows\System32\win32u.dll
0x00007ffa6a7d0000 - 0x00007ffa6a7fb000 	C:\windows\System32\GDI32.dll
0x00007ffa68590000 - 0x00007ffa6869f000 	C:\windows\System32\gdi32full.dll
0x00007ffa68b30000 - 0x00007ffa68bcd000 	C:\windows\System32\msvcp_win.dll
0x00007ffa45630000 - 0x00007ffa4564a000 	C:\Program Files\Java\jdk-18.0.2\bin\VCRUNTIME140.dll
0x00007ffa5eab0000 - 0x00007ffa5eaba000 	C:\windows\SYSTEM32\VERSION.dll
0x00007ffa3faa0000 - 0x00007ffa3fd3a000 	C:\windows\WinSxS\amd64_microsoft.windows.common-controls_6595b64144ccf1df_6.0.19041.1110_none_60b5254171f9507e\COMCTL32.dll
0x00007ffa692c0000 - 0x00007ffa692f2000 	C:\windows\System32\IMM32.DLL
0x00007ffa4f580000 - 0x00007ffa4f58c000 	C:\Program Files\Java\jdk-18.0.2\bin\vcruntime140_1.dll
0x00007ffa3f9e0000 - 0x00007ffa3fa6d000 	C:\Program Files\Java\jdk-18.0.2\bin\msvcp140.dll
0x00007ff9ef6e0000 - 0x00007ff9f02f1000 	C:\Program Files\Java\jdk-18.0.2\bin\server\jvm.dll
0x00007ffa69710000 - 0x00007ffa69718000 	C:\windows\System32\PSAPI.DLL
0x00007ffa3f4a0000 - 0x00007ffa3f4c7000 	C:\windows\SYSTEM32\WINMM.dll
0x00007ffa4c2c0000 - 0x00007ffa4c2c9000 	C:\windows\SYSTEM32\WSOCK32.dll
0x00007ffa69860000 - 0x00007ffa698cb000 	C:\windows\System32\WS2_32.dll
0x00007ffa66d30000 - 0x00007ffa66d42000 	C:\windows\SYSTEM32\kernel.appcore.dll
0x00007ffa4e6d0000 - 0x00007ffa4e6da000 	C:\Program Files\Java\jdk-18.0.2\bin\jimage.dll
0x00007ffa62850000 - 0x00007ffa62a34000 	C:\windows\SYSTEM32\DBGHELP.DLL
0x00007ffa4fa60000 - 0x00007ffa4fa95000 	C:\windows\SYSTEM32\dbgcore.DLL
0x00007ffa68a70000 - 0x00007ffa68af2000 	C:\windows\System32\bcryptPrimitives.dll
0x00007ffa454c0000 - 0x00007ffa454e5000 	C:\Program Files\Java\jdk-18.0.2\bin\java.dll
0x00007ffa231f0000 - 0x00007ffa232c6000 	C:\Program Files\Java\jdk-18.0.2\bin\jsvml.dll
0x00007ffa69da0000 - 0x00007ffa6a4e4000 	C:\windows\System32\SHELL32.dll
0x00007ffa66550000 - 0x00007ffa66ce2000 	C:\windows\SYSTEM32\windows.storage.dll
0x00007ffa69300000 - 0x00007ffa69655000 	C:\windows\System32\combase.dll
0x00007ffa67e60000 - 0x00007ffa67e90000 	C:\windows\SYSTEM32\Wldp.dll
0x00007ffa69660000 - 0x00007ffa6970d000 	C:\windows\System32\SHCORE.dll
0x00007ffa69250000 - 0x00007ffa692a5000 	C:\windows\System32\shlwapi.dll
0x00007ffa68420000 - 0x00007ffa6843f000 	C:\windows\SYSTEM32\profapi.dll
0x00007ffa45610000 - 0x00007ffa45623000 	C:\Program Files\Java\jdk-18.0.2\bin\net.dll
0x00007ffa54c80000 - 0x00007ffa54d8c000 	C:\windows\SYSTEM32\WINHTTP.dll
0x00007ffa67bc0000 - 0x00007ffa67c2a000 	C:\windows\system32\mswsock.dll
0x00007ffa43530000 - 0x00007ffa43546000 	C:\Program Files\Java\jdk-18.0.2\bin\nio.dll

dbghelp: loaded successfully - version: 4.0.5 - missing functions: none
symbol engine: initialized successfully - sym options: 0x614 - pdb path: .;C:\Program Files\Java\jdk-18.0.2\bin;C:\windows\SYSTEM32;C:\Program Files\Avast Software\Avast;C:\windows\WinSxS\amd64_microsoft.windows.common-controls_6595b64144ccf1df_6.0.19041.1110_none_60b5254171f9507e;C:\Program Files\Java\jdk-18.0.2\bin\server

VM Arguments:
jvm_args: -Dapplication.home=C:\Program Files\Java\jdk-18.0.2 --add-modules=ALL-DEFAULT -Xms8m -Djdk.module.main=jdk.compiler 
java_command: jdk.compiler/com.sun.tools.javac.Main OOPS.java
java_class_path (initial): <not set>
Launcher Type: SUN_STANDARD

[Global flags]
     intx CICompilerCount                          = 3                                         {product} {ergonomic}
     uint ConcGCThreads                            = 1                                         {product} {ergonomic}
     uint G1ConcRefinementThreads                  = 4                                         {product} {ergonomic}
   size_t G1HeapRegionSize                         = 1048576                                   {product} {ergonomic}
    uintx GCDrainStackTargetSize                   = 64                                        {product} {ergonomic}
   size_t InitialHeapSize                          = 8388608                                   {product} {command line}
   size_t MarkStackSize                            = 4194304                                   {product} {ergonomic}
   size_t MaxHeapSize                              = 1017118720                                {product} {ergonomic}
   size_t MaxNewSize                               = 610271232                                 {product} {ergonomic}
   size_t MinHeapDeltaBytes                        = 1048576                                   {product} {ergonomic}
   size_t MinHeapSize                              = 8388608                                   {product} {command line}
    uintx NonNMethodCodeHeapSize                   = 5832780                                {pd product} {ergonomic}
    uintx NonProfiledCodeHeapSize                  = 122912730                              {pd product} {ergonomic}
    uintx ProfiledCodeHeapSize                     = 122912730                              {pd product} {ergonomic}
    uintx ReservedCodeCacheSize                    = 251658240                              {pd product} {ergonomic}
     bool SegmentedCodeCache                       = true                                      {product} {ergonomic}
   size_t SoftMaxHeapSize                          = 1017118720                             {manageable} {ergonomic}
     bool UseCompressedClassPointers               = true                           {product lp64_product} {ergonomic}
     bool UseCompressedOops                        = true                           {product lp64_product} {ergonomic}
     bool UseG1GC                                  = true                                      {product} {ergonomic}
     bool UseLargePagesIndividualAllocation        = false                                  {pd product} {ergonomic}

Logging:
Log output configuration:
 #0: stdout all=warning uptime,level,tags foldmultilines=false
 #1: stderr all=off uptime,level,tags foldmultilines=false

Environment Variables:
JAVA_HOME=C:\Program Files\Java\jdk-15.0.2
PATH=C:\Program Files\Python310\Scripts\;C:\Program Files\Python310\;C:\Program Files\Common Files\Oracle\Java\javapath;C:\Program Files (x86)\Common Files\Oracle\Java\javapath;C:\windows\system32;C:\windows;C:\windows\System32\Wbem;C:\windows\System32\WindowsPowerShell\v1.0\;C:\windows\System32\OpenSSH\;C:\MinGW\bin;C:\Program Files (x86)\Rational\common;C:\Program Files\Microsoft SQL Server\140\Tools\Binn\;C:\Program Files\Java\jdk-18.0.2;C:\Program Files\MySQL\MySQL Shell 8.0\bin\;C:\Users\HP\AppData\Local\Microsoft\WindowsApps;C:\Program Files\JetBrains\IntelliJ IDEA Community Edition 2022.2\bin;;C:\Program Files\CodeBlocks\MinGW\bin;C:\Users\HP\AppData\Local\Programs\Microsoft VS Code\bin;C:\Miktex\miktex\bin\x64\
USERNAME=HP
LANG=en_US.UTF-8
OS=Windows_NT
PROCESSOR_IDENTIFIER=Intel64 Family 6 Model 126 Stepping 5, GenuineIntel



---------------  S Y S T E M  ---------------

OS:
 Windows 10 , 64 bit Build 19041 (10.0.19041.2364)
OS uptime: 1 days 8:41 hours

CPU: total 4 (initial active 4) (2 cores per cpu, 2 threads per core) family 6 model 126 stepping 5 microcode 0xa6, cx8, cmov, fxsr, ht, mmx, 3dnowpref, sse, sse2, sse3, ssse3, sse4.1, sse4.2, popcnt, lzcnt, tsc, tscinvbit, avx, avx2, aes, erms, clmul, bmi1, bmi2, adx, avx512f, avx512dq, avx512cd, avx512bw, avx512vl, sha, fma, vzeroupper, avx512_vpopcntdq, avx512_vpclmulqdq, avx512_vaes, avx512_vnni, clflush, clflushopt, avx512_vbmi2, avx512_vbmi

Memory: 4k page, system-wide physical 3877M (221M free)
TotalPageFile size 15653M (AvailPageFile size 0M)
current process WorkingSet (physical memory assigned to process): 51M, peak: 51M
current process commit charge ("private bytes"): 86M, peak: 86M

vm_info: Java HotSpot(TM) 64-Bit Server VM (18.0.2+9-61) for windows-amd64 JRE (18.0.2+9-61), built on Jun  7 2022 13:09:01 by "mach5one" with MS VC++ 16.8 / 16.9 (VS2019)

END.
