#
# There is insufficient memory for the Java Runtime Environment to continue.
# Native memory allocation (malloc) failed to allocate 1374576 bytes for Chunk::new
# Possible reasons:
#   The system is out of physical RAM or swap space
#   The process is running with CompressedOops enabled, and the Java Heap may be blocking the growth of the native heap
# Possible solutions:
#   Reduce memory load on the system
#   Increase physical memory or swap space
#   Check if swap backing store is full
#   Decrease Java heap size (-Xmx/-Xms)
#   Decrease number of Java threads
#   Decrease Java thread stack sizes (-Xss)
#   Set larger code cache with -XX:ReservedCodeCacheSize=
#   JVM is running with Unscaled Compressed Oops mode in which the Java heap is
#     placed in the first 4GB address space. The Java Heap base address is the
#     maximum limit for the native heap growth. Please use -XX:HeapBaseMinAddress
#     to set the Java Heap base and to place the Java Heap above 4GB virtual address.
# This output file may be truncated or incomplete.
#
#  Out of Memory Error (arena.cpp:189), pid=17896, tid=15488
#
# JRE version: OpenJDK Runtime Environment Temurin-17.0.5+8 (17.0.5+8) (build 17.0.5+8)
# Java VM: OpenJDK 64-Bit Server VM Temurin-17.0.5+8 (17.0.5+8, mixed mode, tiered, compressed oops, compressed class ptrs, parallel gc, windows-amd64)
# No core dump will be written. Minidumps are not enabled by default on client versions of Windows
#

---------------  S U M M A R Y ------------

Command Line: --add-modules=ALL-SYSTEM --add-opens=java.base/java.util=ALL-UNNAMED --add-opens=java.base/java.lang=ALL-UNNAMED --add-opens=java.base/sun.nio.fs=ALL-UNNAMED -Declipse.application=org.eclipse.jdt.ls.core.id1 -Dosgi.bundles.defaultStartLevel=4 -Declipse.product=org.eclipse.jdt.ls.core.product -Djava.import.generatesMetadataFilesAtProjectRoot=false -Dfile.encoding=utf8 -XX:+UseParallelGC -XX:GCTimeRatio=4 -XX:AdaptiveSizePolicyWeight=90 -Dsun.zip.disableMemoryMapping=true -Xmx1G -Xms100m -Xlog:disable -javaagent:c:\Users\HP\.vscode\extensions\redhat.java-1.13.0-win32-x64\lombok\lombok-1.18.24.jar -XX:+HeapDumpOnOutOfMemoryError -XX:HeapDumpPath=c:\Users\HP\AppData\Roaming\Code\User\workspaceStorage\a91d415e16fd75e6d935cf8b1a70f6d3\redhat.java c:\Users\HP\.vscode\extensions\redhat.java-1.13.0-win32-x64\server\plugins\org.eclipse.equinox.launcher_1.6.400.v20210924-0641.jar -configuration c:\Users\HP\AppData\Roaming\Code\User\globalStorage\redhat.java\1.13.0\config_win -data c:\Users\HP\AppData\Roaming\Code\User\workspaceStorage\a91d415e16fd75e6d935cf8b1a70f6d3\redhat.java\jdt_ws

Host: Intel(R) Core(TM) i3-1005G1 CPU @ 1.20GHz, 4 cores, 3G,  Windows 10 , 64 bit Build 19041 (10.0.19041.2364)
Time: Sun Jan  1 19:43:33 2023 India Standard Time elapsed time: 6.460002 seconds (0d 0h 0m 6s)

---------------  T H R E A D  ---------------

Current thread (0x00000222fc3a26c0):  JavaThread "C2 CompilerThread0" daemon [_thread_in_native, id=15488, stack(0x00000057ace00000,0x00000057acf00000)]


Current CompileTask:
C2:   6460 2716   !   4       org.eclipse.osgi.internal.loader.classpath.ClasspathManager::findClassImpl (308 bytes)

Stack: [0x00000057ace00000,0x00000057acf00000]
Native frames: (J=compiled Java code, j=interpreted, Vv=VM code, C=native code)
V  [jvm.dll+0x676b3a]
V  [jvm.dll+0x831444]
V  [jvm.dll+0x832bee]
V  [jvm.dll+0x833253]
V  [jvm.dll+0x244ce5]
V  [jvm.dll+0xabbac]
V  [jvm.dll+0xac17c]
V  [jvm.dll+0x362d57]
V  [jvm.dll+0x32d591]
V  [jvm.dll+0x32ca3a]
V  [jvm.dll+0x217b51]
V  [jvm.dll+0x216f71]
V  [jvm.dll+0x1a343d]
V  [jvm.dll+0x22698a]
V  [jvm.dll+0x224ac5]
V  [jvm.dll+0x7e727b]
V  [jvm.dll+0x7e17ea]
V  [jvm.dll+0x6759e5]
C  [ucrtbase.dll+0x21bb2]
C  [KERNEL32.DLL+0x17614]
C  [ntdll.dll+0x526a1]


---------------  P R O C E S S  ---------------

Threads class SMR info:
_java_thread_list=0x000002228059cf10, length=23, elements={
0x00000222e85550c0, 0x00000222fc375750, 0x00000222fc377fb0, 0x00000222fc39da80,
0x00000222fc3a0540, 0x00000222fc3a0ef0, 0x00000222fc3a18a0, 0x00000222fc3a26c0,
0x00000222fc3baa10, 0x00000222fdd48010, 0x00000222fde41990, 0x00000222fdfc7ef0,
0x00000222fe7650e0, 0x00000222fe6f9bf0, 0x00000222fe6fa610, 0x00000222fe6e24a0,
0x00000222fe85a460, 0x0000022280036100, 0x000002228006ed20, 0x0000022280070530,
0x000002228006deb0, 0x0000022280070060, 0x0000022280070a00
}

Java Threads: ( => current thread )
  0x00000222e85550c0 JavaThread "main" [_thread_blocked, id=17000, stack(0x00000057ac500000,0x00000057ac600000)]
  0x00000222fc375750 JavaThread "Reference Handler" daemon [_thread_blocked, id=9576, stack(0x00000057ac800000,0x00000057ac900000)]
  0x00000222fc377fb0 JavaThread "Finalizer" daemon [_thread_blocked, id=19084, stack(0x00000057ac900000,0x00000057aca00000)]
  0x00000222fc39da80 JavaThread "Signal Dispatcher" daemon [_thread_blocked, id=12712, stack(0x00000057aca00000,0x00000057acb00000)]
  0x00000222fc3a0540 JavaThread "Attach Listener" daemon [_thread_blocked, id=10464, stack(0x00000057acb00000,0x00000057acc00000)]
  0x00000222fc3a0ef0 JavaThread "Service Thread" daemon [_thread_blocked, id=4144, stack(0x00000057acc00000,0x00000057acd00000)]
  0x00000222fc3a18a0 JavaThread "Monitor Deflation Thread" daemon [_thread_blocked, id=2256, stack(0x00000057acd00000,0x00000057ace00000)]
=>0x00000222fc3a26c0 JavaThread "C2 CompilerThread0" daemon [_thread_in_native, id=15488, stack(0x00000057ace00000,0x00000057acf00000)]
  0x00000222fc3baa10 JavaThread "C1 CompilerThread0" daemon [_thread_blocked, id=15912, stack(0x00000057acf00000,0x00000057ad000000)]
  0x00000222fdd48010 JavaThread "Sweeper thread" daemon [_thread_blocked, id=15240, stack(0x00000057ad000000,0x00000057ad100000)]
  0x00000222fde41990 JavaThread "Common-Cleaner" daemon [_thread_blocked, id=18604, stack(0x00000057ad100000,0x00000057ad200000)]
  0x00000222fdfc7ef0 JavaThread "Notification Thread" daemon [_thread_blocked, id=17392, stack(0x00000057ad200000,0x00000057ad300000)]
  0x00000222fe7650e0 JavaThread "Active Thread: Equinox Container: 293073ac-e7b6-4446-90b1-3b47da0350a8" [_thread_blocked, id=20020, stack(0x00000057ad700000,0x00000057ad800000)]
  0x00000222fe6f9bf0 JavaThread "Framework Event Dispatcher: Equinox Container: 293073ac-e7b6-4446-90b1-3b47da0350a8" daemon [_thread_blocked, id=8320, stack(0x00000057ad800000,0x00000057ad900000)]
  0x00000222fe6fa610 JavaThread "Start Level: Equinox Container: 293073ac-e7b6-4446-90b1-3b47da0350a8" daemon [_thread_in_Java, id=1764, stack(0x00000057ad900000,0x00000057ada00000)]
  0x00000222fe6e24a0 JavaThread "SCR Component Actor" daemon [_thread_blocked, id=2704, stack(0x00000057ada00000,0x00000057adb00000)]
  0x00000222fe85a460 JavaThread "SCR Component Registry" daemon [_thread_blocked, id=640, stack(0x00000057adb00000,0x00000057adc00000)]
  0x0000022280036100 JavaThread "Worker-JM" [_thread_blocked, id=15364, stack(0x00000057adc00000,0x00000057add00000)]
  0x000002228006ed20 JavaThread "Worker-0: Updating Maven Dependencies" [_thread_in_vm, id=10528, stack(0x00000057add00000,0x00000057ade00000)]
  0x0000022280070530 JavaThread "Worker-1: Repository registry initialization" [_thread_blocked, id=2088, stack(0x00000057ade00000,0x00000057adf00000)]
  0x000002228006deb0 JavaThread "Java indexing" daemon [_thread_blocked, id=2376, stack(0x00000057adf00000,0x00000057ae000000)]
  0x0000022280070060 JavaThread "Worker-2" [_thread_blocked, id=11468, stack(0x00000057ae000000,0x00000057ae100000)]
  0x0000022280070a00 JavaThread "Worker-3" [_thread_blocked, id=14716, stack(0x00000057ae100000,0x00000057ae200000)]

Other Threads:
  0x00000222fc35f7f0 VMThread "VM Thread" [stack: 0x00000057ac700000,0x00000057ac800000] [id=18892]
  0x00000222fdfc83c0 WatcherThread [stack: 0x00000057ad300000,0x00000057ad400000] [id=10276]
  0x00000222e85628d0 GCTaskThread "GC Thread#0" [stack: 0x00000057ac600000,0x00000057ac700000] [id=16508]
  0x00000222fe27dbf0 GCTaskThread "GC Thread#1" [stack: 0x00000057ad400000,0x00000057ad500000] [id=9916]
  0x00000222fe664c60 GCTaskThread "GC Thread#2" [stack: 0x00000057ad500000,0x00000057ad600000] [id=15916]
  0x00000222fe664f10 GCTaskThread "GC Thread#3" [stack: 0x00000057ad600000,0x00000057ad700000] [id=10876]

Threads with active compile tasks:
C2 CompilerThread0     6552 2716   !   4       org.eclipse.osgi.internal.loader.classpath.ClasspathManager::findClassImpl (308 bytes)

VM state: not at safepoint (normal execution)

VM Mutex/Monitor currently owned by a thread: None

Heap address: 0x00000000c0000000, size: 1024 MB, Compressed Oops mode: 32-bit

CDS archive(s) not mapped
Compressed class space mapped at: 0x0000000100000000-0x0000000140000000, reserved size: 1073741824
Narrow klass base: 0x0000000000000000, Narrow klass shift: 3, Narrow klass range: 0x140000000

GC Precious Log:
 CPUs: 4 total, 4 available
 Memory: 3877M
 Large Page Support: Disabled
 NUMA Support: Disabled
 Compressed Oops: Enabled (32-bit)
 Alignments: Space 512K, Generation 512K, Heap 2M
 Heap Min Capacity: 100M
 Heap Initial Capacity: 100M
 Heap Max Capacity: 1G
 Pre-touch: Disabled
 Parallel Workers: 4

Heap:
 PSYoungGen      total 26624K, used 13978K [0x00000000eab00000, 0x00000000ec880000, 0x0000000100000000)
  eden space 24064K, 47% used [0x00000000eab00000,0x00000000eb629510,0x00000000ec280000)
  from space 2560K, 99% used [0x00000000ec480000,0x00000000ec6fd580,0x00000000ec700000)
  to   space 1536K, 0% used [0x00000000ec700000,0x00000000ec700000,0x00000000ec880000)
 ParOldGen       total 68608K, used 7991K [0x00000000c0000000, 0x00000000c4300000, 0x00000000eab00000)
  object space 68608K, 11% used [0x00000000c0000000,0x00000000c07cddf8,0x00000000c4300000)
 Metaspace       used 32831K, committed 33408K, reserved 1081344K
  class space    used 3309K, committed 3584K, reserved 1048576K

Card table byte_map: [0x00000222e7f10000,0x00000222e8120000] _byte_map_base: 0x00000222e7910000

Marking Bits: (ParMarkBitMap*) 0x00007ffa1da90dd0
 Begin Bits: [0x00000222fa1e0000, 0x00000222fb1e0000)
 End Bits:   [0x00000222fb1e0000, 0x00000222fc1e0000)

Polling page: 0x00000222e6550000

Metaspace:

Usage:
  Non-class:     28.83 MB used.
      Class:      3.23 MB used.
       Both:     32.06 MB used.

Virtual space:
  Non-class space:       32.00 MB reserved,      29.12 MB ( 91%) committed,  4 nodes.
      Class space:        1.00 GB reserved,       3.50 MB ( <1%) committed,  1 nodes.
             Both:        1.03 GB reserved,      32.62 MB (  3%) committed. 

Chunk freelists:
   Non-Class:  2.08 MB
       Class:  454.00 KB
        Both:  2.52 MB

MaxMetaspaceSize: unlimited
CompressedClassSpaceSize: 1.00 GB
Initial GC threshold: 21.00 MB
Current GC threshold: 35.00 MB
CDS: off
MetaspaceReclaimPolicy: balanced
 - commit_granule_bytes: 65536.
 - commit_granule_words: 8192.
 - virtual_space_node_default_size: 1048576.
 - enlarge_chunks_in_place: 1.
 - new_chunks_are_fully_committed: 0.
 - uncommit_free_chunks: 1.
 - use_allocation_guard: 0.
 - handle_deallocations: 1.


Internal statistics:

num_allocs_failed_limit: 3.
num_arena_births: 240.
num_arena_deaths: 14.
num_vsnodes_births: 5.
num_vsnodes_deaths: 0.
num_space_committed: 522.
num_space_uncommitted: 0.
num_chunks_returned_to_freelist: 24.
num_chunks_taken_from_freelist: 1192.
num_chunk_merges: 9.
num_chunk_splits: 780.
num_chunks_enlarged: 533.
num_purges: 2.
num_inconsistent_stats: 0.

CodeHeap 'non-profiled nmethods': size=120000Kb used=1121Kb max_used=1121Kb free=118878Kb
 bounds [0x00000222f2cb0000, 0x00000222f2f20000, 0x00000222fa1e0000]
CodeHeap 'profiled nmethods': size=120000Kb used=5814Kb max_used=5814Kb free=114185Kb
 bounds [0x00000222eb780000, 0x00000222ebd30000, 0x00000222f2cb0000]
CodeHeap 'non-nmethods': size=5760Kb used=1258Kb max_used=1287Kb free=4501Kb
 bounds [0x00000222eb1e0000, 0x00000222eb450000, 0x00000222eb780000]
 total_blobs=3406 nmethods=2843 adapters=477
 compilation: enabled
              stopped_count=0, restarted_count=0
 full_count=0

Compilation events (20 events):
Event: 6.433 Thread 0x00000222fc3baa10 2799       2       java.util.Collections$3::hasMoreElements (10 bytes)
Event: 6.433 Thread 0x00000222fc3baa10 nmethod 2799 0x00000222ebd18710 code [0x00000222ebd188a0, 0x00000222ebd189c8]
Event: 6.433 Thread 0x00000222fc3baa10 2800       1       java.nio.Buffer::capacity (5 bytes)
Event: 6.433 Thread 0x00000222fc3baa10 nmethod 2800 0x00000222f2dc7010 code [0x00000222f2dc71a0, 0x00000222f2dc7278]
Event: 6.434 Thread 0x00000222fc3baa10 2801       2       java.nio.ByteBuffer::position (6 bytes)
Event: 6.435 Thread 0x00000222fc3baa10 nmethod 2801 0x00000222ebd18a90 code [0x00000222ebd18c20, 0x00000222ebd18d48]
Event: 6.436 Thread 0x00000222fc3baa10 2802   !   2       jdk.internal.loader.AbstractClassLoaderValue::get (21 bytes)
Event: 6.436 Thread 0x00000222fc3baa10 nmethod 2802 0x00000222ebd18e10 code [0x00000222ebd18fe0, 0x00000222ebd19268]
Event: 6.441 Thread 0x00000222fc3baa10 2803       2       java.lang.reflect.AccessibleObject::checkPermission (16 bytes)
Event: 6.441 Thread 0x00000222fc3baa10 nmethod 2803 0x00000222ebd19490 code [0x00000222ebd19620, 0x00000222ebd19748]
Event: 6.441 Thread 0x00000222fc3baa10 2804       2       java.lang.reflect.AccessibleObject::checkCanSetAccessible (9 bytes)
Event: 6.441 Thread 0x00000222fc3baa10 nmethod 2804 0x00000222ebd19810 code [0x00000222ebd199a0, 0x00000222ebd19ac8]
Event: 6.446 Thread 0x00000222fc3baa10 2806       2       java.util.List::of (4 bytes)
Event: 6.446 Thread 0x00000222fc3baa10 nmethod 2806 0x00000222ebd19b90 code [0x00000222ebd19d20, 0x00000222ebd19e18]
Event: 6.448 Thread 0x00000222fc3baa10 2807       2       java.util.Collections::emptyEnumeration (4 bytes)
Event: 6.448 Thread 0x00000222fc3baa10 nmethod 2807 0x00000222ebd19e90 code [0x00000222ebd1a020, 0x00000222ebd1a118]
Event: 6.453 Thread 0x00000222fc3baa10 2808       2       java.util.TreeMap::get (19 bytes)
Event: 6.453 Thread 0x00000222fc3baa10 nmethod 2808 0x00000222ebd1a190 code [0x00000222ebd1a340, 0x00000222ebd1a4a8]
Event: 6.453 Thread 0x00000222fc3baa10 2809       2       jdk.internal.reflect.ClassFileAssembler::emitConstantPoolMethodref (28 bytes)
Event: 6.454 Thread 0x00000222fc3baa10 nmethod 2809 0x00000222ebd1a590 code [0x00000222ebd1a780, 0x00000222ebd1aac8]

GC Heap History (16 events):
Event: 1.874 GC heap before
{Heap before GC invocations=1 (full 0):
 PSYoungGen      total 29696K, used 25600K [0x00000000eab00000, 0x00000000ecc00000, 0x0000000100000000)
  eden space 25600K, 100% used [0x00000000eab00000,0x00000000ec400000,0x00000000ec400000)
  from space 4096K, 0% used [0x00000000ec800000,0x00000000ec800000,0x00000000ecc00000)
  to   space 4096K, 0% used [0x00000000ec400000,0x00000000ec400000,0x00000000ec800000)
 ParOldGen       total 68608K, used 0K [0x00000000c0000000, 0x00000000c4300000, 0x00000000eab00000)
  object space 68608K, 0% used [0x00000000c0000000,0x00000000c0000000,0x00000000c4300000)
 Metaspace       used 10967K, committed 11136K, reserved 1064960K
  class space    used 1087K, committed 1152K, reserved 1048576K
}
Event: 1.881 GC heap after
{Heap after GC invocations=1 (full 0):
 PSYoungGen      total 29696K, used 3672K [0x00000000eab00000, 0x00000000ecc00000, 0x0000000100000000)
  eden space 25600K, 0% used [0x00000000eab00000,0x00000000eab00000,0x00000000ec400000)
  from space 4096K, 89% used [0x00000000ec400000,0x00000000ec796218,0x00000000ec800000)
  to   space 4096K, 0% used [0x00000000ec800000,0x00000000ec800000,0x00000000ecc00000)
 ParOldGen       total 68608K, used 16K [0x00000000c0000000, 0x00000000c4300000, 0x00000000eab00000)
  object space 68608K, 0% used [0x00000000c0000000,0x00000000c0004000,0x00000000c4300000)
 Metaspace       used 10967K, committed 11136K, reserved 1064960K
  class space    used 1087K, committed 1152K, reserved 1048576K
}
Event: 3.400 GC heap before
{Heap before GC invocations=2 (full 0):
 PSYoungGen      total 29696K, used 29272K [0x00000000eab00000, 0x00000000ecc00000, 0x0000000100000000)
  eden space 25600K, 100% used [0x00000000eab00000,0x00000000ec400000,0x00000000ec400000)
  from space 4096K, 89% used [0x00000000ec400000,0x00000000ec796218,0x00000000ec800000)
  to   space 4096K, 0% used [0x00000000ec800000,0x00000000ec800000,0x00000000ecc00000)
 ParOldGen       total 68608K, used 16K [0x00000000c0000000, 0x00000000c4300000, 0x00000000eab00000)
  object space 68608K, 0% used [0x00000000c0000000,0x00000000c0004000,0x00000000c4300000)
 Metaspace       used 14867K, committed 15168K, reserved 1064960K
  class space    used 1504K, committed 1664K, reserved 1048576K
}
Event: 3.406 GC heap after
{Heap after GC invocations=2 (full 0):
 PSYoungGen      total 29696K, used 4071K [0x00000000eab00000, 0x00000000ecc00000, 0x0000000100000000)
  eden space 25600K, 0% used [0x00000000eab00000,0x00000000eab00000,0x00000000ec400000)
  from space 4096K, 99% used [0x00000000ec800000,0x00000000ecbf9ed8,0x00000000ecc00000)
  to   space 4096K, 0% used [0x00000000ec400000,0x00000000ec400000,0x00000000ec800000)
 ParOldGen       total 68608K, used 1794K [0x00000000c0000000, 0x00000000c4300000, 0x00000000eab00000)
  object space 68608K, 2% used [0x00000000c0000000,0x00000000c01c0b90,0x00000000c4300000)
 Metaspace       used 14867K, committed 15168K, reserved 1064960K
  class space    used 1504K, committed 1664K, reserved 1048576K
}
Event: 4.459 GC heap before
{Heap before GC invocations=3 (full 0):
 PSYoungGen      total 29696K, used 29671K [0x00000000eab00000, 0x00000000ecc00000, 0x0000000100000000)
  eden space 25600K, 100% used [0x00000000eab00000,0x00000000ec400000,0x00000000ec400000)
  from space 4096K, 99% used [0x00000000ec800000,0x00000000ecbf9ed8,0x00000000ecc00000)
  to   space 4096K, 0% used [0x00000000ec400000,0x00000000ec400000,0x00000000ec800000)
 ParOldGen       total 68608K, used 1794K [0x00000000c0000000, 0x00000000c4300000, 0x00000000eab00000)
  object space 68608K, 2% used [0x00000000c0000000,0x00000000c01c0b90,0x00000000c4300000)
 Metaspace       used 19960K, committed 20352K, reserved 1073152K
  class space    used 2017K, committed 2176K, reserved 1048576K
}
Event: 4.464 GC heap after
{Heap after GC invocations=3 (full 0):
 PSYoungGen      total 29696K, used 4083K [0x00000000eab00000, 0x00000000ecc00000, 0x0000000100000000)
  eden space 25600K, 0% used [0x00000000eab00000,0x00000000eab00000,0x00000000ec400000)
  from space 4096K, 99% used [0x00000000ec400000,0x00000000ec7fcc98,0x00000000ec800000)
  to   space 4096K, 0% used [0x00000000ec800000,0x00000000ec800000,0x00000000ecc00000)
 ParOldGen       total 68608K, used 3580K [0x00000000c0000000, 0x00000000c4300000, 0x00000000eab00000)
  object space 68608K, 5% used [0x00000000c0000000,0x00000000c037f348,0x00000000c4300000)
 Metaspace       used 19960K, committed 20352K, reserved 1073152K
  class space    used 2017K, committed 2176K, reserved 1048576K
}
Event: 4.774 GC heap before
{Heap before GC invocations=4 (full 0):
 PSYoungGen      total 29696K, used 11217K [0x00000000eab00000, 0x00000000ecc00000, 0x0000000100000000)
  eden space 25600K, 27% used [0x00000000eab00000,0x00000000eb1f7998,0x00000000ec400000)
  from space 4096K, 99% used [0x00000000ec400000,0x00000000ec7fcc98,0x00000000ec800000)
  to   space 4096K, 0% used [0x00000000ec800000,0x00000000ec800000,0x00000000ecc00000)
 ParOldGen       total 68608K, used 3580K [0x00000000c0000000, 0x00000000c4300000, 0x00000000eab00000)
  object space 68608K, 5% used [0x00000000c0000000,0x00000000c037f348,0x00000000c4300000)
 Metaspace       used 21065K, committed 21504K, reserved 1073152K
  class space    used 2142K, committed 2368K, reserved 1048576K
}
Event: 4.780 GC heap after
{Heap after GC invocations=4 (full 0):
 PSYoungGen      total 29696K, used 4089K [0x00000000eab00000, 0x00000000ecc00000, 0x0000000100000000)
  eden space 25600K, 0% used [0x00000000eab00000,0x00000000eab00000,0x00000000ec400000)
  from space 4096K, 99% used [0x00000000ec800000,0x00000000ecbfe4c8,0x00000000ecc00000)
  to   space 4096K, 0% used [0x00000000ec400000,0x00000000ec400000,0x00000000ec800000)
 ParOldGen       total 68608K, used 3809K [0x00000000c0000000, 0x00000000c4300000, 0x00000000eab00000)
  object space 68608K, 5% used [0x00000000c0000000,0x00000000c03b8470,0x00000000c4300000)
 Metaspace       used 21065K, committed 21504K, reserved 1073152K
  class space    used 2142K, committed 2368K, reserved 1048576K
}
Event: 4.780 GC heap before
{Heap before GC invocations=5 (full 1):
 PSYoungGen      total 29696K, used 4089K [0x00000000eab00000, 0x00000000ecc00000, 0x0000000100000000)
  eden space 25600K, 0% used [0x00000000eab00000,0x00000000eab00000,0x00000000ec400000)
  from space 4096K, 99% used [0x00000000ec800000,0x00000000ecbfe4c8,0x00000000ecc00000)
  to   space 4096K, 0% used [0x00000000ec400000,0x00000000ec400000,0x00000000ec800000)
 ParOldGen       total 68608K, used 3809K [0x00000000c0000000, 0x00000000c4300000, 0x00000000eab00000)
  object space 68608K, 5% used [0x00000000c0000000,0x00000000c03b8470,0x00000000c4300000)
 Metaspace       used 21065K, committed 21504K, reserved 1073152K
  class space    used 2142K, committed 2368K, reserved 1048576K
}
Event: 4.813 GC heap after
{Heap after GC invocations=5 (full 1):
 PSYoungGen      total 29696K, used 0K [0x00000000eab00000, 0x00000000ecc00000, 0x0000000100000000)
  eden space 25600K, 0% used [0x00000000eab00000,0x00000000eab00000,0x00000000ec400000)
  from space 4096K, 0% used [0x00000000ec800000,0x00000000ec800000,0x00000000ecc00000)
  to   space 4096K, 0% used [0x00000000ec400000,0x00000000ec400000,0x00000000ec800000)
 ParOldGen       total 68608K, used 7703K [0x00000000c0000000, 0x00000000c4300000, 0x00000000eab00000)
  object space 68608K, 11% used [0x00000000c0000000,0x00000000c0785db8,0x00000000c4300000)
 Metaspace       used 21052K, committed 21504K, reserved 1073152K
  class space    used 2139K, committed 2368K, reserved 1048576K
}
Event: 5.334 GC heap before
{Heap before GC invocations=6 (full 1):
 PSYoungGen      total 29696K, used 25600K [0x00000000eab00000, 0x00000000ecc00000, 0x0000000100000000)
  eden space 25600K, 100% used [0x00000000eab00000,0x00000000ec400000,0x00000000ec400000)
  from space 4096K, 0% used [0x00000000ec800000,0x00000000ec800000,0x00000000ecc00000)
  to   space 4096K, 0% used [0x00000000ec400000,0x00000000ec400000,0x00000000ec800000)
 ParOldGen       total 68608K, used 7703K [0x00000000c0000000, 0x00000000c4300000, 0x00000000eab00000)
  object space 68608K, 11% used [0x00000000c0000000,0x00000000c0785db8,0x00000000c4300000)
 Metaspace       used 24130K, committed 24576K, reserved 1073152K
  class space    used 2462K, committed 2688K, reserved 1048576K
}
Event: 5.337 GC heap after
{Heap after GC invocations=6 (full 1):
 PSYoungGen      total 28672K, used 3125K [0x00000000eab00000, 0x00000000ecb80000, 0x0000000100000000)
  eden space 25088K, 0% used [0x00000000eab00000,0x00000000eab00000,0x00000000ec380000)
  from space 3584K, 87% used [0x00000000ec400000,0x00000000ec70d728,0x00000000ec780000)
  to   space 4096K, 0% used [0x00000000ec780000,0x00000000ec780000,0x00000000ecb80000)
 ParOldGen       total 68608K, used 7711K [0x00000000c0000000, 0x00000000c4300000, 0x00000000eab00000)
  object space 68608K, 11% used [0x00000000c0000000,0x00000000c0787db8,0x00000000c4300000)
 Metaspace       used 24130K, committed 24576K, reserved 1073152K
  class space    used 2462K, committed 2688K, reserved 1048576K
}
Event: 5.628 GC heap before
{Heap before GC invocations=7 (full 1):
 PSYoungGen      total 28672K, used 28212K [0x00000000eab00000, 0x00000000ecb80000, 0x0000000100000000)
  eden space 25088K, 99% used [0x00000000eab00000,0x00000000ec37fc40,0x00000000ec380000)
  from space 3584K, 87% used [0x00000000ec400000,0x00000000ec70d728,0x00000000ec780000)
  to   space 4096K, 0% used [0x00000000ec780000,0x00000000ec780000,0x00000000ecb80000)
 ParOldGen       total 68608K, used 7711K [0x00000000c0000000, 0x00000000c4300000, 0x00000000eab00000)
  object space 68608K, 11% used [0x00000000c0000000,0x00000000c0787db8,0x00000000c4300000)
 Metaspace       used 27786K, committed 28224K, reserved 1081344K
  class space    used 2732K, committed 2944K, reserved 1048576K
}
Event: 5.629 GC heap after
{Heap after GC invocations=7 (full 1):
 PSYoungGen      total 26624K, used 1748K [0x00000000eab00000, 0x00000000ec980000, 0x0000000100000000)
  eden space 24576K, 0% used [0x00000000eab00000,0x00000000eab00000,0x00000000ec300000)
  from space 2048K, 85% used [0x00000000ec780000,0x00000000ec9350a8,0x00000000ec980000)
  to   space 2560K, 0% used [0x00000000ec480000,0x00000000ec480000,0x00000000ec700000)
 ParOldGen       total 68608K, used 7719K [0x00000000c0000000, 0x00000000c4300000, 0x00000000eab00000)
  object space 68608K, 11% used [0x00000000c0000000,0x00000000c0789db8,0x00000000c4300000)
 Metaspace       used 27786K, committed 28224K, reserved 1081344K
  class space    used 2732K, committed 2944K, reserved 1048576K
}
Event: 6.314 GC heap before
{Heap before GC invocations=8 (full 1):
 PSYoungGen      total 26624K, used 26324K [0x00000000eab00000, 0x00000000ec980000, 0x0000000100000000)
  eden space 24576K, 100% used [0x00000000eab00000,0x00000000ec300000,0x00000000ec300000)
  from space 2048K, 85% used [0x00000000ec780000,0x00000000ec9350a8,0x00000000ec980000)
  to   space 2560K, 0% used [0x00000000ec480000,0x00000000ec480000,0x00000000ec700000)
 ParOldGen       total 68608K, used 7719K [0x00000000c0000000, 0x00000000c4300000, 0x00000000eab00000)
  object space 68608K, 11% used [0x00000000c0000000,0x00000000c0789db8,0x00000000c4300000)
 Metaspace       used 30814K, committed 31360K, reserved 1081344K
  class space    used 3045K, committed 3264K, reserved 1048576K
}
Event: 6.317 GC heap after
{Heap after GC invocations=8 (full 1):
 PSYoungGen      total 26624K, used 2549K [0x00000000eab00000, 0x00000000ec880000, 0x0000000100000000)
  eden space 24064K, 0% used [0x00000000eab00000,0x00000000eab00000,0x00000000ec280000)
  from space 2560K, 99% used [0x00000000ec480000,0x00000000ec6fd580,0x00000000ec700000)
  to   space 1536K, 0% used [0x00000000ec700000,0x00000000ec700000,0x00000000ec880000)
 ParOldGen       total 68608K, used 7991K [0x00000000c0000000, 0x00000000c4300000, 0x00000000eab00000)
  object space 68608K, 11% used [0x00000000c0000000,0x00000000c07cddf8,0x00000000c4300000)
 Metaspace       used 30814K, committed 31360K, reserved 1081344K
  class space    used 3045K, committed 3264K, reserved 1048576K
}

Dll operation events (9 events):
Event: 0.018 Loaded shared library c:\Users\HP\.vscode\extensions\redhat.java-1.13.0-win32-x64\jre\17.0.5-win32-x86_64\bin\java.dll
Event: 0.176 Loaded shared library c:\Users\HP\.vscode\extensions\redhat.java-1.13.0-win32-x64\jre\17.0.5-win32-x86_64\bin\zip.dll
Event: 0.182 Loaded shared library C:\Users\HP\.vscode\extensions\redhat.java-1.13.0-win32-x64\jre\17.0.5-win32-x86_64\bin\instrument.dll
Event: 0.200 Loaded shared library C:\Users\HP\.vscode\extensions\redhat.java-1.13.0-win32-x64\jre\17.0.5-win32-x86_64\bin\net.dll
Event: 0.205 Loaded shared library C:\Users\HP\.vscode\extensions\redhat.java-1.13.0-win32-x64\jre\17.0.5-win32-x86_64\bin\nio.dll
Event: 0.213 Loaded shared library C:\Users\HP\.vscode\extensions\redhat.java-1.13.0-win32-x64\jre\17.0.5-win32-x86_64\bin\zip.dll
Event: 0.231 Loaded shared library C:\Users\HP\.vscode\extensions\redhat.java-1.13.0-win32-x64\jre\17.0.5-win32-x86_64\bin\jimage.dll
Event: 0.471 Loaded shared library c:\Users\HP\.vscode\extensions\redhat.java-1.13.0-win32-x64\jre\17.0.5-win32-x86_64\bin\verify.dll
Event: 3.247 Loaded shared library C:\Users\HP\AppData\Roaming\Code\User\globalStorage\redhat.java\1.13.0\config_win\org.eclipse.equinox.launcher\org.eclipse.equinox.launcher.win32.win32.x86_64_1.2.600.v20220720-1916\eclipse_11700.dll

Deoptimization events (20 events):
Event: 4.949 Thread 0x00000222fe6fa610 DEOPT PACKING pc=0x00000222f2cfd18c sp=0x00000057ad9f3760
Event: 4.949 Thread 0x00000222fe6fa610 DEOPT UNPACKING pc=0x00000222eb2358a3 sp=0x00000057ad9f36f8 mode 2
Event: 4.954 Thread 0x00000222fe6fa610 Uncommon trap: trap_request=0xffffff45 fr.pc=0x00000222f2d80e84 relative=0x0000000000000084
Event: 4.954 Thread 0x00000222fe6fa610 Uncommon trap: reason=unstable_if action=reinterpret pc=0x00000222f2d80e84 method=java.util.jar.Manifest$FastInputStream.peek()B @ 8 c2
Event: 4.954 Thread 0x00000222fe6fa610 DEOPT PACKING pc=0x00000222f2d80e84 sp=0x00000057ad9f3760
Event: 4.954 Thread 0x00000222fe6fa610 DEOPT UNPACKING pc=0x00000222eb2358a3 sp=0x00000057ad9f36f8 mode 2
Event: 5.215 Thread 0x00000222fe6fa610 DEOPT PACKING pc=0x00000222ebaca904 sp=0x00000057ad9fa9a0
Event: 5.215 Thread 0x000002228006ed20 DEOPT PACKING pc=0x00000222ebaca904 sp=0x00000057addfe4d0
Event: 5.215 Thread 0x00000222fe6fa610 DEOPT UNPACKING pc=0x00000222eb2363e3 sp=0x00000057ad9f9ef8 mode 0
Event: 5.215 Thread 0x000002228006ed20 DEOPT UNPACKING pc=0x00000222eb2363e3 sp=0x00000057addfda28 mode 0
Event: 5.721 Thread 0x00000222fe6fa610 DEOPT PACKING pc=0x00000222ebbf3e4e sp=0x00000057ad9f9700
Event: 5.721 Thread 0x00000222fe6fa610 DEOPT UNPACKING pc=0x00000222eb2363e3 sp=0x00000057ad9f8c10 mode 0
Event: 6.320 Thread 0x000002228006ed20 Uncommon trap: trap_request=0xffffffcc fr.pc=0x00000222f2dc5610 relative=0x00000000000001f0
Event: 6.320 Thread 0x000002228006ed20 Uncommon trap: reason=intrinsic_or_type_checked_inlining action=make_not_entrant pc=0x00000222f2dc5610 method=java.util.Arrays.copyOf([Ljava/lang/Object;ILjava/lang/Class;)[Ljava/lang/Object; @ 35 c2
Event: 6.320 Thread 0x000002228006ed20 DEOPT PACKING pc=0x00000222f2dc5610 sp=0x00000057addfc680
Event: 6.320 Thread 0x000002228006ed20 DEOPT UNPACKING pc=0x00000222eb2358a3 sp=0x00000057addfc610 mode 2
Event: 6.321 Thread 0x000002228006ed20 Uncommon trap: trap_request=0xffffff45 fr.pc=0x00000222f2d7cdf8 relative=0x0000000000000df8
Event: 6.321 Thread 0x000002228006ed20 Uncommon trap: reason=unstable_if action=reinterpret pc=0x00000222f2d7cdf8 method=java.util.Properties$LineReader.readLine()I @ 256 c2
Event: 6.321 Thread 0x000002228006ed20 DEOPT PACKING pc=0x00000222f2d7cdf8 sp=0x00000057addfda50
Event: 6.321 Thread 0x000002228006ed20 DEOPT UNPACKING pc=0x00000222eb2358a3 sp=0x00000057addfd9e8 mode 2

Classes unloaded (7 events):
Event: 4.786 Thread 0x00000222fc35f7f0 Unloading class 0x0000000100216800 'java/lang/invoke/LambdaForm$MH+0x0000000100216800'
Event: 4.786 Thread 0x00000222fc35f7f0 Unloading class 0x0000000100216400 'java/lang/invoke/LambdaForm$MH+0x0000000100216400'
Event: 4.786 Thread 0x00000222fc35f7f0 Unloading class 0x0000000100216000 'java/lang/invoke/LambdaForm$MH+0x0000000100216000'
Event: 4.786 Thread 0x00000222fc35f7f0 Unloading class 0x0000000100215c00 'java/lang/invoke/LambdaForm$MH+0x0000000100215c00'
Event: 4.786 Thread 0x00000222fc35f7f0 Unloading class 0x0000000100215400 'java/lang/invoke/LambdaForm$BMH+0x0000000100215400'
Event: 4.786 Thread 0x00000222fc35f7f0 Unloading class 0x0000000100215000 'java/lang/invoke/LambdaForm$DMH+0x0000000100215000'
Event: 4.786 Thread 0x00000222fc35f7f0 Unloading class 0x0000000100210400 'java/lang/invoke/LambdaForm$DMH+0x0000000100210400'

Classes redefined (0 events):
No events

Internal exceptions (20 events):
Event: 4.266 Thread 0x00000222fe6fa610 Exception <a 'java/lang/NoSuchMethodError'{0x00000000ebfe2fe0}: 'void java.lang.invoke.DelegatingMethodHandle$Holder.delegate(java.lang.Object, java.lang.Object, int, java.lang.Object)'> (0x00000000ebfe2fe0) 
thrown [s\src\hotspot\share\interpreter\linkResolver.cpp, line 759]
Event: 4.267 Thread 0x00000222fe6fa610 Exception <a 'java/lang/NoSuchMethodError'{0x00000000ebfe73c8}: 'int java.lang.invoke.DirectMethodHandle$Holder.invokeSpecial(java.lang.Object, java.lang.Object, java.lang.Object)'> (0x00000000ebfe73c8) 
thrown [s\src\hotspot\share\interpreter\linkResolver.cpp, line 759]
Event: 4.268 Thread 0x00000222fe6fa610 Exception <a 'java/lang/NoSuchMethodError'{0x00000000ebff79b8}: 'int java.lang.invoke.DirectMethodHandle$Holder.invokeStatic(java.lang.Object, java.lang.Object, int)'> (0x00000000ebff79b8) 
thrown [s\src\hotspot\share\interpreter\linkResolver.cpp, line 759]
Event: 4.269 Thread 0x00000222fe6fa610 Exception <a 'java/lang/NoSuchMethodError'{0x00000000ebffb9e0}: 'int java.lang.invoke.DirectMethodHandle$Holder.invokeSpecial(java.lang.Object, java.lang.Object, java.lang.Object, int)'> (0x00000000ebffb9e0) 
thrown [s\src\hotspot\share\interpreter\linkResolver.cpp, line 759]
Event: 4.272 Thread 0x00000222fe6fa610 Exception <a 'java/lang/NoSuchMethodError'{0x00000000ec0166a8}: 'java.lang.Object java.lang.invoke.DirectMethodHandle$Holder.invokeStatic(java.lang.Object, java.lang.Object, java.lang.Object, java.lang.Object, int)'> (0x00000000ec0166a8) 
thrown [s\src\hotspot\share\interpreter\linkResolver.cpp, line 759]
Event: 4.275 Thread 0x00000222fe6fa610 Exception <a 'java/lang/NoSuchMethodError'{0x00000000ec022a18}: 'java.lang.Object java.lang.invoke.DelegatingMethodHandle$Holder.reinvoke_L(java.lang.Object, java.lang.Object, java.lang.Object, java.lang.Object, int, int)'> (0x00000000ec022a18) 
thrown [s\src\hotspot\share\interpreter\linkResolver.cpp, line 759]
Event: 4.279 Thread 0x00000222fe6fa610 Exception <a 'java/lang/NoSuchMethodError'{0x00000000ec03a560}: 'java.lang.Object java.lang.invoke.Invokers$Holder.invokeExact_MT(java.lang.Object, java.lang.Object, java.lang.Object, java.lang.Object)'> (0x00000000ec03a560) 
thrown [s\src\hotspot\share\interpreter\linkResolver.cpp, line 759]
Event: 4.719 Thread 0x00000222fe6fa610 Exception <a 'java/lang/NoSuchMethodError'{0x00000000eafdebb0}: 'int java.lang.invoke.DirectMethodHandle$Holder.invokeStaticInit(java.lang.Object, java.lang.Object, java.lang.Object)'> (0x00000000eafdebb0) 
thrown [s\src\hotspot\share\interpreter\linkResolver.cpp, line 759]
Event: 4.728 Thread 0x00000222fe6fa610 Exception <a 'java/lang/IncompatibleClassChangeError'{0x00000000eb046488}: Found class java.lang.Object, but interface was expected> (0x00000000eb046488) 
thrown [s\src\hotspot\share\interpreter\linkResolver.cpp, line 826]
Event: 5.049 Thread 0x00000222fe6fa610 Exception <a 'java/io/FileNotFoundException'{0x00000000eb422d68}> (0x00000000eb422d68) 
thrown [s\src\hotspot\share\prims\jni.cpp, line 516]
Event: 5.151 Thread 0x00000222fe6fa610 Exception <a 'java/lang/NoSuchMethodError'{0x00000000eb8e2b00}: 'void java.lang.invoke.DirectMethodHandle$Holder.invokeSpecial(java.lang.Object, java.lang.Object, java.lang.Object, int)'> (0x00000000eb8e2b00) 
thrown [s\src\hotspot\share\interpreter\linkResolver.cpp, line 759]
Event: 5.218 Thread 0x000002228006ed20 Exception <a 'java/io/FileNotFoundException'{0x00000000ebc28338}> (0x00000000ebc28338) 
thrown [s\src\hotspot\share\prims\jni.cpp, line 516]
Event: 5.755 Thread 0x00000222fe6fa610 Exception <a 'java/lang/ClassNotFoundException'{0x00000000eb89fb90}: com/sun/org/apache/xerces/internal/impl/msg/spi/DOMMessagesProvider> (0x00000000eb89fb90) 
thrown [s\src\hotspot\share\classfile\systemDictionary.cpp, line 256]
Event: 5.759 Thread 0x00000222fe6fa610 Exception <a 'java/lang/ClassNotFoundException'{0x00000000eb8bbf20}: com/sun/org/apache/xerces/internal/impl/msg/spi/XMLSerializerMessagesProvider> (0x00000000eb8bbf20) 
thrown [s\src\hotspot\share\classfile\systemDictionary.cpp, line 256]
Event: 5.761 Thread 0x00000222fe6fa610 Exception <a 'java/lang/ClassNotFoundException'{0x00000000eb8c91a8}: com/sun/org/apache/xerces/internal/impl/msg/spi/XMLMessagesProvider> (0x00000000eb8c91a8) 
thrown [s\src\hotspot\share\classfile\systemDictionary.cpp, line 256]
Event: 5.802 Thread 0x00000222fe6fa610 Exception <a 'sun/nio/fs/WindowsException'{0x00000000ebaaadd8}> (0x00000000ebaaadd8) 
thrown [s\src\hotspot\share\prims\jni.cpp, line 516]
Event: 5.854 Thread 0x00000222fe6fa610 Exception <a 'java/lang/NoSuchMethodError'{0x00000000ebca9f78}: 'java.lang.Object java.lang.invoke.DirectMethodHandle$Holder.invokeStaticInit(java.lang.Object, int, int, int, int)'> (0x00000000ebca9f78) 
thrown [s\src\hotspot\share\interpreter\linkResolver.cpp, line 759]
Event: 6.211 Thread 0x000002228006ed20 Exception <a 'java/lang/NoSuchMethodError'{0x00000000ebd49d40}: 'java.lang.Object java.lang.invoke.DirectMethodHandle$Holder.newInvokeSpecial(java.lang.Object, java.lang.Object, java.lang.Object, java.lang.Object, java.lang.Object)'> (0x00000000ebd49d40) 
thrown [s\src\hotspot\share\interpreter\linkResolver.cpp, line 759]
Event: 6.268 Thread 0x00000222fe6fa610 Exception <a 'java/lang/NoSuchMethodError'{0x00000000ebee40c8}: 'java.lang.Object java.lang.invoke.DirectMethodHandle$Holder.invokeStaticInit(java.lang.Object, java.lang.Object, int, int, int, int)'> (0x00000000ebee40c8) 
thrown [s\src\hotspot\share\interpreter\linkResolver.cpp, line 759]
Event: 6.364 Thread 0x00000222fe6fa610 Exception <a 'java/lang/ClassNotFoundException'{0x00000000ead9f940}: com/sun/org/apache/xml/internal/serializer/spi/XMLEntitiesProvider> (0x00000000ead9f940) 
thrown [s\src\hotspot\share\classfile\systemDictionary.cpp, line 256]

VM Operations (20 events):
Event: 5.054 Executing VM operation: HandshakeAllThreads
Event: 5.054 Executing VM operation: HandshakeAllThreads done
Event: 5.145 Executing VM operation: HandshakeAllThreads
Event: 5.145 Executing VM operation: HandshakeAllThreads done
Event: 5.145 Executing VM operation: HandshakeAllThreads
Event: 5.145 Executing VM operation: HandshakeAllThreads done
Event: 5.334 Executing VM operation: ParallelGCFailedAllocation
Event: 5.337 Executing VM operation: ParallelGCFailedAllocation done
Event: 5.628 Executing VM operation: ParallelGCFailedAllocation
Event: 5.629 Executing VM operation: ParallelGCFailedAllocation done
Event: 5.834 Executing VM operation: HandshakeAllThreads
Event: 5.834 Executing VM operation: HandshakeAllThreads done
Event: 6.252 Executing VM operation: HandshakeAllThreads
Event: 6.255 Executing VM operation: HandshakeAllThreads done
Event: 6.262 Executing VM operation: HandshakeAllThreads
Event: 6.262 Executing VM operation: HandshakeAllThreads done
Event: 6.314 Executing VM operation: ParallelGCFailedAllocation
Event: 6.317 Executing VM operation: ParallelGCFailedAllocation done
Event: 6.420 Executing VM operation: HandshakeAllThreads
Event: 6.420 Executing VM operation: HandshakeAllThreads done

Events (20 events):
Event: 6.421 loading class sun/nio/cs/MS1251
Event: 6.421 loading class sun/nio/cs/MS1251 done
Event: 6.422 loading class sun/nio/cs/MS1250
Event: 6.422 loading class sun/nio/cs/MS1250 done
Event: 6.424 loading class sun/nio/cs/ISO_8859_2
Event: 6.424 loading class sun/nio/cs/ISO_8859_2 done
Event: 6.430 loading class sun/nio/cs/ISO_8859_4
Event: 6.431 loading class sun/nio/cs/ISO_8859_4 done
Event: 6.431 loading class sun/nio/cs/ISO_8859_5
Event: 6.431 loading class sun/nio/cs/ISO_8859_5 done
Event: 6.432 loading class sun/nio/cs/ISO_8859_9
Event: 6.432 loading class sun/nio/cs/ISO_8859_9 done
Event: 6.433 loading class sun/nio/cs/ISO_8859_7
Event: 6.433 loading class sun/nio/cs/ISO_8859_7 done
Event: 6.433 loading class sun/nio/cs/IBM850
Event: 6.434 loading class sun/nio/cs/IBM850 done
Event: 6.435 loading class sun/nio/cs/SJIS
Event: 6.435 loading class sun/nio/cs/SJIS done
Event: 6.449 loading class java/util/function/BiPredicate
Event: 6.450 loading class java/util/function/BiPredicate done


Dynamic libraries:
0x00007ff6bd920000 - 0x00007ff6bd92e000 	c:\Users\HP\.vscode\extensions\redhat.java-1.13.0-win32-x64\jre\17.0.5-win32-x86_64\bin\java.exe
0x00007ffa6adf0000 - 0x00007ffa6afe8000 	C:\windows\SYSTEM32\ntdll.dll
0x00007ffa303e0000 - 0x00007ffa303f7000 	C:\Program Files\Avast Software\Avast\aswhook.dll
0x00007ffa6a940000 - 0x00007ffa6a9ff000 	C:\windows\System32\KERNEL32.DLL
0x00007ffa686f0000 - 0x00007ffa689c2000 	C:\windows\System32\KERNELBASE.dll
0x00007ffa68d30000 - 0x00007ffa68e30000 	C:\windows\System32\ucrtbase.dll
0x00007ffa5e330000 - 0x00007ffa5e349000 	c:\Users\HP\.vscode\extensions\redhat.java-1.13.0-win32-x64\jre\17.0.5-win32-x86_64\bin\VCRUNTIME140.dll
0x00007ffa5e350000 - 0x00007ffa5e367000 	c:\Users\HP\.vscode\extensions\redhat.java-1.13.0-win32-x64\jre\17.0.5-win32-x86_64\bin\jli.dll
0x00007ffa6aa00000 - 0x00007ffa6aba1000 	C:\windows\System32\USER32.dll
0x00007ffa68a40000 - 0x00007ffa68a62000 	C:\windows\System32\win32u.dll
0x00007ffa6a7d0000 - 0x00007ffa6a7fb000 	C:\windows\System32\GDI32.dll
0x00007ffa68590000 - 0x00007ffa6869f000 	C:\windows\System32\gdi32full.dll
0x00007ffa68b30000 - 0x00007ffa68bcd000 	C:\windows\System32\msvcp_win.dll
0x00007ffa3faa0000 - 0x00007ffa3fd3a000 	C:\windows\WinSxS\amd64_microsoft.windows.common-controls_6595b64144ccf1df_6.0.19041.1110_none_60b5254171f9507e\COMCTL32.dll
0x00007ffa691b0000 - 0x00007ffa6924e000 	C:\windows\System32\msvcrt.dll
0x00007ffa692c0000 - 0x00007ffa692f2000 	C:\windows\System32\IMM32.DLL
0x00007ffa5f870000 - 0x00007ffa5f87c000 	c:\Users\HP\.vscode\extensions\redhat.java-1.13.0-win32-x64\jre\17.0.5-win32-x86_64\bin\vcruntime140_1.dll
0x00007ffa36530000 - 0x00007ffa365c1000 	c:\Users\HP\.vscode\extensions\redhat.java-1.13.0-win32-x64\jre\17.0.5-win32-x86_64\bin\msvcp140.dll
0x00007ffa1cf10000 - 0x00007ffa1db54000 	c:\Users\HP\.vscode\extensions\redhat.java-1.13.0-win32-x64\jre\17.0.5-win32-x86_64\bin\server\jvm.dll
0x00007ffa6ad00000 - 0x00007ffa6adae000 	C:\windows\System32\ADVAPI32.dll
0x00007ffa6abb0000 - 0x00007ffa6ac4c000 	C:\windows\System32\sechost.dll
0x00007ffa68ff0000 - 0x00007ffa69115000 	C:\windows\System32\RPCRT4.dll
0x00007ffa4c2c0000 - 0x00007ffa4c2c9000 	C:\windows\SYSTEM32\WSOCK32.dll
0x00007ffa3f4a0000 - 0x00007ffa3f4c7000 	C:\windows\SYSTEM32\WINMM.dll
0x00007ffa5eab0000 - 0x00007ffa5eaba000 	C:\windows\SYSTEM32\VERSION.dll
0x00007ffa69860000 - 0x00007ffa698cb000 	C:\windows\System32\WS2_32.dll
0x00007ffa66d30000 - 0x00007ffa66d42000 	C:\windows\SYSTEM32\kernel.appcore.dll
0x00007ffa5e7b0000 - 0x00007ffa5e7ba000 	c:\Users\HP\.vscode\extensions\redhat.java-1.13.0-win32-x64\jre\17.0.5-win32-x86_64\bin\jimage.dll
0x00007ffa62850000 - 0x00007ffa62a34000 	C:\windows\SYSTEM32\DBGHELP.DLL
0x00007ffa4fa60000 - 0x00007ffa4fa95000 	C:\windows\SYSTEM32\dbgcore.DLL
0x00007ffa68a70000 - 0x00007ffa68af2000 	C:\windows\System32\bcryptPrimitives.dll
0x00007ffa5e320000 - 0x00007ffa5e32e000 	c:\Users\HP\.vscode\extensions\redhat.java-1.13.0-win32-x64\jre\17.0.5-win32-x86_64\bin\instrument.dll
0x00007ffa4e8c0000 - 0x00007ffa4e8e5000 	c:\Users\HP\.vscode\extensions\redhat.java-1.13.0-win32-x64\jre\17.0.5-win32-x86_64\bin\java.dll
0x00007ffa4f460000 - 0x00007ffa4f478000 	c:\Users\HP\.vscode\extensions\redhat.java-1.13.0-win32-x64\jre\17.0.5-win32-x86_64\bin\zip.dll
0x00007ffa69da0000 - 0x00007ffa6a4e4000 	C:\windows\System32\SHELL32.dll
0x00007ffa66550000 - 0x00007ffa66ce2000 	C:\windows\SYSTEM32\windows.storage.dll
0x00007ffa69300000 - 0x00007ffa69655000 	C:\windows\System32\combase.dll
0x00007ffa67e60000 - 0x00007ffa67e90000 	C:\windows\SYSTEM32\Wldp.dll
0x00007ffa69660000 - 0x00007ffa6970d000 	C:\windows\System32\SHCORE.dll
0x00007ffa69250000 - 0x00007ffa692a5000 	C:\windows\System32\shlwapi.dll
0x00007ffa68420000 - 0x00007ffa6843f000 	C:\windows\SYSTEM32\profapi.dll
0x00007ffa4f1c0000 - 0x00007ffa4f1d9000 	C:\Users\HP\.vscode\extensions\redhat.java-1.13.0-win32-x64\jre\17.0.5-win32-x86_64\bin\net.dll
0x00007ffa54c80000 - 0x00007ffa54d8c000 	C:\windows\SYSTEM32\WINHTTP.dll
0x00007ffa67bc0000 - 0x00007ffa67c2a000 	C:\windows\system32\mswsock.dll
0x00007ffa4f190000 - 0x00007ffa4f1a5000 	C:\Users\HP\.vscode\extensions\redhat.java-1.13.0-win32-x64\jre\17.0.5-win32-x86_64\bin\nio.dll
0x00007ffa5e310000 - 0x00007ffa5e320000 	c:\Users\HP\.vscode\extensions\redhat.java-1.13.0-win32-x64\jre\17.0.5-win32-x86_64\bin\verify.dll
0x00007ffa47a70000 - 0x00007ffa47aae000 	C:\Users\HP\AppData\Roaming\Code\User\globalStorage\redhat.java\1.13.0\config_win\org.eclipse.equinox.launcher\org.eclipse.equinox.launcher.win32.win32.x86_64_1.2.600.v20220720-1916\eclipse_11700.dll
0x00007ffa6a4f0000 - 0x00007ffa6a61a000 	C:\windows\System32\ole32.dll
0x00007ffa67db0000 - 0x00007ffa67dc8000 	C:\windows\SYSTEM32\CRYPTSP.dll
0x00007ffa674e0000 - 0x00007ffa67514000 	C:\windows\system32\rsaenh.dll
0x00007ffa68b00000 - 0x00007ffa68b27000 	C:\windows\System32\bcrypt.dll
0x00007ffa683a0000 - 0x00007ffa683ce000 	C:\windows\SYSTEM32\USERENV.dll
0x00007ffa67dd0000 - 0x00007ffa67ddc000 	C:\windows\SYSTEM32\CRYPTBASE.dll
0x00007ffa678b0000 - 0x00007ffa678eb000 	C:\windows\SYSTEM32\IPHLPAPI.DLL
0x00007ffa691a0000 - 0x00007ffa691a8000 	C:\windows\System32\NSI.dll
0x00007ffa5aeb0000 - 0x00007ffa5aec7000 	C:\windows\SYSTEM32\dhcpcsvc6.DLL
0x00007ffa5ae90000 - 0x00007ffa5aead000 	C:\windows\SYSTEM32\dhcpcsvc.DLL
0x00007ffa678f0000 - 0x00007ffa679ba000 	C:\windows\SYSTEM32\DNSAPI.dll

dbghelp: loaded successfully - version: 4.0.5 - missing functions: none
symbol engine: initialized successfully - sym options: 0x614 - pdb path: .;c:\Users\HP\.vscode\extensions\redhat.java-1.13.0-win32-x64\jre\17.0.5-win32-x86_64\bin;C:\windows\SYSTEM32;C:\Program Files\Avast Software\Avast;C:\windows\WinSxS\amd64_microsoft.windows.common-controls_6595b64144ccf1df_6.0.19041.1110_none_60b5254171f9507e;c:\Users\HP\.vscode\extensions\redhat.java-1.13.0-win32-x64\jre\17.0.5-win32-x86_64\bin\server;C:\Users\HP\AppData\Roaming\Code\User\globalStorage\redhat.java\1.13.0\config_win\org.eclipse.equinox.launcher\org.eclipse.equinox.launcher.win32.win32.x86_64_1.2.600.v20220720-1916

VM Arguments:
jvm_args: --add-modules=ALL-SYSTEM --add-opens=java.base/java.util=ALL-UNNAMED --add-opens=java.base/java.lang=ALL-UNNAMED --add-opens=java.base/sun.nio.fs=ALL-UNNAMED -Declipse.application=org.eclipse.jdt.ls.core.id1 -Dosgi.bundles.defaultStartLevel=4 -Declipse.product=org.eclipse.jdt.ls.core.product -Djava.import.generatesMetadataFilesAtProjectRoot=false -Dfile.encoding=utf8 -XX:+UseParallelGC -XX:GCTimeRatio=4 -XX:AdaptiveSizePolicyWeight=90 -Dsun.zip.disableMemoryMapping=true -Xmx1G -Xms100m -Xlog:disable -javaagent:c:\Users\HP\.vscode\extensions\redhat.java-1.13.0-win32-x64\lombok\lombok-1.18.24.jar -XX:+HeapDumpOnOutOfMemoryError -XX:HeapDumpPath=c:\Users\HP\AppData\Roaming\Code\User\workspaceStorage\a91d415e16fd75e6d935cf8b1a70f6d3\redhat.java 
java_command: c:\Users\HP\.vscode\extensions\redhat.java-1.13.0-win32-x64\server\plugins\org.eclipse.equinox.launcher_1.6.400.v20210924-0641.jar -configuration c:\Users\HP\AppData\Roaming\Code\User\globalStorage\redhat.java\1.13.0\config_win -data c:\Users\HP\AppData\Roaming\Code\User\workspaceStorage\a91d415e16fd75e6d935cf8b1a70f6d3\redhat.java\jdt_ws
java_class_path (initial): c:\Users\HP\.vscode\extensions\redhat.java-1.13.0-win32-x64\server\plugins\org.eclipse.equinox.launcher_1.6.400.v20210924-0641.jar
Launcher Type: SUN_STANDARD

[Global flags]
    uintx AdaptiveSizePolicyWeight                 = 90                                        {product} {command line}
     intx CICompilerCount                          = 3                                         {product} {ergonomic}
    uintx GCTimeRatio                              = 4                                         {product} {command line}
     bool HeapDumpOnOutOfMemoryError               = true                                   {manageable} {command line}
    ccstr HeapDumpPath                             = c:\Users\HP\AppData\Roaming\Code\User\workspaceStorage\a91d415e16fd75e6d935cf8b1a70f6d3\redhat.java         {manageable} {command line}
   size_t InitialHeapSize                          = 104857600                                 {product} {command line}
   size_t MaxHeapSize                              = 1073741824                                {product} {command line}
   size_t MaxNewSize                               = 357564416                                 {product} {ergonomic}
   size_t MinHeapDeltaBytes                        = 524288                                    {product} {ergonomic}
   size_t MinHeapSize                              = 104857600                                 {product} {command line}
   size_t NewSize                                  = 34603008                                  {product} {ergonomic}
    uintx NonNMethodCodeHeapSize                   = 5832780                                {pd product} {ergonomic}
    uintx NonProfiledCodeHeapSize                  = 122912730                              {pd product} {ergonomic}
   size_t OldSize                                  = 70254592                                  {product} {ergonomic}
    uintx ProfiledCodeHeapSize                     = 122912730                              {pd product} {ergonomic}
    uintx ReservedCodeCacheSize                    = 251658240                              {pd product} {ergonomic}
     bool SegmentedCodeCache                       = true                                      {product} {ergonomic}
   size_t SoftMaxHeapSize                          = 1073741824                             {manageable} {ergonomic}
     bool UseCompressedClassPointers               = true                           {product lp64_product} {ergonomic}
     bool UseCompressedOops                        = true                           {product lp64_product} {ergonomic}
     bool UseLargePagesIndividualAllocation        = false                                  {pd product} {ergonomic}
     bool UseParallelGC                            = true                                      {product} {command line}

Logging:
Log output configuration:
 #0: stdout all=off uptime,level,tags
 #1: stderr all=off uptime,level,tags

Environment Variables:
JAVA_HOME=C:\Program Files\Java\jdk-15.0.2
PATH=C:\Program Files\Python310\Scripts\;C:\Program Files\Python310\;C:\Program Files\Common Files\Oracle\Java\javapath;C:\Program Files (x86)\Common Files\Oracle\Java\javapath;C:\windows\system32;C:\windows;C:\windows\System32\Wbem;C:\windows\System32\WindowsPowerShell\v1.0\;C:\windows\System32\OpenSSH\;C:\MinGW\bin;C:\Program Files (x86)\Rational\common;C:\Program Files\Microsoft SQL Server\140\Tools\Binn\;C:\Program Files\Java\jdk-18.0.2;C:\Program Files\MySQL\MySQL Shell 8.0\bin\;C:\Users\HP\AppData\Local\Microsoft\WindowsApps;C:\Program Files\JetBrains\IntelliJ IDEA Community Edition 2022.2\bin;;C:\Program Files\CodeBlocks\MinGW\bin;C:\Users\HP\AppData\Local\Programs\Microsoft VS Code\bin;C:\Miktex\miktex\bin\x64\
USERNAME=HP
OS=Windows_NT
PROCESSOR_IDENTIFIER=Intel64 Family 6 Model 126 Stepping 5, GenuineIntel
TMP=C:\Users\HP\AppData\Local\Temp
TEMP=C:\Users\HP\AppData\Local\Temp



---------------  S Y S T E M  ---------------

OS:
 Windows 10 , 64 bit Build 19041 (10.0.19041.2364)
OS uptime: 1 days 8:41 hours

CPU: total 4 (initial active 4) (2 cores per cpu, 2 threads per core) family 6 model 126 stepping 5 microcode 0xa6, cx8, cmov, fxsr, ht, mmx, 3dnowpref, sse, sse2, sse3, ssse3, sse4.1, sse4.2, popcnt, lzcnt, tsc, tscinvbit, avx, avx2, aes, erms, clmul, bmi1, bmi2, adx, avx512f, avx512dq, avx512cd, avx512bw, avx512vl, sha, fma, vzeroupper, avx512_vpopcntdq, avx512_vpclmulqdq, avx512_vaes, avx512_vnni, clflush, clflushopt, avx512_vbmi2, avx512_vbmi

Memory: 4k page, system-wide physical 3877M (275M free)
TotalPageFile size 15653M (AvailPageFile size 3M)
current process WorkingSet (physical memory assigned to process): 142M, peak: 142M
current process commit charge ("private bytes"): 236M, peak: 237M

vm_info: OpenJDK 64-Bit Server VM (17.0.5+8) for windows-amd64 JRE (17.0.5+8), built on Oct 19 2022 04:48:13 by "temurin" with MS VC++ 16.7 (VS2019)

END.
