#
# There is insufficient memory for the Java Runtime Environment to continue.
# Native memory allocation (malloc) failed to allocate 1048576 bytes for AllocateHeap
# Possible reasons:
#   The system is out of physical RAM or swap space
#   The process is running with CompressedOops enabled, and the Java Heap may be blocking the growth of the native heap
# Possible solutions:
#   Reduce memory load on the system
#   Increase physical memory or swap space
#   Check if swap backing store is full
#   Decrease Java heap size (-Xmx/-Xms)
#   Decrease number of Java threads
#   Decrease Java thread stack sizes (-Xss)
#   Set larger code cache with -XX:ReservedCodeCacheSize=
#   JVM is running with Unscaled Compressed Oops mode in which the Java heap is
#     placed in the first 4GB address space. The Java Heap base address is the
#     maximum limit for the native heap growth. Please use -XX:HeapBaseMinAddress
#     to set the Java Heap base and to place the Java Heap above 4GB virtual address.
# This output file may be truncated or incomplete.
#
#  Out of Memory Error (allocation.cpp:44), pid=2496, tid=13776
#
# JRE version:  (17.0.4.1+1) (build )
# Java VM: OpenJDK 64-Bit Server VM (17.0.4.1+1, mixed mode, tiered, compressed oops, compressed class ptrs, parallel gc, windows-amd64)
# No core dump will be written. Minidumps are not enabled by default on client versions of Windows
#

---------------  S U M M A R Y ------------

Command Line: --add-modules=ALL-SYSTEM --add-opens=java.base/java.util=ALL-UNNAMED --add-opens=java.base/java.lang=ALL-UNNAMED --add-opens=java.base/sun.nio.fs=ALL-UNNAMED -Declipse.application=org.eclipse.jdt.ls.core.id1 -Dosgi.bundles.defaultStartLevel=4 -Declipse.product=org.eclipse.jdt.ls.core.product -Djava.import.generatesMetadataFilesAtProjectRoot=false -Dfile.encoding=utf8 -XX:+UseParallelGC -XX:GCTimeRatio=4 -XX:AdaptiveSizePolicyWeight=90 -Dsun.zip.disableMemoryMapping=true -Xmx1G -Xms100m -Xlog:disable -javaagent:c:\Users\HP\.vscode\extensions\redhat.java-1.12.0-win32-x64\lombok\lombok-1.18.24.jar -XX:+HeapDumpOnOutOfMemoryError -XX:HeapDumpPath=c:\Users\HP\AppData\Roaming\Code\User\workspaceStorage\6a9d43c7b2552b044dcb0163ab23bd72\redhat.java c:\Users\HP\.vscode\extensions\redhat.java-1.12.0-win32-x64\server\plugins\org.eclipse.equinox.launcher_1.6.400.v20210924-0641.jar -configuration c:\Users\HP\AppData\Roaming\Code\User\globalStorage\redhat.java\1.12.0\config_win -data c:\Users\HP\AppData\Roaming\Code\User\workspaceStorage\6a9d43c7b2552b044dcb0163ab23bd72\redhat.java\jdt_ws

Host: Intel(R) Core(TM) i3-1005G1 CPU @ 1.20GHz, 4 cores, 3G,  Windows 10 , 64 bit Build 19041 (10.0.19041.1889)
Time: Wed Nov  9 20:06:09 2022 India Standard Time elapsed time: 0.189126 seconds (0d 0h 0m 0s)

---------------  T H R E A D  ---------------

Current thread (0x0000023dc202c300):  JavaThread "Unknown thread" [_thread_in_vm, id=13776, stack(0x000000470aa00000,0x000000470ab00000)]

Stack: [0x000000470aa00000,0x000000470ab00000]
Native frames: (J=compiled Java code, j=interpreted, Vv=VM code, C=native code)
V  [jvm.dll+0x67731a]
V  [jvm.dll+0x832284]
V  [jvm.dll+0x833a2e]
V  [jvm.dll+0x834093]
V  [jvm.dll+0x245775]
V  [jvm.dll+0xa6393]
V  [jvm.dll+0x6a985a]
V  [jvm.dll+0x6aa51f]
V  [jvm.dll+0x683a83]
V  [jvm.dll+0x8044cb]
V  [jvm.dll+0x369974]
V  [jvm.dll+0x7e31bc]
V  [jvm.dll+0x3ec25f]
V  [jvm.dll+0x3edde1]
C  [jli.dll+0x5277]
C  [ucrtbase.dll+0x21bb2]
C  [KERNEL32.DLL+0x17034]
C  [ntdll.dll+0x52651]


---------------  P R O C E S S  ---------------

Threads class SMR info:
_java_thread_list=0x00007ffe4ff24e98, length=0, elements={
}

Java Threads: ( => current thread )

Other Threads:
  0x0000023dc2042160 GCTaskThread "GC Thread#0" [stack: 0x000000470ab00000,0x000000470ac00000] [id=1792]

=>0x0000023dc202c300 (exited) JavaThread "Unknown thread" [_thread_in_vm, id=13776, stack(0x000000470aa00000,0x000000470ab00000)]

Threads with active compile tasks:

VM state: not at safepoint (normal execution)

VM Mutex/Monitor currently owned by a thread: None

Heap address: 0x00000000c0000000, size: 1024 MB, Compressed Oops mode: 32-bit

CDS archive(s) not mapped
Compressed class space mapped at: 0x0000000100000000-0x0000000140000000, reserved size: 1073741824
Narrow klass base: 0x0000000000000000, Narrow klass shift: 3, Narrow klass range: 0x140000000

GC Precious Log:
 CPUs: 4 total, 4 available
 Memory: 3877M
 Large Page Support: Disabled
 NUMA Support: Disabled
 Compressed Oops: Enabled (32-bit)
 Alignments: Space 512K, Generation 512K, Heap 2M
 Heap Min Capacity: 100M
 Heap Initial Capacity: 100M
 Heap Max Capacity: 1G
 Pre-touch: Disabled
 Parallel Workers: 4

Heap:
 PSYoungGen      total 29696K, used 512K [0x00000000eab00000, 0x00000000ecc00000, 0x0000000100000000)
  eden space 25600K, 2% used [0x00000000eab00000,0x00000000eab80070,0x00000000ec400000)
  from space 4096K, 0% used [0x00000000ec800000,0x00000000ec800000,0x00000000ecc00000)
  to   space 4096K, 0% used [0x00000000ec400000,0x00000000ec400000,0x00000000ec800000)
 ParOldGen       total 68608K, used 0K [0x00000000c0000000, 0x00000000c4300000, 0x00000000eab00000)
  object space 68608K, 0% used [0x00000000c0000000,0x00000000c0000000,0x00000000c4300000)
 Metaspace       used 1149K, committed 1216K, reserved 1056768K
  class space    used 101K, committed 128K, reserved 1048576K

Card table byte_map: [0x0000023dc19e0000,0x0000023dc1bf0000] _byte_map_base: 0x0000023dc13e0000

Marking Bits: (ParMarkBitMap*) 0x00007ffe4ff92cc0
 Begin Bits: [0x0000023dd3cc0000, 0x0000023dd4cc0000)
 End Bits:   [0x0000023dd4cc0000, 0x0000023dd5cc0000)

Polling page: 0x0000023dbffe0000

Metaspace:

Usage:
  Non-class:      1.02 MB used.
      Class:    101.01 KB used.
       Both:      1.12 MB used.

Virtual space:
  Non-class space:        8.00 MB reserved,       1.06 MB ( 13%) committed,  1 nodes.
      Class space:        1.00 GB reserved,     128.00 KB ( <1%) committed,  1 nodes.
             Both:        1.01 GB reserved,       1.19 MB ( <1%) committed. 

Chunk freelists:
   Non-Class:  0 bytes
       Class:  3.75 MB
        Both:  3.75 MB

MaxMetaspaceSize: unlimited
CompressedClassSpaceSize: 1.00 GB
Initial GC threshold: 21.00 MB
Current GC threshold: 17179869184.00 GB
CDS: off
MetaspaceReclaimPolicy: balanced
 - commit_granule_bytes: 65536.
 - commit_granule_words: 8192.
 - virtual_space_node_default_size: 1048576.
 - enlarge_chunks_in_place: 1.
 - new_chunks_are_fully_committed: 0.
 - uncommit_free_chunks: 1.
 - use_allocation_guard: 0.
 - handle_deallocations: 1.


Internal statistics:

num_allocs_failed_limit: 0.
num_arena_births: 2.
num_arena_deaths: 0.
num_vsnodes_births: 2.
num_vsnodes_deaths: 0.
num_space_committed: 19.
num_space_uncommitted: 0.
num_chunks_returned_to_freelist: 0.
num_chunks_taken_from_freelist: 3.
num_chunk_merges: 0.
num_chunk_splits: 1.
num_chunks_enlarged: 0.
num_purges: 0.
num_inconsistent_stats: 0.

CodeHeap 'non-profiled nmethods': size=120000Kb used=0Kb max_used=0Kb free=120000Kb
 bounds [0x0000023dcc790000, 0x0000023dcca00000, 0x0000023dd3cc0000]
CodeHeap 'profiled nmethods': size=120000Kb used=0Kb max_used=0Kb free=120000Kb
 bounds [0x0000023dc5260000, 0x0000023dc54d0000, 0x0000023dcc790000]
CodeHeap 'non-nmethods': size=5760Kb used=209Kb max_used=342Kb free=5550Kb
 bounds [0x0000023dc4cc0000, 0x0000023dc4f30000, 0x0000023dc5260000]
 total_blobs=66 nmethods=0 adapters=47
 compilation: enabled
              stopped_count=0, restarted_count=0
 full_count=0

Compilation events (0 events):
No events

GC Heap History (0 events):
No events

Deoptimization events (0 events):
No events

Classes unloaded (0 events):
No events

Classes redefined (0 events):
No events

Internal exceptions (0 events):
No events

VM Operations (0 events):
No events

Events (20 events):
Event: 0.172 loading class java/lang/Long
Event: 0.172 loading class java/lang/Long done
Event: 0.172 loading class java/util/Iterator
Event: 0.172 loading class java/util/Iterator done
Event: 0.172 loading class java/lang/reflect/RecordComponent
Event: 0.172 loading class java/lang/reflect/RecordComponent done
Event: 0.172 loading class jdk/internal/vm/vector/VectorSupport
Event: 0.172 loading class jdk/internal/vm/vector/VectorSupport done
Event: 0.172 loading class jdk/internal/vm/vector/VectorSupport$VectorPayload
Event: 0.172 loading class jdk/internal/vm/vector/VectorSupport$VectorPayload done
Event: 0.172 loading class jdk/internal/vm/vector/VectorSupport$Vector
Event: 0.172 loading class jdk/internal/vm/vector/VectorSupport$Vector done
Event: 0.172 loading class jdk/internal/vm/vector/VectorSupport$VectorMask
Event: 0.172 loading class jdk/internal/vm/vector/VectorSupport$VectorMask done
Event: 0.172 loading class jdk/internal/vm/vector/VectorSupport$VectorShuffle
Event: 0.172 loading class jdk/internal/vm/vector/VectorSupport$VectorShuffle done
Event: 0.175 loading class java/lang/NullPointerException
Event: 0.175 loading class java/lang/NullPointerException done
Event: 0.175 loading class java/lang/ArithmeticException
Event: 0.175 loading class java/lang/ArithmeticException done


Dynamic libraries:
0x00007ff78f390000 - 0x00007ff78f39e000 	c:\Users\HP\.vscode\extensions\redhat.java-1.12.0-win32-x64\jre\17.0.4.1-win32-x86_64\bin\java.exe
0x00007ffeade90000 - 0x00007ffeae088000 	C:\windows\SYSTEM32\ntdll.dll
0x00007ffe70280000 - 0x00007ffe70297000 	C:\Program Files\Avast Software\Avast\aswhook.dll
0x00007ffeac590000 - 0x00007ffeac64d000 	C:\windows\System32\KERNEL32.DLL
0x00007ffeaba80000 - 0x00007ffeabd4e000 	C:\windows\System32\KERNELBASE.dll
0x00007ffeabdf0000 - 0x00007ffeabef0000 	C:\windows\System32\ucrtbase.dll
0x00007ffea23f0000 - 0x00007ffea2408000 	c:\Users\HP\.vscode\extensions\redhat.java-1.12.0-win32-x64\jre\17.0.4.1-win32-x86_64\bin\jli.dll
0x00007ffeac770000 - 0x00007ffeac910000 	C:\windows\System32\USER32.dll
0x00007ffeab810000 - 0x00007ffeab832000 	C:\windows\System32\win32u.dll
0x00007ffeacdc0000 - 0x00007ffeacdea000 	C:\windows\System32\GDI32.dll
0x00007ffeab6d0000 - 0x00007ffeab7db000 	C:\windows\System32\gdi32full.dll
0x00007ffeabd50000 - 0x00007ffeabded000 	C:\windows\System32\msvcp_win.dll
0x00007ffe835d0000 - 0x00007ffe8386a000 	C:\windows\WinSxS\amd64_microsoft.windows.common-controls_6595b64144ccf1df_6.0.19041.1110_none_60b5254171f9507e\COMCTL32.dll
0x00007ffead5a0000 - 0x00007ffead63e000 	C:\windows\System32\msvcrt.dll
0x00007ffea2b20000 - 0x00007ffea2b39000 	c:\Users\HP\.vscode\extensions\redhat.java-1.12.0-win32-x64\jre\17.0.4.1-win32-x86_64\bin\VCRUNTIME140.dll
0x00007ffeacd10000 - 0x00007ffeacd40000 	C:\windows\System32\IMM32.DLL
0x00007ffea5470000 - 0x00007ffea547c000 	c:\Users\HP\.vscode\extensions\redhat.java-1.12.0-win32-x64\jre\17.0.4.1-win32-x86_64\bin\vcruntime140_1.dll
0x00007ffe5f680000 - 0x00007ffe5f711000 	c:\Users\HP\.vscode\extensions\redhat.java-1.12.0-win32-x64\jre\17.0.4.1-win32-x86_64\bin\msvcp140.dll
0x00007ffe4f410000 - 0x00007ffe50056000 	c:\Users\HP\.vscode\extensions\redhat.java-1.12.0-win32-x64\jre\17.0.4.1-win32-x86_64\bin\server\jvm.dll
0x00007ffeac6c0000 - 0x00007ffeac76e000 	C:\windows\System32\ADVAPI32.dll
0x00007ffeaddb0000 - 0x00007ffeade4c000 	C:\windows\System32\sechost.dll
0x00007ffead340000 - 0x00007ffead465000 	C:\windows\System32\RPCRT4.dll
0x00007ffeabef0000 - 0x00007ffeabef8000 	C:\windows\System32\PSAPI.DLL
0x00007ffe90470000 - 0x00007ffe90479000 	C:\windows\SYSTEM32\WSOCK32.dll
0x00007ffead470000 - 0x00007ffead4db000 	C:\windows\System32\WS2_32.dll
0x00007ffe83ae0000 - 0x00007ffe83b07000 	C:\windows\SYSTEM32\WINMM.dll
0x00007ffe9da80000 - 0x00007ffe9da8a000 	C:\windows\SYSTEM32\VERSION.dll
0x00007ffea9e40000 - 0x00007ffea9e52000 	C:\windows\SYSTEM32\kernel.appcore.dll
0x00007ffea29e0000 - 0x00007ffea29ea000 	c:\Users\HP\.vscode\extensions\redhat.java-1.12.0-win32-x64\jre\17.0.4.1-win32-x86_64\bin\jimage.dll
0x00007ffea5880000 - 0x00007ffea5a64000 	C:\windows\SYSTEM32\DBGHELP.DLL
0x00007ffe933a0000 - 0x00007ffe933cc000 	C:\windows\SYSTEM32\dbgcore.DLL
0x00007ffeab890000 - 0x00007ffeab912000 	C:\windows\System32\bcryptPrimitives.dll
0x00007ffea1000000 - 0x00007ffea100e000 	c:\Users\HP\.vscode\extensions\redhat.java-1.12.0-win32-x64\jre\17.0.4.1-win32-x86_64\bin\instrument.dll
0x00007ffea0970000 - 0x00007ffea0995000 	c:\Users\HP\.vscode\extensions\redhat.java-1.12.0-win32-x64\jre\17.0.4.1-win32-x86_64\bin\java.dll
0x00007ffea0fe0000 - 0x00007ffea0ff8000 	c:\Users\HP\.vscode\extensions\redhat.java-1.12.0-win32-x64\jre\17.0.4.1-win32-x86_64\bin\zip.dll

dbghelp: loaded successfully - version: 4.0.5 - missing functions: none
symbol engine: initialized successfully - sym options: 0x614 - pdb path: .;c:\Users\HP\.vscode\extensions\redhat.java-1.12.0-win32-x64\jre\17.0.4.1-win32-x86_64\bin;C:\windows\SYSTEM32;C:\Program Files\Avast Software\Avast;C:\windows\WinSxS\amd64_microsoft.windows.common-controls_6595b64144ccf1df_6.0.19041.1110_none_60b5254171f9507e;c:\Users\HP\.vscode\extensions\redhat.java-1.12.0-win32-x64\jre\17.0.4.1-win32-x86_64\bin\server

VM Arguments:
jvm_args: --add-modules=ALL-SYSTEM --add-opens=java.base/java.util=ALL-UNNAMED --add-opens=java.base/java.lang=ALL-UNNAMED --add-opens=java.base/sun.nio.fs=ALL-UNNAMED -Declipse.application=org.eclipse.jdt.ls.core.id1 -Dosgi.bundles.defaultStartLevel=4 -Declipse.product=org.eclipse.jdt.ls.core.product -Djava.import.generatesMetadataFilesAtProjectRoot=false -Dfile.encoding=utf8 -XX:+UseParallelGC -XX:GCTimeRatio=4 -XX:AdaptiveSizePolicyWeight=90 -Dsun.zip.disableMemoryMapping=true -Xmx1G -Xms100m -Xlog:disable -javaagent:c:\Users\HP\.vscode\extensions\redhat.java-1.12.0-win32-x64\lombok\lombok-1.18.24.jar -XX:+HeapDumpOnOutOfMemoryError -XX:HeapDumpPath=c:\Users\HP\AppData\Roaming\Code\User\workspaceStorage\6a9d43c7b2552b044dcb0163ab23bd72\redhat.java 
java_command: c:\Users\HP\.vscode\extensions\redhat.java-1.12.0-win32-x64\server\plugins\org.eclipse.equinox.launcher_1.6.400.v20210924-0641.jar -configuration c:\Users\HP\AppData\Roaming\Code\User\globalStorage\redhat.java\1.12.0\config_win -data c:\Users\HP\AppData\Roaming\Code\User\workspaceStorage\6a9d43c7b2552b044dcb0163ab23bd72\redhat.java\jdt_ws
java_class_path (initial): c:\Users\HP\.vscode\extensions\redhat.java-1.12.0-win32-x64\server\plugins\org.eclipse.equinox.launcher_1.6.400.v20210924-0641.jar
Launcher Type: SUN_STANDARD

[Global flags]
    uintx AdaptiveSizePolicyWeight                 = 90                                        {product} {command line}
     intx CICompilerCount                          = 3                                         {product} {ergonomic}
    uintx GCTimeRatio                              = 4                                         {product} {command line}
     bool HeapDumpOnOutOfMemoryError               = true                                   {manageable} {command line}
    ccstr HeapDumpPath                             = c:\Users\HP\AppData\Roaming\Code\User\workspaceStorage\6a9d43c7b2552b044dcb0163ab23bd72\redhat.java         {manageable} {command line}
   size_t InitialHeapSize                          = 104857600                                 {product} {command line}
   size_t MaxHeapSize                              = 1073741824                                {product} {command line}
   size_t MaxNewSize                               = 357564416                                 {product} {ergonomic}
   size_t MinHeapDeltaBytes                        = 524288                                    {product} {ergonomic}
   size_t MinHeapSize                              = 104857600                                 {product} {command line}
   size_t NewSize                                  = 34603008                                  {product} {ergonomic}
    uintx NonNMethodCodeHeapSize                   = 5832780                                {pd product} {ergonomic}
    uintx NonProfiledCodeHeapSize                  = 122912730                              {pd product} {ergonomic}
   size_t OldSize                                  = 70254592                                  {product} {ergonomic}
    uintx ProfiledCodeHeapSize                     = 122912730                              {pd product} {ergonomic}
    uintx ReservedCodeCacheSize                    = 251658240                              {pd product} {ergonomic}
     bool SegmentedCodeCache                       = true                                      {product} {ergonomic}
   size_t SoftMaxHeapSize                          = 1073741824                             {manageable} {ergonomic}
     bool UseCompressedClassPointers               = true                           {product lp64_product} {ergonomic}
     bool UseCompressedOops                        = true                           {product lp64_product} {ergonomic}
     bool UseLargePagesIndividualAllocation        = false                                  {pd product} {ergonomic}
     bool UseParallelGC                            = true                                      {product} {command line}

Logging:
Log output configuration:
 #0: stdout all=off uptime,level,tags
 #1: stderr all=off uptime,level,tags

Environment Variables:
JAVA_HOME=C:\Program Files\Java\jdk-15.0.2
PATH=C:\Program Files\Python310\Scripts\;C:\Program Files\Python310\;C:\Program Files\Common Files\Oracle\Java\javapath;C:\Program Files (x86)\Common Files\Oracle\Java\javapath;C:\windows\system32;C:\windows;C:\windows\System32\Wbem;C:\windows\System32\WindowsPowerShell\v1.0\;C:\windows\System32\OpenSSH\;C:\MinGW\bin;C:\Program Files (x86)\Rational\common;C:\Program Files\Microsoft SQL Server\140\Tools\Binn\;C:\Program Files\Java\jdk-18.0.2;C:\Program Files\MySQL\MySQL Shell 8.0\bin\;C:\Users\HP\AppData\Local\Microsoft\WindowsApps;C:\Program Files\JetBrains\IntelliJ IDEA Community Edition 2022.2\bin;;C:\Program Files\CodeBlocks\MinGW\bin;C:\Users\HP\AppData\Local\Programs\Microsoft VS Code\bin;C:\Miktex\miktex\bin\x64\
USERNAME=HP
OS=Windows_NT
PROCESSOR_IDENTIFIER=Intel64 Family 6 Model 126 Stepping 5, GenuineIntel
TMP=C:\Users\HP\AppData\Local\Temp
TEMP=C:\Users\HP\AppData\Local\Temp



---------------  S Y S T E M  ---------------

OS:
 Windows 10 , 64 bit Build 19041 (10.0.19041.1889)
OS uptime: 4 days 16:34 hours

CPU: total 4 (initial active 4) (2 cores per cpu, 2 threads per core) family 6 model 126 stepping 5 microcode 0xa6, cx8, cmov, fxsr, ht, mmx, 3dnowpref, sse, sse2, sse3, ssse3, sse4.1, sse4.2, popcnt, lzcnt, tsc, tscinvbit, avx, avx2, aes, erms, clmul, bmi1, bmi2, adx, avx512f, avx512dq, avx512cd, avx512bw, avx512vl, sha, fma, vzeroupper, avx512_vpopcntdq, avx512_vpclmulqdq, avx512_vaes, avx512_vnni, clflush, clflushopt, avx512_vbmi2, avx512_vbmi

Memory: 4k page, system-wide physical 3877M (223M free)
TotalPageFile size 15653M (AvailPageFile size 2M)
current process WorkingSet (physical memory assigned to process): 15M, peak: 15M
current process commit charge ("private bytes"): 148M, peak: 149M

vm_info: OpenJDK 64-Bit Server VM (17.0.4.1+1) for windows-amd64 JRE (17.0.4.1+1), built on Aug 17 2022 07:42:43 by "temurin" with MS VC++ 16.7 (VS2019)

END.
