#
# There is insufficient memory for the Java Runtime Environment to continue.
# Native memory allocation (malloc) failed to allocate 588736 bytes for Chunk::new
# Possible reasons:
#   The system is out of physical RAM or swap space
#   The process is running with CompressedOops enabled, and the Java Heap may be blocking the growth of the native heap
# Possible solutions:
#   Reduce memory load on the system
#   Increase physical memory or swap space
#   Check if swap backing store is full
#   Decrease Java heap size (-Xmx/-Xms)
#   Decrease number of Java threads
#   Decrease Java thread stack sizes (-Xss)
#   Set larger code cache with -XX:ReservedCodeCacheSize=
#   JVM is running with Unscaled Compressed Oops mode in which the Java heap is
#     placed in the first 4GB address space. The Java Heap base address is the
#     maximum limit for the native heap growth. Please use -XX:HeapBaseMinAddress
#     to set the Java Heap base and to place the Java Heap above 4GB virtual address.
# This output file may be truncated or incomplete.
#
#  Out of Memory Error (arena.cpp:189), pid=6004, tid=8992
#
# JRE version: OpenJDK Runtime Environment Temurin-17.0.4.1+1 (17.0.4.1+1) (build 17.0.4.1+1)
# Java VM: OpenJDK 64-Bit Server VM Temurin-17.0.4.1+1 (17.0.4.1+1, mixed mode, tiered, compressed oops, compressed class ptrs, parallel gc, windows-amd64)
# No core dump will be written. Minidumps are not enabled by default on client versions of Windows
#

---------------  S U M M A R Y ------------

Command Line: --add-modules=ALL-SYSTEM --add-opens=java.base/java.util=ALL-UNNAMED --add-opens=java.base/java.lang=ALL-UNNAMED --add-opens=java.base/sun.nio.fs=ALL-UNNAMED -Declipse.application=org.eclipse.jdt.ls.core.id1 -Dosgi.bundles.defaultStartLevel=4 -Declipse.product=org.eclipse.jdt.ls.core.product -Djava.import.generatesMetadataFilesAtProjectRoot=false -Dfile.encoding=utf8 -XX:+UseParallelGC -XX:GCTimeRatio=4 -XX:AdaptiveSizePolicyWeight=90 -Dsun.zip.disableMemoryMapping=true -Xmx1G -Xms100m -Xlog:disable -javaagent:c:\Users\HP\.vscode\extensions\redhat.java-1.12.0-win32-x64\lombok\lombok-1.18.24.jar c:\Users\HP\.vscode\extensions\redhat.java-1.12.0-win32-x64\server\plugins\org.eclipse.equinox.launcher_1.6.400.v20210924-0641.jar -configuration c:\Users\HP\AppData\Roaming\Code\User\globalStorage\redhat.java\1.12.0\config_ss_win -data c:\Users\HP\AppData\Roaming\Code\User\workspaceStorage\6a9d43c7b2552b044dcb0163ab23bd72\redhat.java\ss_ws

Host: Intel(R) Core(TM) i3-1005G1 CPU @ 1.20GHz, 4 cores, 3G,  Windows 10 , 64 bit Build 19041 (10.0.19041.1889)
Time: Wed Nov  9 20:06:09 2022 India Standard Time elapsed time: 4.522477 seconds (0d 0h 0m 4s)

---------------  T H R E A D  ---------------

Current thread (0x0000029a656e9f50):  JavaThread "C2 CompilerThread0" daemon [_thread_in_native, id=8992, stack(0x000000c14d700000,0x000000c14d800000)]


Current CompileTask:
C2:   4522  749   !   4       java.util.jar.Attributes::read (498 bytes)

Stack: [0x000000c14d700000,0x000000c14d800000]
Native frames: (J=compiled Java code, j=interpreted, Vv=VM code, C=native code)
V  [jvm.dll+0x67731a]
V  [jvm.dll+0x832284]
V  [jvm.dll+0x833a2e]
V  [jvm.dll+0x834093]
V  [jvm.dll+0x245775]
V  [jvm.dll+0xabd7b]
V  [jvm.dll+0xac30c]
V  [jvm.dll+0x363a97]
V  [jvm.dll+0x32e011]
V  [jvm.dll+0x32d4ba]
V  [jvm.dll+0x218681]
V  [jvm.dll+0x217aa1]
V  [jvm.dll+0x1a3f8d]
V  [jvm.dll+0x227498]
V  [jvm.dll+0x2255e5]
V  [jvm.dll+0x7e7e9b]
V  [jvm.dll+0x7e240a]
V  [jvm.dll+0x6761a5]
C  [ucrtbase.dll+0x21bb2]
C  [KERNEL32.DLL+0x17034]
C  [ntdll.dll+0x52651]


---------------  P R O C E S S  ---------------

Threads class SMR info:
_java_thread_list=0x0000029a673ac0e0, length=12, elements={
0x0000029a51897140, 0x0000029a656b8750, 0x0000029a656b9a80, 0x0000029a656e2130,
0x0000029a656e2ce0, 0x0000029a656e3890, 0x0000029a656e7260, 0x0000029a656e9f50,
0x0000029a671072b0, 0x0000029a6712bf40, 0x0000029a519531c0, 0x0000029a67390d80
}

Java Threads: ( => current thread )
  0x0000029a51897140 JavaThread "main" [_thread_in_native, id=2216, stack(0x000000c14ce00000,0x000000c14cf00000)]
  0x0000029a656b8750 JavaThread "Reference Handler" daemon [_thread_blocked, id=19720, stack(0x000000c14d100000,0x000000c14d200000)]
  0x0000029a656b9a80 JavaThread "Finalizer" daemon [_thread_blocked, id=9720, stack(0x000000c14d200000,0x000000c14d300000)]
  0x0000029a656e2130 JavaThread "Signal Dispatcher" daemon [_thread_blocked, id=19348, stack(0x000000c14d300000,0x000000c14d400000)]
  0x0000029a656e2ce0 JavaThread "Attach Listener" daemon [_thread_blocked, id=12128, stack(0x000000c14d400000,0x000000c14d500000)]
  0x0000029a656e3890 JavaThread "Service Thread" daemon [_thread_blocked, id=20764, stack(0x000000c14d500000,0x000000c14d600000)]
  0x0000029a656e7260 JavaThread "Monitor Deflation Thread" daemon [_thread_blocked, id=16640, stack(0x000000c14d600000,0x000000c14d700000)]
=>0x0000029a656e9f50 JavaThread "C2 CompilerThread0" daemon [_thread_in_native, id=8992, stack(0x000000c14d700000,0x000000c14d800000)]
  0x0000029a671072b0 JavaThread "C1 CompilerThread0" daemon [_thread_blocked, id=15388, stack(0x000000c14d800000,0x000000c14d900000)]
  0x0000029a6712bf40 JavaThread "Sweeper thread" daemon [_thread_blocked, id=7964, stack(0x000000c14d900000,0x000000c14da00000)]
  0x0000029a519531c0 JavaThread "Common-Cleaner" daemon [_thread_blocked, id=15828, stack(0x000000c14da00000,0x000000c14db00000)]
  0x0000029a67390d80 JavaThread "Notification Thread" daemon [_thread_blocked, id=14760, stack(0x000000c14db00000,0x000000c14dc00000)]

Other Threads:
  0x0000029a6569f350 VMThread "VM Thread" [stack: 0x000000c14d000000,0x000000c14d100000] [id=13508]
  0x0000029a673aa9c0 WatcherThread [stack: 0x000000c14dc00000,0x000000c14dd00000] [id=17788]
  0x0000029a518ab9a0 GCTaskThread "GC Thread#0" [stack: 0x000000c14cf00000,0x000000c14d000000] [id=17720]

Threads with active compile tasks:
C2 CompilerThread0     4602  749   !   4       java.util.jar.Attributes::read (498 bytes)

VM state: not at safepoint (normal execution)

VM Mutex/Monitor currently owned by a thread: None

Heap address: 0x00000000c0000000, size: 1024 MB, Compressed Oops mode: 32-bit

CDS archive(s) not mapped
Compressed class space mapped at: 0x0000000100000000-0x0000000140000000, reserved size: 1073741824
Narrow klass base: 0x0000000000000000, Narrow klass shift: 3, Narrow klass range: 0x140000000

GC Precious Log:
 CPUs: 4 total, 4 available
 Memory: 3877M
 Large Page Support: Disabled
 NUMA Support: Disabled
 Compressed Oops: Enabled (32-bit)
 Alignments: Space 512K, Generation 512K, Heap 2M
 Heap Min Capacity: 100M
 Heap Initial Capacity: 100M
 Heap Max Capacity: 1G
 Pre-touch: Disabled
 Parallel Workers: 4

Heap:
 PSYoungGen      total 29696K, used 21296K [0x00000000eab00000, 0x00000000ecc00000, 0x0000000100000000)
  eden space 25600K, 83% used [0x00000000eab00000,0x00000000ebfcc1a0,0x00000000ec400000)
  from space 4096K, 0% used [0x00000000ec800000,0x00000000ec800000,0x00000000ecc00000)
  to   space 4096K, 0% used [0x00000000ec400000,0x00000000ec400000,0x00000000ec800000)
 ParOldGen       total 68608K, used 0K [0x00000000c0000000, 0x00000000c4300000, 0x00000000eab00000)
  object space 68608K, 0% used [0x00000000c0000000,0x00000000c0000000,0x00000000c4300000)
 Metaspace       used 9687K, committed 9920K, reserved 1064960K
  class space    used 967K, committed 1088K, reserved 1048576K

Card table byte_map: [0x0000029a51270000,0x0000029a51480000] _byte_map_base: 0x0000029a50c70000

Marking Bits: (ParMarkBitMap*) 0x00007ffe4ff92cc0
 Begin Bits: [0x0000029a63530000, 0x0000029a64530000)
 End Bits:   [0x0000029a64530000, 0x0000029a65530000)

Polling page: 0x0000029a4f8b0000

Metaspace:

Usage:
  Non-class:      8.52 MB used.
      Class:    967.38 KB used.
       Both:      9.46 MB used.

Virtual space:
  Non-class space:       16.00 MB reserved,       8.62 MB ( 54%) committed,  2 nodes.
      Class space:        1.00 GB reserved,       1.06 MB ( <1%) committed,  1 nodes.
             Both:        1.02 GB reserved,       9.69 MB ( <1%) committed. 

Chunk freelists:
   Non-Class:  2.59 MB
       Class:  2.99 MB
        Both:  5.59 MB

MaxMetaspaceSize: unlimited
CompressedClassSpaceSize: 1.00 GB
Initial GC threshold: 21.00 MB
Current GC threshold: 21.00 MB
CDS: off
MetaspaceReclaimPolicy: balanced
 - commit_granule_bytes: 65536.
 - commit_granule_words: 8192.
 - virtual_space_node_default_size: 1048576.
 - enlarge_chunks_in_place: 1.
 - new_chunks_are_fully_committed: 0.
 - uncommit_free_chunks: 1.
 - use_allocation_guard: 0.
 - handle_deallocations: 1.


Internal statistics:

num_allocs_failed_limit: 0.
num_arena_births: 16.
num_arena_deaths: 0.
num_vsnodes_births: 3.
num_vsnodes_deaths: 0.
num_space_committed: 155.
num_space_uncommitted: 0.
num_chunks_returned_to_freelist: 0.
num_chunks_taken_from_freelist: 68.
num_chunk_merges: 0.
num_chunk_splits: 41.
num_chunks_enlarged: 36.
num_purges: 0.
num_inconsistent_stats: 0.

CodeHeap 'non-profiled nmethods': size=120000Kb used=269Kb max_used=269Kb free=119730Kb
 bounds [0x0000029a5c000000, 0x0000029a5c270000, 0x0000029a63530000]
CodeHeap 'profiled nmethods': size=120000Kb used=1320Kb max_used=1320Kb free=118679Kb
 bounds [0x0000029a54ad0000, 0x0000029a54d40000, 0x0000029a5c000000]
CodeHeap 'non-nmethods': size=5760Kb used=1143Kb max_used=1155Kb free=4616Kb
 bounds [0x0000029a54530000, 0x0000029a547a0000, 0x0000029a54ad0000]
 total_blobs=1214 nmethods=793 adapters=336
 compilation: enabled
              stopped_count=0, restarted_count=0
 full_count=0

Compilation events (20 events):
Event: 4.470 Thread 0x0000029a671072b0  754       3       java.util.LinkedHashMap$LinkedHashIterator::<init> (31 bytes)
Event: 4.470 Thread 0x0000029a671072b0 nmethod 754 0x0000029a54c03910 code [0x0000029a54c03aa0, 0x0000029a54c03c58]
Event: 4.470 Thread 0x0000029a671072b0  755       3       java.util.jar.Attributes::entrySet (10 bytes)
Event: 4.470 Thread 0x0000029a671072b0 nmethod 755 0x0000029a54c03d10 code [0x0000029a54c03ec0, 0x0000029a54c04088]
Event: 4.470 Thread 0x0000029a671072b0  756       3       java.util.LinkedHashMap::entrySet (27 bytes)
Event: 4.470 Thread 0x0000029a671072b0 nmethod 756 0x0000029a54c04190 code [0x0000029a54c04360, 0x0000029a54c046d8]
Event: 4.470 Thread 0x0000029a671072b0  757       3       java.util.LinkedHashMap$LinkedEntrySet::iterator (12 bytes)
Event: 4.471 Thread 0x0000029a671072b0 nmethod 757 0x0000029a54c04810 code [0x0000029a54c049c0, 0x0000029a54c04c98]
Event: 4.471 Thread 0x0000029a671072b0  758       3       java.util.LinkedHashMap$LinkedEntryIterator::<init> (11 bytes)
Event: 4.471 Thread 0x0000029a671072b0 nmethod 758 0x0000029a54c04e10 code [0x0000029a54c04fc0, 0x0000029a54c051f8]
Event: 4.471 Thread 0x0000029a671072b0  759       3       java.util.HashMap::putMapEntries (167 bytes)
Event: 4.472 Thread 0x0000029a671072b0 nmethod 759 0x0000029a54c05310 code [0x0000029a54c055e0, 0x0000029a54c063c8]
Event: 4.472 Thread 0x0000029a671072b0  760       3       java.util.LinkedHashMap::<init> (16 bytes)
Event: 4.472 Thread 0x0000029a671072b0 nmethod 760 0x0000029a54c06790 code [0x0000029a54c06940, 0x0000029a54c06ba8]
Event: 4.472 Thread 0x0000029a671072b0  761       3       java.util.jar.Attributes::clone (9 bytes)
Event: 4.472 Thread 0x0000029a671072b0 nmethod 761 0x0000029a54c06d10 code [0x0000029a54c06ee0, 0x0000029a54c07368]
Event: 4.472 Thread 0x0000029a671072b0  762       3       java.util.jar.Attributes::<init> (17 bytes)
Event: 4.472 Thread 0x0000029a656e9f50 nmethod 747 0x0000029a5c041710 code [0x0000029a5c0418c0, 0x0000029a5c041f58]
Event: 4.473 Thread 0x0000029a656e9f50  749   !   4       java.util.jar.Attributes::read (498 bytes)
Event: 4.473 Thread 0x0000029a671072b0 nmethod 762 0x0000029a54c07590 code [0x0000029a54c07760, 0x0000029a54c07b28]

GC Heap History (0 events):
No events

Deoptimization events (20 events):
Event: 4.269 Thread 0x0000029a51897140 DEOPT UNPACKING pc=0x0000029a54586463 sp=0x000000c14cefd7e8 mode 0
Event: 4.516 Thread 0x0000029a51897140 DEOPT PACKING pc=0x0000029a54bc1200 sp=0x000000c14cefd920
Event: 4.516 Thread 0x0000029a51897140 DEOPT UNPACKING pc=0x0000029a54586463 sp=0x000000c14cefcd90 mode 0
Event: 4.516 Thread 0x0000029a51897140 DEOPT PACKING pc=0x0000029a54bc1200 sp=0x000000c14cefd920
Event: 4.516 Thread 0x0000029a51897140 DEOPT UNPACKING pc=0x0000029a54586463 sp=0x000000c14cefcd90 mode 0
Event: 4.517 Thread 0x0000029a51897140 DEOPT PACKING pc=0x0000029a54bc1200 sp=0x000000c14cefd920
Event: 4.517 Thread 0x0000029a51897140 DEOPT UNPACKING pc=0x0000029a54586463 sp=0x000000c14cefcd90 mode 0
Event: 4.517 Thread 0x0000029a51897140 DEOPT PACKING pc=0x0000029a54bc1200 sp=0x000000c14cefd920
Event: 4.517 Thread 0x0000029a51897140 DEOPT UNPACKING pc=0x0000029a54586463 sp=0x000000c14cefcd90 mode 0
Event: 4.517 Thread 0x0000029a51897140 DEOPT PACKING pc=0x0000029a54bc1200 sp=0x000000c14cefd920
Event: 4.517 Thread 0x0000029a51897140 DEOPT UNPACKING pc=0x0000029a54586463 sp=0x000000c14cefcd90 mode 0
Event: 4.517 Thread 0x0000029a51897140 DEOPT PACKING pc=0x0000029a54bc1200 sp=0x000000c14cefd920
Event: 4.517 Thread 0x0000029a51897140 DEOPT UNPACKING pc=0x0000029a54586463 sp=0x000000c14cefcd90 mode 0
Event: 4.517 Thread 0x0000029a51897140 DEOPT PACKING pc=0x0000029a54bc1200 sp=0x000000c14cefd920
Event: 4.517 Thread 0x0000029a51897140 DEOPT UNPACKING pc=0x0000029a54586463 sp=0x000000c14cefcd90 mode 0
Event: 4.517 Thread 0x0000029a51897140 DEOPT PACKING pc=0x0000029a54bc1200 sp=0x000000c14cefd920
Event: 4.517 Thread 0x0000029a51897140 DEOPT UNPACKING pc=0x0000029a54586463 sp=0x000000c14cefcd90 mode 0
Event: 4.518 Thread 0x0000029a51897140 DEOPT PACKING pc=0x0000029a54bc1200 sp=0x000000c14cefd920
Event: 4.518 Thread 0x0000029a51897140 DEOPT UNPACKING pc=0x0000029a54586463 sp=0x000000c14cefcd90 mode 0
Event: 4.518 Thread 0x0000029a51897140 DEOPT PACKING pc=0x0000029a54bc1200 sp=0x000000c14cefd920

Classes unloaded (0 events):
No events

Classes redefined (0 events):
No events

Internal exceptions (8 events):
Event: 2.155 Thread 0x0000029a51897140 Exception <a 'java/lang/NoSuchMethodError'{0x00000000eacb21a8}: 'void java.lang.invoke.DirectMethodHandle$Holder.invokeStatic(java.lang.Object, java.lang.Object, java.lang.Object)'> (0x00000000eacb21a8) 
thrown [s\src\hotspot\share\interpreter\linkResolver.cpp, line 759]
Event: 3.117 Thread 0x0000029a51897140 Exception <a 'java/lang/reflect/InvocationTargetException'{0x00000000eaf77fd8}> (0x00000000eaf77fd8) 
thrown [s\src\hotspot\share\runtime\reflection.cpp, line 1121]
Event: 3.979 Thread 0x0000029a51897140 Exception <a 'java/lang/ClassNotFoundException'{0x00000000eb71e068}: sun/net/www/protocol/c/Handler> (0x00000000eb71e068) 
thrown [s\src\hotspot\share\classfile\systemDictionary.cpp, line 256]
Event: 4.001 Thread 0x0000029a51897140 Exception <a 'java/io/FileNotFoundException'{0x00000000eb731960}> (0x00000000eb731960) 
thrown [s\src\hotspot\share\prims\jni.cpp, line 516]
Event: 4.003 Thread 0x0000029a51897140 Exception <a 'java/io/FileNotFoundException'{0x00000000eb732630}> (0x00000000eb732630) 
thrown [s\src\hotspot\share\prims\jni.cpp, line 516]
Event: 4.006 Thread 0x0000029a51897140 Exception <a 'java/io/FileNotFoundException'{0x00000000eb7332e0}> (0x00000000eb7332e0) 
thrown [s\src\hotspot\share\prims\jni.cpp, line 516]
Event: 4.008 Thread 0x0000029a51897140 Exception <a 'java/io/FileNotFoundException'{0x00000000eb733f88}> (0x00000000eb733f88) 
thrown [s\src\hotspot\share\prims\jni.cpp, line 516]
Event: 4.029 Thread 0x0000029a51897140 Exception <a 'java/io/FileNotFoundException'{0x00000000eb772730}> (0x00000000eb772730) 
thrown [s\src\hotspot\share\prims\jni.cpp, line 516]

VM Operations (10 events):
Event: 2.163 Executing VM operation: HandshakeAllThreads
Event: 2.164 Executing VM operation: HandshakeAllThreads done
Event: 2.517 Executing VM operation: HandshakeAllThreads
Event: 2.517 Executing VM operation: HandshakeAllThreads done
Event: 3.527 Executing VM operation: Cleanup
Event: 3.527 Executing VM operation: Cleanup done
Event: 3.916 Executing VM operation: HandshakeAllThreads
Event: 3.916 Executing VM operation: HandshakeAllThreads done
Event: 3.972 Executing VM operation: HandshakeAllThreads
Event: 3.972 Executing VM operation: HandshakeAllThreads done

Events (20 events):
Event: 4.349 loading class java/lang/reflect/ProxyGenerator
Event: 4.349 loading class java/lang/reflect/ProxyGenerator done
Event: 4.349 loading class java/lang/reflect/ProxyGenerator$ProxyMethod
Event: 4.350 loading class java/lang/reflect/ProxyGenerator$ProxyMethod done
Event: 4.352 loading class java/lang/reflect/ProxyGenerator$PrimitiveTypeInfo
Event: 4.352 loading class java/lang/reflect/ProxyGenerator$PrimitiveTypeInfo done
Event: 4.353 loading class jdk/internal/org/objectweb/asm/Edge
Event: 4.353 loading class jdk/internal/org/objectweb/asm/Edge done
Event: 4.364 loading class java/lang/reflect/Proxy$ProxyBuilder$1
Event: 4.364 loading class java/lang/reflect/Proxy$ProxyBuilder$1 done
Event: 4.365 loading class java/lang/annotation/Target
Event: 4.365 loading class java/lang/annotation/Target done
Event: 4.369 loading class java/lang/ClassFormatError
Event: 4.370 loading class java/lang/ClassFormatError done
Event: 4.411 loading class jdk/internal/misc/ScopedMemoryAccess$Scope
Event: 4.412 loading class jdk/internal/misc/ScopedMemoryAccess$Scope done
Event: 4.414 loading class java/util/NoSuchElementException
Event: 4.414 loading class java/util/NoSuchElementException done
Event: 4.456 loading class java/net/URLClassLoader$2
Event: 4.456 loading class java/net/URLClassLoader$2 done


Dynamic libraries:
0x00007ff78f390000 - 0x00007ff78f39e000 	c:\Users\HP\.vscode\extensions\redhat.java-1.12.0-win32-x64\jre\17.0.4.1-win32-x86_64\bin\java.exe
0x00007ffeade90000 - 0x00007ffeae088000 	C:\windows\SYSTEM32\ntdll.dll
0x00007ffe70280000 - 0x00007ffe70297000 	C:\Program Files\Avast Software\Avast\aswhook.dll
0x00007ffeac590000 - 0x00007ffeac64d000 	C:\windows\System32\KERNEL32.DLL
0x00007ffeaba80000 - 0x00007ffeabd4e000 	C:\windows\System32\KERNELBASE.dll
0x00007ffeabdf0000 - 0x00007ffeabef0000 	C:\windows\System32\ucrtbase.dll
0x00007ffea2b20000 - 0x00007ffea2b39000 	c:\Users\HP\.vscode\extensions\redhat.java-1.12.0-win32-x64\jre\17.0.4.1-win32-x86_64\bin\VCRUNTIME140.dll
0x00007ffea23f0000 - 0x00007ffea2408000 	c:\Users\HP\.vscode\extensions\redhat.java-1.12.0-win32-x64\jre\17.0.4.1-win32-x86_64\bin\jli.dll
0x00007ffeac770000 - 0x00007ffeac910000 	C:\windows\System32\USER32.dll
0x00007ffeab810000 - 0x00007ffeab832000 	C:\windows\System32\win32u.dll
0x00007ffeacdc0000 - 0x00007ffeacdea000 	C:\windows\System32\GDI32.dll
0x00007ffeab6d0000 - 0x00007ffeab7db000 	C:\windows\System32\gdi32full.dll
0x00007ffeabd50000 - 0x00007ffeabded000 	C:\windows\System32\msvcp_win.dll
0x00007ffe835d0000 - 0x00007ffe8386a000 	C:\windows\WinSxS\amd64_microsoft.windows.common-controls_6595b64144ccf1df_6.0.19041.1110_none_60b5254171f9507e\COMCTL32.dll
0x00007ffead5a0000 - 0x00007ffead63e000 	C:\windows\System32\msvcrt.dll
0x00007ffeacd10000 - 0x00007ffeacd40000 	C:\windows\System32\IMM32.DLL
0x00007ffea5470000 - 0x00007ffea547c000 	c:\Users\HP\.vscode\extensions\redhat.java-1.12.0-win32-x64\jre\17.0.4.1-win32-x86_64\bin\vcruntime140_1.dll
0x00007ffe5f680000 - 0x00007ffe5f711000 	c:\Users\HP\.vscode\extensions\redhat.java-1.12.0-win32-x64\jre\17.0.4.1-win32-x86_64\bin\msvcp140.dll
0x00007ffe4f410000 - 0x00007ffe50056000 	c:\Users\HP\.vscode\extensions\redhat.java-1.12.0-win32-x64\jre\17.0.4.1-win32-x86_64\bin\server\jvm.dll
0x00007ffeac6c0000 - 0x00007ffeac76e000 	C:\windows\System32\ADVAPI32.dll
0x00007ffeaddb0000 - 0x00007ffeade4c000 	C:\windows\System32\sechost.dll
0x00007ffead340000 - 0x00007ffead465000 	C:\windows\System32\RPCRT4.dll
0x00007ffeabef0000 - 0x00007ffeabef8000 	C:\windows\System32\PSAPI.DLL
0x00007ffe90470000 - 0x00007ffe90479000 	C:\windows\SYSTEM32\WSOCK32.dll
0x00007ffe83ae0000 - 0x00007ffe83b07000 	C:\windows\SYSTEM32\WINMM.dll
0x00007ffe9da80000 - 0x00007ffe9da8a000 	C:\windows\SYSTEM32\VERSION.dll
0x00007ffead470000 - 0x00007ffead4db000 	C:\windows\System32\WS2_32.dll
0x00007ffea9e40000 - 0x00007ffea9e52000 	C:\windows\SYSTEM32\kernel.appcore.dll
0x00007ffea29e0000 - 0x00007ffea29ea000 	c:\Users\HP\.vscode\extensions\redhat.java-1.12.0-win32-x64\jre\17.0.4.1-win32-x86_64\bin\jimage.dll
0x00007ffea5880000 - 0x00007ffea5a64000 	C:\windows\SYSTEM32\DBGHELP.DLL
0x00007ffe933a0000 - 0x00007ffe933cc000 	C:\windows\SYSTEM32\dbgcore.DLL
0x00007ffeab890000 - 0x00007ffeab912000 	C:\windows\System32\bcryptPrimitives.dll
0x00007ffea1000000 - 0x00007ffea100e000 	c:\Users\HP\.vscode\extensions\redhat.java-1.12.0-win32-x64\jre\17.0.4.1-win32-x86_64\bin\instrument.dll
0x00007ffea0970000 - 0x00007ffea0995000 	c:\Users\HP\.vscode\extensions\redhat.java-1.12.0-win32-x64\jre\17.0.4.1-win32-x86_64\bin\java.dll
0x00007ffea0fe0000 - 0x00007ffea0ff8000 	c:\Users\HP\.vscode\extensions\redhat.java-1.12.0-win32-x64\jre\17.0.4.1-win32-x86_64\bin\zip.dll
0x00007ffead660000 - 0x00007ffeadda4000 	C:\windows\System32\SHELL32.dll
0x00007ffea9690000 - 0x00007ffea9e24000 	C:\windows\SYSTEM32\windows.storage.dll
0x00007ffeacdf0000 - 0x00007ffead144000 	C:\windows\System32\combase.dll
0x00007ffeaaf40000 - 0x00007ffeaaf70000 	C:\windows\SYSTEM32\Wldp.dll
0x00007ffeacc60000 - 0x00007ffeacd0d000 	C:\windows\System32\SHCORE.dll
0x00007ffeacc00000 - 0x00007ffeacc55000 	C:\windows\System32\shlwapi.dll
0x00007ffeab4f0000 - 0x00007ffeab50f000 	C:\windows\SYSTEM32\profapi.dll
0x00007ffea0810000 - 0x00007ffea0829000 	C:\Users\HP\.vscode\extensions\redhat.java-1.12.0-win32-x64\jre\17.0.4.1-win32-x86_64\bin\net.dll
0x00007ffe96480000 - 0x00007ffe9658a000 	C:\windows\SYSTEM32\WINHTTP.dll
0x00007ffeaaca0000 - 0x00007ffeaad0a000 	C:\windows\system32\mswsock.dll
0x00007ffe8bc80000 - 0x00007ffe8bc95000 	C:\Users\HP\.vscode\extensions\redhat.java-1.12.0-win32-x64\jre\17.0.4.1-win32-x86_64\bin\nio.dll
0x00007ffea0ee0000 - 0x00007ffea0ef0000 	c:\Users\HP\.vscode\extensions\redhat.java-1.12.0-win32-x64\jre\17.0.4.1-win32-x86_64\bin\verify.dll

dbghelp: loaded successfully - version: 4.0.5 - missing functions: none
symbol engine: initialized successfully - sym options: 0x614 - pdb path: .;c:\Users\HP\.vscode\extensions\redhat.java-1.12.0-win32-x64\jre\17.0.4.1-win32-x86_64\bin;C:\windows\SYSTEM32;C:\Program Files\Avast Software\Avast;C:\windows\WinSxS\amd64_microsoft.windows.common-controls_6595b64144ccf1df_6.0.19041.1110_none_60b5254171f9507e;c:\Users\HP\.vscode\extensions\redhat.java-1.12.0-win32-x64\jre\17.0.4.1-win32-x86_64\bin\server

VM Arguments:
jvm_args: --add-modules=ALL-SYSTEM --add-opens=java.base/java.util=ALL-UNNAMED --add-opens=java.base/java.lang=ALL-UNNAMED --add-opens=java.base/sun.nio.fs=ALL-UNNAMED -Declipse.application=org.eclipse.jdt.ls.core.id1 -Dosgi.bundles.defaultStartLevel=4 -Declipse.product=org.eclipse.jdt.ls.core.product -Djava.import.generatesMetadataFilesAtProjectRoot=false -Dfile.encoding=utf8 -XX:+UseParallelGC -XX:GCTimeRatio=4 -XX:AdaptiveSizePolicyWeight=90 -Dsun.zip.disableMemoryMapping=true -Xmx1G -Xms100m -Xlog:disable -javaagent:c:\Users\HP\.vscode\extensions\redhat.java-1.12.0-win32-x64\lombok\lombok-1.18.24.jar 
java_command: c:\Users\HP\.vscode\extensions\redhat.java-1.12.0-win32-x64\server\plugins\org.eclipse.equinox.launcher_1.6.400.v20210924-0641.jar -configuration c:\Users\HP\AppData\Roaming\Code\User\globalStorage\redhat.java\1.12.0\config_ss_win -data c:\Users\HP\AppData\Roaming\Code\User\workspaceStorage\6a9d43c7b2552b044dcb0163ab23bd72\redhat.java\ss_ws
java_class_path (initial): c:\Users\HP\.vscode\extensions\redhat.java-1.12.0-win32-x64\server\plugins\org.eclipse.equinox.launcher_1.6.400.v20210924-0641.jar
Launcher Type: SUN_STANDARD

[Global flags]
    uintx AdaptiveSizePolicyWeight                 = 90                                        {product} {command line}
     intx CICompilerCount                          = 3                                         {product} {ergonomic}
    uintx GCTimeRatio                              = 4                                         {product} {command line}
   size_t InitialHeapSize                          = 104857600                                 {product} {command line}
   size_t MaxHeapSize                              = 1073741824                                {product} {command line}
   size_t MaxNewSize                               = 357564416                                 {product} {ergonomic}
   size_t MinHeapDeltaBytes                        = 524288                                    {product} {ergonomic}
   size_t MinHeapSize                              = 104857600                                 {product} {command line}
   size_t NewSize                                  = 34603008                                  {product} {ergonomic}
    uintx NonNMethodCodeHeapSize                   = 5832780                                {pd product} {ergonomic}
    uintx NonProfiledCodeHeapSize                  = 122912730                              {pd product} {ergonomic}
   size_t OldSize                                  = 70254592                                  {product} {ergonomic}
    uintx ProfiledCodeHeapSize                     = 122912730                              {pd product} {ergonomic}
    uintx ReservedCodeCacheSize                    = 251658240                              {pd product} {ergonomic}
     bool SegmentedCodeCache                       = true                                      {product} {ergonomic}
   size_t SoftMaxHeapSize                          = 1073741824                             {manageable} {ergonomic}
     bool UseCompressedClassPointers               = true                           {product lp64_product} {ergonomic}
     bool UseCompressedOops                        = true                           {product lp64_product} {ergonomic}
     bool UseLargePagesIndividualAllocation        = false                                  {pd product} {ergonomic}
     bool UseParallelGC                            = true                                      {product} {command line}

Logging:
Log output configuration:
 #0: stdout all=off uptime,level,tags
 #1: stderr all=off uptime,level,tags

Environment Variables:
JAVA_HOME=C:\Program Files\Java\jdk-15.0.2
PATH=C:\Program Files\Python310\Scripts\;C:\Program Files\Python310\;C:\Program Files\Common Files\Oracle\Java\javapath;C:\Program Files (x86)\Common Files\Oracle\Java\javapath;C:\windows\system32;C:\windows;C:\windows\System32\Wbem;C:\windows\System32\WindowsPowerShell\v1.0\;C:\windows\System32\OpenSSH\;C:\MinGW\bin;C:\Program Files (x86)\Rational\common;C:\Program Files\Microsoft SQL Server\140\Tools\Binn\;C:\Program Files\Java\jdk-18.0.2;C:\Program Files\MySQL\MySQL Shell 8.0\bin\;C:\Users\HP\AppData\Local\Microsoft\WindowsApps;C:\Program Files\JetBrains\IntelliJ IDEA Community Edition 2022.2\bin;;C:\Program Files\CodeBlocks\MinGW\bin;C:\Users\HP\AppData\Local\Programs\Microsoft VS Code\bin;C:\Miktex\miktex\bin\x64\
USERNAME=HP
OS=Windows_NT
PROCESSOR_IDENTIFIER=Intel64 Family 6 Model 126 Stepping 5, GenuineIntel
TMP=C:\Users\HP\AppData\Local\Temp
TEMP=C:\Users\HP\AppData\Local\Temp



---------------  S Y S T E M  ---------------

OS:
 Windows 10 , 64 bit Build 19041 (10.0.19041.1889)
OS uptime: 4 days 16:34 hours

CPU: total 4 (initial active 4) (2 cores per cpu, 2 threads per core) family 6 model 126 stepping 5 microcode 0xa6, cx8, cmov, fxsr, ht, mmx, 3dnowpref, sse, sse2, sse3, ssse3, sse4.1, sse4.2, popcnt, lzcnt, tsc, tscinvbit, avx, avx2, aes, erms, clmul, bmi1, bmi2, adx, avx512f, avx512dq, avx512cd, avx512bw, avx512vl, sha, fma, vzeroupper, avx512_vpopcntdq, avx512_vpclmulqdq, avx512_vaes, avx512_vnni, clflush, clflushopt, avx512_vbmi2, avx512_vbmi

Memory: 4k page, system-wide physical 3877M (225M free)
TotalPageFile size 15653M (AvailPageFile size 150M)
current process WorkingSet (physical memory assigned to process): 64M, peak: 64M
current process commit charge ("private bytes"): 183M, peak: 183M

vm_info: OpenJDK 64-Bit Server VM (17.0.4.1+1) for windows-amd64 JRE (17.0.4.1+1), built on Aug 17 2022 07:42:43 by "temurin" with MS VC++ 16.7 (VS2019)

END.
